This file contains any messages produced by compilers while
running configure, to aid debugging if configure makes a mistake.

configure:565: checking for uname
configure:608: checking for cc
configure:641: checking for gcc
configure:754: checking whether the C compiler (cc  ) works
configure:770: cc -o conftest    conftest.c  1>&5
configure:796: checking whether the C compiler (cc  ) is a cross-compiler
configure:801: checking whether we are using GNU C
configure:810: cc -E conftest.c
configure:829: checking whether cc accepts -g
configure:866: checking for f77
configure:925: checking for ranlib
configure:954: checking how to run the C preprocessor
configure:975: cc -E  conftest.c >/dev/null 2>conftest.out
configure:1037: checking for stdlib.h
configure:1047: cc -E  conftest.c >/dev/null 2>conftest.out
configure:1037: checking for string.h
configure:1047: cc -E  conftest.c >/dev/null 2>conftest.out
configure:1037: checking for math.h
configure:1047: cc -E  conftest.c >/dev/null 2>conftest.out
configure:1037: checking for limits.h
configure:1047: cc -E  conftest.c >/dev/null 2>conftest.out
configure:1082: cc -c -g -O2  conftest.c 1>&5
configure:1261: checking whether ftruncate works
configure:1273: cc -o conftest -O -O2 -Dg77Fortran -fPIC   conftest.c  1>&5
configure:1295: checking whether long long is defined
configure:1307: cc -c -O -O2 -Dg77Fortran -fPIC  conftest.c 1>&5
configure:1337: checking whether system V style IPC services are supported
configure:1354: cc -o conftest -O -O2 -Dg77Fortran -fPIC   conftest.c  1>&5
configure:1379: checking do we have flock_t defined
configure:1391: cc -c -O -O2 -Dg77Fortran -fPIC  conftest.c 1>&5
configure: In function `main':
configure:1386: error: `flock_t' undeclared (first use in this function)
configure:1386: error: (Each undeclared identifier is reported only once
configure:1386: error: for each function it appears in.)
configure:1386: error: syntax error before "filler"
configure: failed program was:
#line 1381 "configure"
#include "confdefs.h"
#include <sys/fcntl.h>

int main() {

flock_t filler;

; return 0; }
configure:1415: checking do we have union semun defined
configure:1429: cc -c -O -O2 -Dg77Fortran -fPIC  conftest.c 1>&5
configure: In function `main':
configure:1424: error: storage size of `filler' isn't known
configure: failed program was:
#line 1417 "configure"
#include "confdefs.h"
#include <sys/ipc.h>
#include <sys/shm.h>
#include <sys/sem.h>

int main() {

union semun filler;

; return 0; }
configure:1468: checking for connect
configure:1496: cc -o conftest -O -O2 -Dg77Fortran -fPIC   conftest.c  1>&5
configure:1609: checking for gethostbyname
configure:1637: cc -o conftest -O -O2 -Dg77Fortran -fPIC   conftest.c  1>&5
