This file contains any messages produced by compilers while
running configure, to aid debugging if configure makes a mistake.

It was created by pyLibapogee configure 0.0.1, which was
generated by GNU Autoconf 2.61.  Invocation command line was

  $ ../configure CPPFLAGS=-I/opt/apogee/include/libapogee-2.1/apogee

## --------- ##
## Platform. ##
## --------- ##

hostname = rfactory
uname -m = i686
uname -r = 2.6.24-30-generic
uname -s = Linux
uname -v = #1 SMP Mon Jan 2 19:48:58 UTC 2012

/usr/bin/uname -p = unknown
/bin/uname -X     = unknown

/bin/arch              = unknown
/usr/bin/arch -k       = unknown
/usr/convex/getsysinfo = unknown
/usr/bin/hostinfo      = unknown
/bin/machine           = unknown
/usr/bin/oslevel       = unknown
/bin/universe          = unknown

PATH: /usr/local/sbin
PATH: /usr/local/bin
PATH: /usr/sbin
PATH: /usr/bin
PATH: /sbin
PATH: /bin
PATH: /usr/games


## ----------- ##
## Core tests. ##
## ----------- ##

configure:1999: checking for a BSD-compatible install
configure:2055: result: /usr/bin/install -c
configure:2066: checking whether build environment is sane
configure:2109: result: yes
configure:2137: checking for a thread-safe mkdir -p
configure:2176: result: /bin/mkdir -p
configure:2189: checking for gawk
configure:2205: found /usr/bin/gawk
configure:2216: result: gawk
configure:2227: checking whether make sets $(MAKE)
configure:2248: result: yes
configure:2641: checking build system type
configure:2659: result: i686-pc-linux-gnu
configure:2681: checking host system type
configure:2696: result: i686-pc-linux-gnu
configure:2730: checking for style of include used by make
configure:2758: result: GNU
configure:2828: checking for gcc
configure:2844: found /usr/bin/gcc
configure:2855: result: gcc
configure:3093: checking for C compiler version
configure:3100: gcc --version >&5
gcc (GCC) 4.2.4 (Ubuntu 4.2.4-1ubuntu4)
Copyright (C) 2007 Free Software Foundation, Inc.
This is free software; see the source for copying conditions.  There is NO
warranty; not even for MERCHANTABILITY or FITNESS FOR A PARTICULAR PURPOSE.

configure:3103: $? = 0
configure:3110: gcc -v >&5
Using built-in specs.
Target: i486-linux-gnu
Configured with: ../src/configure -v --enable-languages=c,c++,fortran,objc,obj-c++,treelang --prefix=/usr --enable-shared --with-system-zlib --libexecdir=/usr/lib --without-included-gettext --enable-threads=posix --enable-nls --with-gxx-include-dir=/usr/include/c++/4.2 --program-suffix=-4.2 --enable-clocale=gnu --enable-libstdcxx-debug --enable-objc-gc --enable-mpfr --enable-targets=all --enable-checking=release --build=i486-linux-gnu --host=i486-linux-gnu --target=i486-linux-gnu
Thread model: posix
gcc version 4.2.4 (Ubuntu 4.2.4-1ubuntu4)
configure:3113: $? = 0
configure:3120: gcc -V >&5
gcc: '-V' option must have argument
configure:3123: $? = 1
configure:3146: checking for C compiler default output file name
configure:3173: gcc -I/opt/apogee/include -I/opt/apogee/include/libapogee-2.1/apogee -L/opt/apogee/lib conftest.c  >&5
conftest.c:9:1: warning: "PACKAGE" redefined
conftest.c:7:1: warning: this is the location of the previous definition
configure:3176: $? = 0
configure:3214: result: a.out
configure:3231: checking whether the C compiler works
configure:3241: ./a.out
configure:3244: $? = 0
configure:3261: result: yes
configure:3268: checking whether we are cross compiling
configure:3270: result: no
configure:3273: checking for suffix of executables
configure:3280: gcc -o conftest -I/opt/apogee/include -I/opt/apogee/include/libapogee-2.1/apogee -L/opt/apogee/lib conftest.c  >&5
conftest.c:9:1: warning: "PACKAGE" redefined
conftest.c:7:1: warning: this is the location of the previous definition
configure:3283: $? = 0
configure:3307: result: 
configure:3313: checking for suffix of object files
configure:3339: gcc -c -I/opt/apogee/include -I/opt/apogee/include/libapogee-2.1/apogee conftest.c >&5
conftest.c:9:1: warning: "PACKAGE" redefined
conftest.c:7:1: warning: this is the location of the previous definition
configure:3342: $? = 0
configure:3365: result: o
configure:3369: checking whether we are using the GNU C compiler
configure:3398: gcc -c -I/opt/apogee/include -I/opt/apogee/include/libapogee-2.1/apogee conftest.c >&5
conftest.c:9:1: warning: "PACKAGE" redefined
conftest.c:7:1: warning: this is the location of the previous definition
configure:3404: $? = 0
configure:3421: result: yes
configure:3426: checking whether gcc accepts -g
configure:3456: gcc -c -g -I/opt/apogee/include/libapogee-2.1/apogee conftest.c >&5
conftest.c:9:1: warning: "PACKAGE" redefined
conftest.c:7:1: warning: this is the location of the previous definition
configure:3462: $? = 0
configure: failed program was:
| /* confdefs.h.  */
| #define PACKAGE_NAME "pyLibapogee"
| #define PACKAGE_TARNAME "pylibapogee"
| #define PACKAGE_VERSION "0.0.1"
| #define PACKAGE_STRING "pyLibapogee 0.0.1"
| #define PACKAGE_BUGREPORT "support@ccd.com"
| #define PACKAGE "pyLibapogee"
| #define VERSION "0.0.1"
| #define PACKAGE "pylibapogee"
| #define VERSION "0.0.1"
| /* end confdefs.h.  */
| 
| int
| main ()
| {
| 
|   ;
|   return 0;
| }
configure:3494: gcc -c  -I/opt/apogee/include/libapogee-2.1/apogee conftest.c >&5
conftest.c:9:1: warning: "PACKAGE" redefined
conftest.c:7:1: warning: this is the location of the previous definition
configure:3500: $? = 0
configure: failed program was:
| /* confdefs.h.  */
| #define PACKAGE_NAME "pyLibapogee"
| #define PACKAGE_TARNAME "pylibapogee"
| #define PACKAGE_VERSION "0.0.1"
| #define PACKAGE_STRING "pyLibapogee 0.0.1"
| #define PACKAGE_BUGREPORT "support@ccd.com"
| #define PACKAGE "pyLibapogee"
| #define VERSION "0.0.1"
| #define PACKAGE "pylibapogee"
| #define VERSION "0.0.1"
| /* end confdefs.h.  */
| 
| int
| main ()
| {
| 
|   ;
|   return 0;
| }
configure:3533: gcc -c -g -I/opt/apogee/include/libapogee-2.1/apogee conftest.c >&5
conftest.c:9:1: warning: "PACKAGE" redefined
conftest.c:7:1: warning: this is the location of the previous definition
configure:3539: $? = 0
configure:3561: result: yes
configure:3578: checking for gcc option to accept ISO C89
configure:3652: gcc  -c -I/opt/apogee/include -I/opt/apogee/include/libapogee-2.1/apogee conftest.c >&5
conftest.c:9:1: warning: "PACKAGE" redefined
conftest.c:7:1: warning: this is the location of the previous definition
configure:3658: $? = 0
configure:3681: result: none needed
configure:3701: checking dependency style of gcc
configure:3792: result: gcc3
configure:3809: checking dependency style of gcc
configure:3900: result: gcc3
configure:3915: checking for a sed that does not truncate output
configure:3994: result: /bin/sed
configure:4012: checking for grep that handles long lines and -e
configure:4086: result: /bin/grep
configure:4091: checking for egrep
configure:4169: result: /bin/grep -E
configure:4174: checking for fgrep
configure:4252: result: /bin/grep -F
configure:4287: checking for ld used by gcc
configure:4354: result: /usr/bin/ld
configure:4363: checking if the linker (/usr/bin/ld) is GNU ld
configure:4378: result: yes
configure:4390: checking for BSD- or MS-compatible name lister (nm)
configure:4439: result: /usr/bin/nm -B
configure:4561: checking the name lister (/usr/bin/nm -B) interface
configure:4568: gcc -c -I/opt/apogee/include -I/opt/apogee/include/libapogee-2.1/apogee conftest.c >&5
configure:4571: /usr/bin/nm -B "conftest.o"
configure:4574: output
00000000 B some_variable
configure:4581: result: BSD nm
configure:4584: checking whether ln -s works
configure:4588: result: yes
configure:4596: checking the maximum length of command line arguments
configure:4716: result: 98304
configure:4733: checking whether the shell understands some XSI constructs
configure:4743: result: yes
configure:4747: checking whether the shell understands "+="
configure:4753: result: yes
configure:4788: checking for /usr/bin/ld option to reload object files
configure:4795: result: -r
configure:4864: checking for objdump
configure:4880: found /usr/bin/objdump
configure:4891: result: objdump
configure:4927: checking how to recognize dependent libraries
configure:5123: result: pass_all
configure:5183: checking for ar
configure:5199: found /usr/bin/ar
configure:5210: result: ar
configure:5292: checking for strip
configure:5308: found /usr/bin/strip
configure:5319: result: strip
configure:5395: checking for ranlib
configure:5411: found /usr/bin/ranlib
configure:5422: result: ranlib
configure:5516: checking command to parse /usr/bin/nm -B output from gcc object
configure:5634: gcc -c -I/opt/apogee/include -I/opt/apogee/include/libapogee-2.1/apogee conftest.c >&5
configure:5637: $? = 0
configure:5641: /usr/bin/nm -B conftest.o \| sed -n -e 's/^.*[	 ]\([ABCDGIRSTW][ABCDGIRSTW]*\)[	 ][	 ]*\([_A-Za-z][_A-Za-z0-9]*\)$/\1 \2 \2/p' \> conftest.nm
configure:5644: $? = 0
configure:5698: gcc -o conftest -I/opt/apogee/include -I/opt/apogee/include/libapogee-2.1/apogee -L/opt/apogee/lib conftest.c conftstm.o >&5
configure:5701: $? = 0
configure:5739: result: ok
configure:6618: checking how to run the C preprocessor
configure:6658: gcc -E -I/opt/apogee/include/libapogee-2.1/apogee conftest.c
conftest.c:9:1: warning: "PACKAGE" redefined
conftest.c:7:1: warning: this is the location of the previous definition
configure:6664: $? = 0
configure:6695: gcc -E -I/opt/apogee/include/libapogee-2.1/apogee conftest.c
conftest.c:9:1: warning: "PACKAGE" redefined
conftest.c:7:1: warning: this is the location of the previous definition
conftest.c:12:28: error: ac_nonexistent.h: No such file or directory
configure:6701: $? = 1
configure: failed program was:
| /* confdefs.h.  */
| #define PACKAGE_NAME "pyLibapogee"
| #define PACKAGE_TARNAME "pylibapogee"
| #define PACKAGE_VERSION "0.0.1"
| #define PACKAGE_STRING "pyLibapogee 0.0.1"
| #define PACKAGE_BUGREPORT "support@ccd.com"
| #define PACKAGE "pyLibapogee"
| #define VERSION "0.0.1"
| #define PACKAGE "pylibapogee"
| #define VERSION "0.0.1"
| /* end confdefs.h.  */
| #include <ac_nonexistent.h>
configure:6734: result: gcc -E
configure:6763: gcc -E -I/opt/apogee/include/libapogee-2.1/apogee conftest.c
conftest.c:9:1: warning: "PACKAGE" redefined
conftest.c:7:1: warning: this is the location of the previous definition
configure:6769: $? = 0
configure:6800: gcc -E -I/opt/apogee/include/libapogee-2.1/apogee conftest.c
conftest.c:9:1: warning: "PACKAGE" redefined
conftest.c:7:1: warning: this is the location of the previous definition
conftest.c:12:28: error: ac_nonexistent.h: No such file or directory
configure:6806: $? = 1
configure: failed program was:
| /* confdefs.h.  */
| #define PACKAGE_NAME "pyLibapogee"
| #define PACKAGE_TARNAME "pylibapogee"
| #define PACKAGE_VERSION "0.0.1"
| #define PACKAGE_STRING "pyLibapogee 0.0.1"
| #define PACKAGE_BUGREPORT "support@ccd.com"
| #define PACKAGE "pyLibapogee"
| #define VERSION "0.0.1"
| #define PACKAGE "pylibapogee"
| #define VERSION "0.0.1"
| /* end confdefs.h.  */
| #include <ac_nonexistent.h>
configure:6844: checking for ANSI C header files
configure:6874: gcc -c -I/opt/apogee/include -I/opt/apogee/include/libapogee-2.1/apogee conftest.c >&5
conftest.c:9:1: warning: "PACKAGE" redefined
conftest.c:7:1: warning: this is the location of the previous definition
configure:6880: $? = 0
conftest.c:9:1: warning: "PACKAGE" redefined
conftest.c:7:1: warning: this is the location of the previous definition
conftest.c:9:1: warning: "PACKAGE" redefined
conftest.c:7:1: warning: this is the location of the previous definition
configure:6979: gcc -o conftest -I/opt/apogee/include -I/opt/apogee/include/libapogee-2.1/apogee -L/opt/apogee/lib conftest.c  >&5
conftest.c:9:1: warning: "PACKAGE" redefined
conftest.c:7:1: warning: this is the location of the previous definition
configure:6982: $? = 0
configure:6988: ./conftest
configure:6991: $? = 0
configure:7008: result: yes
configure:7032: checking for sys/types.h
configure:7053: gcc -c -I/opt/apogee/include -I/opt/apogee/include/libapogee-2.1/apogee conftest.c >&5
conftest.c:9:1: warning: "PACKAGE" redefined
conftest.c:7:1: warning: this is the location of the previous definition
configure:7059: $? = 0
configure:7075: result: yes
configure:7032: checking for sys/stat.h
configure:7053: gcc -c -I/opt/apogee/include -I/opt/apogee/include/libapogee-2.1/apogee conftest.c >&5
conftest.c:9:1: warning: "PACKAGE" redefined
conftest.c:7:1: warning: this is the location of the previous definition
configure:7059: $? = 0
configure:7075: result: yes
configure:7032: checking for stdlib.h
configure:7053: gcc -c -I/opt/apogee/include -I/opt/apogee/include/libapogee-2.1/apogee conftest.c >&5
conftest.c:9:1: warning: "PACKAGE" redefined
conftest.c:7:1: warning: this is the location of the previous definition
configure:7059: $? = 0
configure:7075: result: yes
configure:7032: checking for string.h
configure:7053: gcc -c -I/opt/apogee/include -I/opt/apogee/include/libapogee-2.1/apogee conftest.c >&5
conftest.c:9:1: warning: "PACKAGE" redefined
conftest.c:7:1: warning: this is the location of the previous definition
configure:7059: $? = 0
configure:7075: result: yes
configure:7032: checking for memory.h
configure:7053: gcc -c -I/opt/apogee/include -I/opt/apogee/include/libapogee-2.1/apogee conftest.c >&5
conftest.c:9:1: warning: "PACKAGE" redefined
conftest.c:7:1: warning: this is the location of the previous definition
configure:7059: $? = 0
configure:7075: result: yes
configure:7032: checking for strings.h
configure:7053: gcc -c -I/opt/apogee/include -I/opt/apogee/include/libapogee-2.1/apogee conftest.c >&5
conftest.c:9:1: warning: "PACKAGE" redefined
conftest.c:7:1: warning: this is the location of the previous definition
configure:7059: $? = 0
configure:7075: result: yes
configure:7032: checking for inttypes.h
configure:7053: gcc -c -I/opt/apogee/include -I/opt/apogee/include/libapogee-2.1/apogee conftest.c >&5
conftest.c:9:1: warning: "PACKAGE" redefined
conftest.c:7:1: warning: this is the location of the previous definition
configure:7059: $? = 0
configure:7075: result: yes
configure:7032: checking for stdint.h
configure:7053: gcc -c -I/opt/apogee/include -I/opt/apogee/include/libapogee-2.1/apogee conftest.c >&5
conftest.c:9:1: warning: "PACKAGE" redefined
conftest.c:7:1: warning: this is the location of the previous definition
configure:7059: $? = 0
configure:7075: result: yes
configure:7032: checking for unistd.h
configure:7053: gcc -c -I/opt/apogee/include -I/opt/apogee/include/libapogee-2.1/apogee conftest.c >&5
conftest.c:9:1: warning: "PACKAGE" redefined
conftest.c:7:1: warning: this is the location of the previous definition
configure:7059: $? = 0
configure:7075: result: yes
configure:7091: checking for dlfcn.h
configure:7112: gcc -c -I/opt/apogee/include -I/opt/apogee/include/libapogee-2.1/apogee conftest.c >&5
conftest.c:9:1: warning: "PACKAGE" redefined
conftest.c:7:1: warning: this is the location of the previous definition
configure:7118: $? = 0
configure:7134: result: yes
configure:7317: checking for objdir
configure:7332: result: .libs
configure:7628: checking if gcc supports -fno-rtti -fno-exceptions
configure:7646: gcc -c -I/opt/apogee/include -I/opt/apogee/include/libapogee-2.1/apogee -fno-rtti -fno-exceptions conftest.c >&5
cc1: warning: command line option "-fno-rtti" is valid for C++/ObjC++ but not for C
configure:7650: $? = 0
configure:7663: result: no
configure:7683: checking for gcc option to produce PIC
configure:7955: result: -fPIC -DPIC
configure:7967: checking if gcc PIC flag -fPIC -DPIC works
configure:7985: gcc -c -I/opt/apogee/include -I/opt/apogee/include/libapogee-2.1/apogee -fPIC -DPIC -DPIC conftest.c >&5
configure:7989: $? = 0
configure:8002: result: yes
configure:8026: checking if gcc static flag -static works
configure:8054: result: yes
configure:8069: checking if gcc supports -c -o file.o
configure:8090: gcc -c -I/opt/apogee/include -I/opt/apogee/include/libapogee-2.1/apogee -o out/conftest2.o conftest.c >&5
configure:8094: $? = 0
configure:8116: result: yes
configure:8124: checking if gcc supports -c -o file.o
configure:8171: result: yes
configure:8204: checking whether the gcc linker (/usr/bin/ld) supports shared libraries
configure:9271: result: yes
configure:9308: checking whether -lc should be explicitly linked in
configure:9313: gcc -c -I/opt/apogee/include -I/opt/apogee/include/libapogee-2.1/apogee conftest.c >&5
configure:9316: $? = 0
configure:9331: gcc -shared conftest.o  -v -Wl,-soname -Wl,conftest -o conftest 2\>\&1 \| /bin/grep  -lc  \>/dev/null 2\>\&1
configure:9334: $? = 0
configure:9346: result: no
configure:9510: checking dynamic linker characteristics
configure:9953: gcc -o conftest -I/opt/apogee/include -I/opt/apogee/include/libapogee-2.1/apogee -L/opt/apogee/lib -Wl,-rpath -Wl,/foo conftest.c  >&5
conftest.c:9:1: warning: "PACKAGE" redefined
conftest.c:7:1: warning: this is the location of the previous definition
configure:9959: $? = 0
configure:10201: result: GNU/Linux ld.so
configure:10303: checking how to hardcode library paths into programs
configure:10328: result: immediate
configure:10447: checking for shl_load
configure:10503: gcc -o conftest -I/opt/apogee/include -I/opt/apogee/include/libapogee-2.1/apogee -L/opt/apogee/lib conftest.c  >&5
conftest.c:9:1: warning: "PACKAGE" redefined
conftest.c:7:1: warning: this is the location of the previous definition
/tmp/ccmvrwfu.o: In function `main':
conftest.c:(.text+0x12): undefined reference to `shl_load'
collect2: ld returned 1 exit status
configure:10509: $? = 1
configure: failed program was:
| /* confdefs.h.  */
| #define PACKAGE_NAME "pyLibapogee"
| #define PACKAGE_TARNAME "pylibapogee"
| #define PACKAGE_VERSION "0.0.1"
| #define PACKAGE_STRING "pyLibapogee 0.0.1"
| #define PACKAGE_BUGREPORT "support@ccd.com"
| #define PACKAGE "pyLibapogee"
| #define VERSION "0.0.1"
| #define PACKAGE "pylibapogee"
| #define VERSION "0.0.1"
| #define STDC_HEADERS 1
| #define HAVE_SYS_TYPES_H 1
| #define HAVE_SYS_STAT_H 1
| #define HAVE_STDLIB_H 1
| #define HAVE_STRING_H 1
| #define HAVE_MEMORY_H 1
| #define HAVE_STRINGS_H 1
| #define HAVE_INTTYPES_H 1
| #define HAVE_STDINT_H 1
| #define HAVE_UNISTD_H 1
| #define HAVE_DLFCN_H 1
| #define LT_OBJDIR ".libs/"
| /* end confdefs.h.  */
| /* Define shl_load to an innocuous variant, in case <limits.h> declares shl_load.
|    For example, HP-UX 11i <limits.h> declares gettimeofday.  */
| #define shl_load innocuous_shl_load
| 
| /* System header to define __stub macros and hopefully few prototypes,
|     which can conflict with char shl_load (); below.
|     Prefer <limits.h> to <assert.h> if __STDC__ is defined, since
|     <limits.h> exists even on freestanding compilers.  */
| 
| #ifdef __STDC__
| # include <limits.h>
| #else
| # include <assert.h>
| #endif
| 
| #undef shl_load
| 
| /* Override any GCC internal prototype to avoid an error.
|    Use char because int might match the return type of a GCC
|    builtin and then its argument prototype would still apply.  */
| #ifdef __cplusplus
| extern "C"
| #endif
| char shl_load ();
| /* The GNU C library defines this for functions which it implements
|     to always fail with ENOSYS.  Some functions are actually named
|     something starting with __ and the normal name is an alias.  */
| #if defined __stub_shl_load || defined __stub___shl_load
| choke me
| #endif
| 
| int
| main ()
| {
| return shl_load ();
|   ;
|   return 0;
| }
configure:10526: result: no
configure:10531: checking for shl_load in -ldld
configure:10566: gcc -o conftest -I/opt/apogee/include -I/opt/apogee/include/libapogee-2.1/apogee -L/opt/apogee/lib conftest.c -ldld   >&5
conftest.c:9:1: warning: "PACKAGE" redefined
conftest.c:7:1: warning: this is the location of the previous definition
/usr/bin/ld: cannot find -ldld
collect2: ld returned 1 exit status
configure:10572: $? = 1
configure: failed program was:
| /* confdefs.h.  */
| #define PACKAGE_NAME "pyLibapogee"
| #define PACKAGE_TARNAME "pylibapogee"
| #define PACKAGE_VERSION "0.0.1"
| #define PACKAGE_STRING "pyLibapogee 0.0.1"
| #define PACKAGE_BUGREPORT "support@ccd.com"
| #define PACKAGE "pyLibapogee"
| #define VERSION "0.0.1"
| #define PACKAGE "pylibapogee"
| #define VERSION "0.0.1"
| #define STDC_HEADERS 1
| #define HAVE_SYS_TYPES_H 1
| #define HAVE_SYS_STAT_H 1
| #define HAVE_STDLIB_H 1
| #define HAVE_STRING_H 1
| #define HAVE_MEMORY_H 1
| #define HAVE_STRINGS_H 1
| #define HAVE_INTTYPES_H 1
| #define HAVE_STDINT_H 1
| #define HAVE_UNISTD_H 1
| #define HAVE_DLFCN_H 1
| #define LT_OBJDIR ".libs/"
| /* end confdefs.h.  */
| 
| /* Override any GCC internal prototype to avoid an error.
|    Use char because int might match the return type of a GCC
|    builtin and then its argument prototype would still apply.  */
| #ifdef __cplusplus
| extern "C"
| #endif
| char shl_load ();
| int
| main ()
| {
| return shl_load ();
|   ;
|   return 0;
| }
configure:10590: result: no
configure:10595: checking for dlopen
configure:10651: gcc -o conftest -I/opt/apogee/include -I/opt/apogee/include/libapogee-2.1/apogee -L/opt/apogee/lib conftest.c  >&5
conftest.c:9:1: warning: "PACKAGE" redefined
conftest.c:7:1: warning: this is the location of the previous definition
/tmp/ccE6aXQc.o: In function `main':
conftest.c:(.text+0x12): undefined reference to `dlopen'
collect2: ld returned 1 exit status
configure:10657: $? = 1
configure: failed program was:
| /* confdefs.h.  */
| #define PACKAGE_NAME "pyLibapogee"
| #define PACKAGE_TARNAME "pylibapogee"
| #define PACKAGE_VERSION "0.0.1"
| #define PACKAGE_STRING "pyLibapogee 0.0.1"
| #define PACKAGE_BUGREPORT "support@ccd.com"
| #define PACKAGE "pyLibapogee"
| #define VERSION "0.0.1"
| #define PACKAGE "pylibapogee"
| #define VERSION "0.0.1"
| #define STDC_HEADERS 1
| #define HAVE_SYS_TYPES_H 1
| #define HAVE_SYS_STAT_H 1
| #define HAVE_STDLIB_H 1
| #define HAVE_STRING_H 1
| #define HAVE_MEMORY_H 1
| #define HAVE_STRINGS_H 1
| #define HAVE_INTTYPES_H 1
| #define HAVE_STDINT_H 1
| #define HAVE_UNISTD_H 1
| #define HAVE_DLFCN_H 1
| #define LT_OBJDIR ".libs/"
| /* end confdefs.h.  */
| /* Define dlopen to an innocuous variant, in case <limits.h> declares dlopen.
|    For example, HP-UX 11i <limits.h> declares gettimeofday.  */
| #define dlopen innocuous_dlopen
| 
| /* System header to define __stub macros and hopefully few prototypes,
|     which can conflict with char dlopen (); below.
|     Prefer <limits.h> to <assert.h> if __STDC__ is defined, since
|     <limits.h> exists even on freestanding compilers.  */
| 
| #ifdef __STDC__
| # include <limits.h>
| #else
| # include <assert.h>
| #endif
| 
| #undef dlopen
| 
| /* Override any GCC internal prototype to avoid an error.
|    Use char because int might match the return type of a GCC
|    builtin and then its argument prototype would still apply.  */
| #ifdef __cplusplus
| extern "C"
| #endif
| char dlopen ();
| /* The GNU C library defines this for functions which it implements
|     to always fail with ENOSYS.  Some functions are actually named
|     something starting with __ and the normal name is an alias.  */
| #if defined __stub_dlopen || defined __stub___dlopen
| choke me
| #endif
| 
| int
| main ()
| {
| return dlopen ();
|   ;
|   return 0;
| }
configure:10674: result: no
configure:10679: checking for dlopen in -ldl
configure:10714: gcc -o conftest -I/opt/apogee/include -I/opt/apogee/include/libapogee-2.1/apogee -L/opt/apogee/lib conftest.c -ldl   >&5
conftest.c:9:1: warning: "PACKAGE" redefined
conftest.c:7:1: warning: this is the location of the previous definition
configure:10720: $? = 0
configure:10738: result: yes
configure:10907: checking whether a program can dlopen itself
configure:10977: gcc -o conftest -I/opt/apogee/include -I/opt/apogee/include/libapogee-2.1/apogee -DHAVE_DLFCN_H -L/opt/apogee/lib -Wl,--export-dynamic conftest.c -ldl  >&5
In file included from configure:10918:
confdefs.h:8:1: warning: "PACKAGE" redefined
confdefs.h:6:1: warning: this is the location of the previous definition
configure:10980: $? = 0
configure:10998: result: yes
configure:11003: checking whether a statically linked program can dlopen itself
configure:11073: gcc -o conftest -I/opt/apogee/include -I/opt/apogee/include/libapogee-2.1/apogee -DHAVE_DLFCN_H -L/opt/apogee/lib -Wl,--export-dynamic -static conftest.c -ldl  >&5
In file included from configure:11014:
confdefs.h:8:1: warning: "PACKAGE" redefined
confdefs.h:6:1: warning: this is the location of the previous definition
/tmp/ccpmIVHj.o: In function `main':
conftest.c:(.text+0x30): warning: Using 'dlopen' in statically linked applications requires at runtime the shared libraries from the glibc version used for linking
configure:11076: $? = 0
/opt/apogee/lib/: cannot read file data: Is a directory
configure:11094: result: no
configure:11133: checking whether stripping libraries is possible
configure:11138: result: yes
configure:11173: checking if libtool supports shared libraries
configure:11175: result: yes
configure:11178: checking whether to build shared libraries
configure:11199: result: yes
configure:11202: checking whether to build static libraries
configure:11206: result: yes
configure:11301: checking for g++
configure:11317: found /usr/bin/g++
configure:11328: result: g++
configure:11359: checking for C++ compiler version
configure:11366: g++ --version >&5
g++ (GCC) 4.2.4 (Ubuntu 4.2.4-1ubuntu4)
Copyright (C) 2007 Free Software Foundation, Inc.
This is free software; see the source for copying conditions.  There is NO
warranty; not even for MERCHANTABILITY or FITNESS FOR A PARTICULAR PURPOSE.

configure:11369: $? = 0
configure:11376: g++ -v >&5
Using built-in specs.
Target: i486-linux-gnu
Configured with: ../src/configure -v --enable-languages=c,c++,fortran,objc,obj-c++,treelang --prefix=/usr --enable-shared --with-system-zlib --libexecdir=/usr/lib --without-included-gettext --enable-threads=posix --enable-nls --with-gxx-include-dir=/usr/include/c++/4.2 --program-suffix=-4.2 --enable-clocale=gnu --enable-libstdcxx-debug --enable-objc-gc --enable-mpfr --enable-targets=all --enable-checking=release --build=i486-linux-gnu --host=i486-linux-gnu --target=i486-linux-gnu
Thread model: posix
gcc version 4.2.4 (Ubuntu 4.2.4-1ubuntu4)
configure:11379: $? = 0
configure:11386: g++ -V >&5
g++: '-V' option must have argument
configure:11389: $? = 1
configure:11392: checking whether we are using the GNU C++ compiler
configure:11421: g++ -c  -I/opt/apogee/include/libapogee-2.1/apogee conftest.cpp >&5
conftest.cpp:9:1: warning: "PACKAGE" redefined
conftest.cpp:7:1: warning: this is the location of the previous definition
configure:11427: $? = 0
configure:11444: result: yes
configure:11449: checking whether g++ accepts -g
configure:11479: g++ -c -g -I/opt/apogee/include/libapogee-2.1/apogee conftest.cpp >&5
conftest.cpp:9:1: warning: "PACKAGE" redefined
conftest.cpp:7:1: warning: this is the location of the previous definition
configure:11485: $? = 0
configure: failed program was:
| /* confdefs.h.  */
| #define PACKAGE_NAME "pyLibapogee"
| #define PACKAGE_TARNAME "pylibapogee"
| #define PACKAGE_VERSION "0.0.1"
| #define PACKAGE_STRING "pyLibapogee 0.0.1"
| #define PACKAGE_BUGREPORT "support@ccd.com"
| #define PACKAGE "pyLibapogee"
| #define VERSION "0.0.1"
| #define PACKAGE "pylibapogee"
| #define VERSION "0.0.1"
| #define STDC_HEADERS 1
| #define HAVE_SYS_TYPES_H 1
| #define HAVE_SYS_STAT_H 1
| #define HAVE_STDLIB_H 1
| #define HAVE_STRING_H 1
| #define HAVE_MEMORY_H 1
| #define HAVE_STRINGS_H 1
| #define HAVE_INTTYPES_H 1
| #define HAVE_STDINT_H 1
| #define HAVE_UNISTD_H 1
| #define HAVE_DLFCN_H 1
| #define LT_OBJDIR ".libs/"
| /* end confdefs.h.  */
| 
| int
| main ()
| {
| 
|   ;
|   return 0;
| }
configure:11517: g++ -c  -I/opt/apogee/include/libapogee-2.1/apogee conftest.cpp >&5
conftest.cpp:9:1: warning: "PACKAGE" redefined
conftest.cpp:7:1: warning: this is the location of the previous definition
configure:11523: $? = 0
configure: failed program was:
| /* confdefs.h.  */
| #define PACKAGE_NAME "pyLibapogee"
| #define PACKAGE_TARNAME "pylibapogee"
| #define PACKAGE_VERSION "0.0.1"
| #define PACKAGE_STRING "pyLibapogee 0.0.1"
| #define PACKAGE_BUGREPORT "support@ccd.com"
| #define PACKAGE "pyLibapogee"
| #define VERSION "0.0.1"
| #define PACKAGE "pylibapogee"
| #define VERSION "0.0.1"
| #define STDC_HEADERS 1
| #define HAVE_SYS_TYPES_H 1
| #define HAVE_SYS_STAT_H 1
| #define HAVE_STDLIB_H 1
| #define HAVE_STRING_H 1
| #define HAVE_MEMORY_H 1
| #define HAVE_STRINGS_H 1
| #define HAVE_INTTYPES_H 1
| #define HAVE_STDINT_H 1
| #define HAVE_UNISTD_H 1
| #define HAVE_DLFCN_H 1
| #define LT_OBJDIR ".libs/"
| /* end confdefs.h.  */
| 
| int
| main ()
| {
| 
|   ;
|   return 0;
| }
configure:11556: g++ -c -g -I/opt/apogee/include/libapogee-2.1/apogee conftest.cpp >&5
conftest.cpp:9:1: warning: "PACKAGE" redefined
conftest.cpp:7:1: warning: this is the location of the previous definition
configure:11562: $? = 0
configure:11584: result: yes
configure:11609: checking dependency style of g++
configure:11700: result: gcc3
configure:11717: checking dependency style of g++
configure:11808: result: gcc3
configure:11940: checking for C++ compiler version
configure:11947: g++ --version >&5
g++ (GCC) 4.2.4 (Ubuntu 4.2.4-1ubuntu4)
Copyright (C) 2007 Free Software Foundation, Inc.
This is free software; see the source for copying conditions.  There is NO
warranty; not even for MERCHANTABILITY or FITNESS FOR A PARTICULAR PURPOSE.

configure:11950: $? = 0
configure:11957: g++ -v >&5
Using built-in specs.
Target: i486-linux-gnu
Configured with: ../src/configure -v --enable-languages=c,c++,fortran,objc,obj-c++,treelang --prefix=/usr --enable-shared --with-system-zlib --libexecdir=/usr/lib --without-included-gettext --enable-threads=posix --enable-nls --with-gxx-include-dir=/usr/include/c++/4.2 --program-suffix=-4.2 --enable-clocale=gnu --enable-libstdcxx-debug --enable-objc-gc --enable-mpfr --enable-targets=all --enable-checking=release --build=i486-linux-gnu --host=i486-linux-gnu --target=i486-linux-gnu
Thread model: posix
gcc version 4.2.4 (Ubuntu 4.2.4-1ubuntu4)
configure:11960: $? = 0
configure:11967: g++ -V >&5
g++: '-V' option must have argument
configure:11970: $? = 1
configure:11973: checking whether we are using the GNU C++ compiler
configure:12025: result: yes
configure:12030: checking whether g++ accepts -g
configure:12165: result: yes
configure:12190: checking dependency style of g++
configure:12281: result: gcc3
configure:12298: checking dependency style of g++
configure:12389: result: gcc3
configure:12412: checking how to run the C++ preprocessor
configure:12448: g++ -E -I/opt/apogee/include/libapogee-2.1/apogee conftest.cpp
conftest.cpp:9:1: warning: "PACKAGE" redefined
conftest.cpp:7:1: warning: this is the location of the previous definition
configure:12454: $? = 0
configure:12485: g++ -E -I/opt/apogee/include/libapogee-2.1/apogee conftest.cpp
conftest.cpp:9:1: warning: "PACKAGE" redefined
conftest.cpp:7:1: warning: this is the location of the previous definition
conftest.cpp:24:28: error: ac_nonexistent.h: No such file or directory
configure:12491: $? = 1
configure: failed program was:
| /* confdefs.h.  */
| #define PACKAGE_NAME "pyLibapogee"
| #define PACKAGE_TARNAME "pylibapogee"
| #define PACKAGE_VERSION "0.0.1"
| #define PACKAGE_STRING "pyLibapogee 0.0.1"
| #define PACKAGE_BUGREPORT "support@ccd.com"
| #define PACKAGE "pyLibapogee"
| #define VERSION "0.0.1"
| #define PACKAGE "pylibapogee"
| #define VERSION "0.0.1"
| #define STDC_HEADERS 1
| #define HAVE_SYS_TYPES_H 1
| #define HAVE_SYS_STAT_H 1
| #define HAVE_STDLIB_H 1
| #define HAVE_STRING_H 1
| #define HAVE_MEMORY_H 1
| #define HAVE_STRINGS_H 1
| #define HAVE_INTTYPES_H 1
| #define HAVE_STDINT_H 1
| #define HAVE_UNISTD_H 1
| #define HAVE_DLFCN_H 1
| #define LT_OBJDIR ".libs/"
| /* end confdefs.h.  */
| #include <ac_nonexistent.h>
configure:12524: result: g++ -E
configure:12553: g++ -E -I/opt/apogee/include/libapogee-2.1/apogee conftest.cpp
conftest.cpp:9:1: warning: "PACKAGE" redefined
conftest.cpp:7:1: warning: this is the location of the previous definition
configure:12559: $? = 0
configure:12590: g++ -E -I/opt/apogee/include/libapogee-2.1/apogee conftest.cpp
conftest.cpp:9:1: warning: "PACKAGE" redefined
conftest.cpp:7:1: warning: this is the location of the previous definition
conftest.cpp:24:28: error: ac_nonexistent.h: No such file or directory
configure:12596: $? = 1
configure: failed program was:
| /* confdefs.h.  */
| #define PACKAGE_NAME "pyLibapogee"
| #define PACKAGE_TARNAME "pylibapogee"
| #define PACKAGE_VERSION "0.0.1"
| #define PACKAGE_STRING "pyLibapogee 0.0.1"
| #define PACKAGE_BUGREPORT "support@ccd.com"
| #define PACKAGE "pyLibapogee"
| #define VERSION "0.0.1"
| #define PACKAGE "pylibapogee"
| #define VERSION "0.0.1"
| #define STDC_HEADERS 1
| #define HAVE_SYS_TYPES_H 1
| #define HAVE_SYS_STAT_H 1
| #define HAVE_STDLIB_H 1
| #define HAVE_STRING_H 1
| #define HAVE_MEMORY_H 1
| #define HAVE_STRINGS_H 1
| #define HAVE_INTTYPES_H 1
| #define HAVE_STDINT_H 1
| #define HAVE_UNISTD_H 1
| #define HAVE_DLFCN_H 1
| #define LT_OBJDIR ".libs/"
| /* end confdefs.h.  */
| #include <ac_nonexistent.h>
configure:12770: checking for ld used by g++
configure:12837: result: /usr/bin/ld
configure:12846: checking if the linker (/usr/bin/ld) is GNU ld
configure:12861: result: yes
configure:12916: checking whether the g++ linker (/usr/bin/ld) supports shared libraries
configure:13883: result: yes
configure:13911: g++ -c -g -O2 -I/opt/apogee/include/libapogee-2.1/apogee conftest.cpp >&5
configure:13914: $? = 0
configure:14096: checking for g++ option to produce PIC
configure:14413: result: -fPIC -DPIC
configure:14422: checking if g++ PIC flag -fPIC -DPIC works
configure:14440: g++ -c -g -O2 -I/opt/apogee/include/libapogee-2.1/apogee -fPIC -DPIC -DPIC conftest.cpp >&5
configure:14444: $? = 0
configure:14457: result: yes
configure:14478: checking if g++ static flag -static works
configure:14506: result: yes
configure:14518: checking if g++ supports -c -o file.o
configure:14539: g++ -c -g -O2 -I/opt/apogee/include/libapogee-2.1/apogee -o out/conftest2.o conftest.cpp >&5
configure:14543: $? = 0
configure:14565: result: yes
configure:14570: checking if g++ supports -c -o file.o
configure:14617: result: yes
configure:14647: checking whether the g++ linker (/usr/bin/ld) supports shared libraries
configure:14676: result: yes
configure:14813: checking dynamic linker characteristics
configure:15204: g++ -o conftest -g -O2 -I/opt/apogee/include/libapogee-2.1/apogee -L/opt/apogee/lib -Wl,-rpath -Wl,/foo conftest.cpp  >&5
conftest.cpp:9:1: warning: "PACKAGE" redefined
conftest.cpp:7:1: warning: this is the location of the previous definition
configure:15210: $? = 0
configure:15452: result: GNU/Linux ld.so
configure:15503: checking how to hardcode library paths into programs
configure:15528: result: immediate
configure:15580: checking for a BSD-compatible install
configure:15636: result: /usr/bin/install -c
configure:15647: checking whether make sets $(MAKE)
configure:15668: result: yes
configure:15709: checking for a Python interpreter with version >= 2.6
configure:15724: python -c import sys, string # split strings by '.' and convert to numeric. Append some zeros # because we need at least 4 digits for the hex conversion. minver = map(int, string.split('2.6', '.')) + [0, 0, 0] minverhex = 0 for i in xrange(0, 4): minverhex = (minverhex << 8) + minver[i] sys.exit(sys.hexversion < minverhex)
configure:15727: $? = 1
configure:15724: python2 -c import sys, string # split strings by '.' and convert to numeric. Append some zeros # because we need at least 4 digits for the hex conversion. minver = map(int, string.split('2.6', '.')) + [0, 0, 0] minverhex = 0 for i in xrange(0, 4): minverhex = (minverhex << 8) + minver[i] sys.exit(sys.hexversion < minverhex)
../configure: line 15725: python2: command not found
configure:15727: $? = 127
configure:15724: python2.5 -c import sys, string # split strings by '.' and convert to numeric. Append some zeros # because we need at least 4 digits for the hex conversion. minver = map(int, string.split('2.6', '.')) + [0, 0, 0] minverhex = 0 for i in xrange(0, 4): minverhex = (minverhex << 8) + minver[i] sys.exit(sys.hexversion < minverhex)
configure:15727: $? = 1
configure:15724: python2.4 -c import sys, string # split strings by '.' and convert to numeric. Append some zeros # because we need at least 4 digits for the hex conversion. minver = map(int, string.split('2.6', '.')) + [0, 0, 0] minverhex = 0 for i in xrange(0, 4): minverhex = (minverhex << 8) + minver[i] sys.exit(sys.hexversion < minverhex)
configure:15727: $? = 1
configure:15724: python2.3 -c import sys, string # split strings by '.' and convert to numeric. Append some zeros # because we need at least 4 digits for the hex conversion. minver = map(int, string.split('2.6', '.')) + [0, 0, 0] minverhex = 0 for i in xrange(0, 4): minverhex = (minverhex << 8) + minver[i] sys.exit(sys.hexversion < minverhex)
../configure: line 15725: python2.3: command not found
configure:15727: $? = 127
configure:15724: python2.2 -c import sys, string # split strings by '.' and convert to numeric. Append some zeros # because we need at least 4 digits for the hex conversion. minver = map(int, string.split('2.6', '.')) + [0, 0, 0] minverhex = 0 for i in xrange(0, 4): minverhex = (minverhex << 8) + minver[i] sys.exit(sys.hexversion < minverhex)
../configure: line 15725: python2.2: command not found
configure:15727: $? = 127
configure:15724: python2.1 -c import sys, string # split strings by '.' and convert to numeric. Append some zeros # because we need at least 4 digits for the hex conversion. minver = map(int, string.split('2.6', '.')) + [0, 0, 0] minverhex = 0 for i in xrange(0, 4): minverhex = (minverhex << 8) + minver[i] sys.exit(sys.hexversion < minverhex)
../configure: line 15725: python2.1: command not found
configure:15727: $? = 127
configure:15724: python2.0 -c import sys, string # split strings by '.' and convert to numeric. Append some zeros # because we need at least 4 digits for the hex conversion. minver = map(int, string.split('2.6', '.')) + [0, 0, 0] minverhex = 0 for i in xrange(0, 4): minverhex = (minverhex << 8) + minver[i] sys.exit(sys.hexversion < minverhex)
../configure: line 15725: python2.0: command not found
configure:15727: $? = 127
configure:15724: python1.6 -c import sys, string # split strings by '.' and convert to numeric. Append some zeros # because we need at least 4 digits for the hex conversion. minver = map(int, string.split('2.6', '.')) + [0, 0, 0] minverhex = 0 for i in xrange(0, 4): minverhex = (minverhex << 8) + minver[i] sys.exit(sys.hexversion < minverhex)
../configure: line 15725: python1.6: command not found
configure:15727: $? = 127
configure:15724: python1.5 -c import sys, string # split strings by '.' and convert to numeric. Append some zeros # because we need at least 4 digits for the hex conversion. minver = map(int, string.split('2.6', '.')) + [0, 0, 0] minverhex = 0 for i in xrange(0, 4): minverhex = (minverhex << 8) + minver[i] sys.exit(sys.hexversion < minverhex)
../configure: line 15725: python1.5: command not found
configure:15727: $? = 127
configure:15734: result: none
configure:15786: error: no suitable Python interpreter found

## ---------------- ##
## Cache variables. ##
## ---------------- ##

ac_cv_build=i686-pc-linux-gnu
ac_cv_c_compiler_gnu=yes
ac_cv_cxx_compiler_gnu=yes
ac_cv_env_CCC_set=
ac_cv_env_CCC_value=
ac_cv_env_CC_set=
ac_cv_env_CC_value=
ac_cv_env_CFLAGS_set=set
ac_cv_env_CFLAGS_value=-I/opt/apogee/include
ac_cv_env_CPPFLAGS_set=set
ac_cv_env_CPPFLAGS_value=-I/opt/apogee/include/libapogee-2.1/apogee
ac_cv_env_CPP_set=
ac_cv_env_CPP_value=
ac_cv_env_CXXCPP_set=
ac_cv_env_CXXCPP_value=
ac_cv_env_CXXFLAGS_set=
ac_cv_env_CXXFLAGS_value=
ac_cv_env_CXX_set=
ac_cv_env_CXX_value=
ac_cv_env_LDFLAGS_set=set
ac_cv_env_LDFLAGS_value=-L/opt/apogee/lib
ac_cv_env_LIBS_set=
ac_cv_env_LIBS_value=
ac_cv_env_PYTHON_VERSION_set=
ac_cv_env_PYTHON_VERSION_value=
ac_cv_env_build_alias_set=
ac_cv_env_build_alias_value=
ac_cv_env_host_alias_set=
ac_cv_env_host_alias_value=
ac_cv_env_target_alias_set=
ac_cv_env_target_alias_value=
ac_cv_func_dlopen=no
ac_cv_func_shl_load=no
ac_cv_header_dlfcn_h=yes
ac_cv_header_inttypes_h=yes
ac_cv_header_memory_h=yes
ac_cv_header_stdc=yes
ac_cv_header_stdint_h=yes
ac_cv_header_stdlib_h=yes
ac_cv_header_string_h=yes
ac_cv_header_strings_h=yes
ac_cv_header_sys_stat_h=yes
ac_cv_header_sys_types_h=yes
ac_cv_header_unistd_h=yes
ac_cv_host=i686-pc-linux-gnu
ac_cv_lib_dl_dlopen=yes
ac_cv_lib_dld_shl_load=no
ac_cv_objext=o
ac_cv_path_EGREP='/bin/grep -E'
ac_cv_path_FGREP='/bin/grep -F'
ac_cv_path_GREP=/bin/grep
ac_cv_path_SED=/bin/sed
ac_cv_path_install='/usr/bin/install -c'
ac_cv_path_mkdir=/bin/mkdir
ac_cv_prog_AWK=gawk
ac_cv_prog_CPP='gcc -E'
ac_cv_prog_CXXCPP='g++ -E'
ac_cv_prog_ac_ct_AR=ar
ac_cv_prog_ac_ct_CC=gcc
ac_cv_prog_ac_ct_CXX=g++
ac_cv_prog_ac_ct_OBJDUMP=objdump
ac_cv_prog_ac_ct_RANLIB=ranlib
ac_cv_prog_ac_ct_STRIP=strip
ac_cv_prog_cc_c89=
ac_cv_prog_cc_g=yes
ac_cv_prog_cxx_g=yes
ac_cv_prog_make_make_set=yes
am_cv_CC_dependencies_compiler_type=gcc3
am_cv_CXX_dependencies_compiler_type=gcc3
am_cv_pathless_PYTHON=none
lt_cv_deplibs_check_method=pass_all
lt_cv_dlopen=dlopen
lt_cv_dlopen_libs=-ldl
lt_cv_dlopen_self=yes
lt_cv_dlopen_self_static=no
lt_cv_file_magic_cmd='$MAGIC_CMD'
lt_cv_file_magic_test_file=
lt_cv_ld_reload_flag=-r
lt_cv_nm_interface='BSD nm'
lt_cv_objdir=.libs
lt_cv_path_LD=/usr/bin/ld
lt_cv_path_LDCXX=/usr/bin/ld
lt_cv_path_NM='/usr/bin/nm -B'
lt_cv_prog_compiler_c_o=yes
lt_cv_prog_compiler_c_o_CXX=yes
lt_cv_prog_compiler_pic_works=yes
lt_cv_prog_compiler_pic_works_CXX=yes
lt_cv_prog_compiler_rtti_exceptions=no
lt_cv_prog_compiler_static_works=yes
lt_cv_prog_compiler_static_works_CXX=yes
lt_cv_prog_gnu_ld=yes
lt_cv_prog_gnu_ldcxx=yes
lt_cv_sys_global_symbol_pipe='sed -n -e '\''s/^.*[	 ]\([ABCDGIRSTW][ABCDGIRSTW]*\)[	 ][	 ]*\([_A-Za-z][_A-Za-z0-9]*\)$/\1 \2 \2/p'\'''
lt_cv_sys_global_symbol_to_c_name_address='sed -n -e '\''s/^: \([^ ]*\) $/  {\"\1\", (void *) 0},/p'\'' -e '\''s/^[ABCDGIRSTW]* \([^ ]*\) \([^ ]*\)$/  {"\2", (void *) \&\2},/p'\'''
lt_cv_sys_global_symbol_to_c_name_address_lib_prefix='sed -n -e '\''s/^: \([^ ]*\) $/  {\"\1\", (void *) 0},/p'\'' -e '\''s/^[ABCDGIRSTW]* \([^ ]*\) \(lib[^ ]*\)$/  {"\2", (void *) \&\2},/p'\'' -e '\''s/^[ABCDGIRSTW]* \([^ ]*\) \([^ ]*\)$/  {"lib\2", (void *) \&\2},/p'\'''
lt_cv_sys_global_symbol_to_cdecl='sed -n -e '\''s/^T .* \(.*\)$/extern int \1();/p'\'' -e '\''s/^[ABCDGIRSTW]* .* \(.*\)$/extern char \1;/p'\'''
lt_cv_sys_max_cmd_len=98304

## ----------------- ##
## Output variables. ##
## ----------------- ##

ACLOCAL='${SHELL} /data/apogee/apps/python/missing --run aclocal-1.10'
AMDEPBACKSLASH='\'
AMDEP_FALSE='#'
AMDEP_TRUE=''
AMTAR='${SHELL} /data/apogee/apps/python/missing --run tar'
AR='ar'
AUTOCONF='${SHELL} /data/apogee/apps/python/missing --run autoconf'
AUTOHEADER='${SHELL} /data/apogee/apps/python/missing --run autoheader'
AUTOMAKE='${SHELL} /data/apogee/apps/python/missing --run automake-1.10'
AWK='gawk'
AX_SWIG_PYTHON_CPPFLAGS=''
AX_SWIG_PYTHON_OPT=''
CC='gcc'
CCDEPMODE='depmode=gcc3'
CFLAGS='-I/opt/apogee/include'
CPP='gcc -E'
CPPFLAGS='-I/opt/apogee/include/libapogee-2.1/apogee'
CXX='g++'
CXXCPP='g++ -E'
CXXDEPMODE='depmode=gcc3'
CXXFLAGS='-g -O2'
CYGPATH_W='echo'
DEFS=''
DEPDIR='.deps'
DSYMUTIL=''
DUMPBIN=''
ECHO_C=''
ECHO_N='-n'
ECHO_T=''
EGREP='/bin/grep -E'
EXEEXT=''
FGREP='/bin/grep -F'
GREP='/bin/grep'
INSTALL_DATA='${INSTALL} -m 644'
INSTALL_PROGRAM='${INSTALL}'
INSTALL_SCRIPT='${INSTALL}'
INSTALL_STRIP_PROGRAM='$(install_sh) -c -s'
LD='/usr/bin/ld'
LDFLAGS='-L/opt/apogee/lib'
LIBOBJS=''
LIBS=''
LIBTOOL='$(SHELL) $(top_builddir)/libtool'
LIPO=''
LN_S='ln -s'
LTLIBOBJS=''
MAKEINFO='${SHELL} /data/apogee/apps/python/missing --run makeinfo'
NM='/usr/bin/nm -B'
NMEDIT=''
OBJDUMP='objdump'
OBJEXT='o'
OTOOL64=''
OTOOL=''
PACKAGE='pylibapogee'
PACKAGE_BUGREPORT='support@ccd.com'
PACKAGE_NAME='pyLibapogee'
PACKAGE_STRING='pyLibapogee 0.0.1'
PACKAGE_TARNAME='pylibapogee'
PACKAGE_VERSION='0.0.1'
PATH_SEPARATOR=':'
PYTHON=':'
PYTHON_CPPFLAGS=''
PYTHON_EXEC_PREFIX=''
PYTHON_EXTRA_LDFLAGS=''
PYTHON_EXTRA_LIBS=''
PYTHON_LDFLAGS=''
PYTHON_PLATFORM=''
PYTHON_PREFIX=''
PYTHON_SITE_PKG=''
PYTHON_VERSION=''
RANLIB='ranlib'
SED='/bin/sed'
SET_MAKE=''
SHELL='/bin/bash'
STRIP='strip'
SWIG=''
SWIG_LIB=''
VERSION='0.0.1'
ac_ct_CC='gcc'
ac_ct_CXX='g++'
ac_ct_DUMPBIN=''
am__fastdepCC_FALSE='#'
am__fastdepCC_TRUE=''
am__fastdepCXX_FALSE='#'
am__fastdepCXX_TRUE=''
am__include='include'
am__isrc=' -I$(srcdir)'
am__leading_dot='.'
am__quote=''
am__tar='${AMTAR} chof - "$$tardir"'
am__untar='${AMTAR} xf -'
bindir='${exec_prefix}/bin'
build='i686-pc-linux-gnu'
build_alias=''
build_cpu='i686'
build_os='linux-gnu'
build_vendor='pc'
datadir='${datarootdir}'
datarootdir='${prefix}/share'
docdir='${datarootdir}/doc/${PACKAGE_TARNAME}'
dvidir='${docdir}'
exec_prefix='NONE'
host='i686-pc-linux-gnu'
host_alias=''
host_cpu='i686'
host_os='linux-gnu'
host_vendor='pc'
htmldir='${docdir}'
includedir='${prefix}/include'
infodir='${datarootdir}/info'
install_sh='$(SHELL) /data/apogee/apps/python/install-sh'
libdir='${exec_prefix}/lib'
libexecdir='${exec_prefix}/libexec'
localedir='${datarootdir}/locale'
localstatedir='${prefix}/var'
lt_ECHO='echo'
mandir='${datarootdir}/man'
mkdir_p='/bin/mkdir -p'
oldincludedir='/usr/include'
pdfdir='${docdir}'
pkgpyexecdir=''
pkgpythondir=''
prefix='NONE'
program_transform_name='s,x,x,'
psdir='${docdir}'
pyexecdir=''
pythondir=''
sbindir='${exec_prefix}/sbin'
sharedstatedir='${prefix}/com'
sysconfdir='${prefix}/etc'
target_alias=''

## ----------- ##
## confdefs.h. ##
## ----------- ##

#define PACKAGE_NAME "pyLibapogee"
#define PACKAGE_TARNAME "pylibapogee"
#define PACKAGE_VERSION "0.0.1"
#define PACKAGE_STRING "pyLibapogee 0.0.1"
#define PACKAGE_BUGREPORT "support@ccd.com"
#define PACKAGE "pyLibapogee"
#define VERSION "0.0.1"
#define PACKAGE "pylibapogee"
#define VERSION "0.0.1"
#define STDC_HEADERS 1
#define HAVE_SYS_TYPES_H 1
#define HAVE_SYS_STAT_H 1
#define HAVE_STDLIB_H 1
#define HAVE_STRING_H 1
#define HAVE_MEMORY_H 1
#define HAVE_STRINGS_H 1
#define HAVE_INTTYPES_H 1
#define HAVE_STDINT_H 1
#define HAVE_UNISTD_H 1
#define HAVE_DLFCN_H 1
#define LT_OBJDIR ".libs/"

configure: exit 1
