14:49:42 **** Incremental Build of configuration Release_x64 for project CArcDisplay ****
make all 
Building file: ../src/ArcDisplayCAPI.cpp
Invoking: GCC C++ Compiler
g++ -I/home/streit/Documents/ARC_API/3.5/xpa-2.1.14/linux/x64/include -O3 -Wall -c -fmessage-length=0 -std=c++11 -fPIC -MMD -MP -MF"src/ArcDisplayCAPI.d" -MT"src/ArcDisplayCAPI.d" -o"src/ArcDisplayCAPI.o" "../src/ArcDisplayCAPI.cpp"
Finished building: ../src/ArcDisplayCAPI.cpp
 
Building file: ../src/CArcDisplay.cpp
Invoking: GCC C++ Compiler
g++ -I/home/streit/Documents/ARC_API/3.5/xpa-2.1.14/linux/x64/include -O3 -Wall -c -fmessage-length=0 -std=c++11 -fPIC -MMD -MP -MF"src/CArcDisplay.d" -MT"src/CArcDisplay.d" -o"src/CArcDisplay.o" "../src/CArcDisplay.cpp"
Finished building: ../src/CArcDisplay.cpp
 
Building file: ../src/DllMain.cpp
Invoking: GCC C++ Compiler
g++ -I/home/streit/Documents/ARC_API/3.5/xpa-2.1.14/linux/x64/include -O3 -Wall -c -fmessage-length=0 -std=c++11 -fPIC -MMD -MP -MF"src/DllMain.d" -MT"src/DllMain.d" -o"src/DllMain.o" "../src/DllMain.cpp"
Finished building: ../src/DllMain.cpp
 
Building target: libCArcDisplay.so
Invoking: GCC C++ Linker
g++ -L/home/streit/Documents/ARC_API/3.5/xpa-2.1.14/linux/x64/lib -shared -o "libCArcDisplay.so"  ./src/ArcDisplayCAPI.o ./src/CArcDisplay.o ./src/DllMain.o   -lxpa
Finished building target: libCArcDisplay.so
 
make --no-print-directory post-build
cp /home/streit/Documents/ARC_API/3.5/CArcDisplay/Release_x64/libCArcDisplay.so /home/streit/Documents/ARC_API/3.5/Release/x64
 

14:49:42 Build Finished (took 559ms)

