14:50:26 **** Incremental Build of configuration Release_x64 for project CArcImage ****
make all 
Building file: ../src/ArcImageCAPI.cpp
Invoking: GCC C++ Compiler
g++ -O3 -Wall -c -fmessage-length=0 -std=c++11 -fPIC -MMD -MP -MF"src/ArcImageCAPI.d" -MT"src/ArcImageCAPI.d" -o"src/ArcImageCAPI.o" "../src/ArcImageCAPI.cpp"
Finished building: ../src/ArcImageCAPI.cpp
 
Building file: ../src/CArcImage.cpp
Invoking: GCC C++ Compiler
g++ -O3 -Wall -c -fmessage-length=0 -std=c++11 -fPIC -MMD -MP -MF"src/CArcImage.d" -MT"src/CArcImage.d" -o"src/CArcImage.o" "../src/CArcImage.cpp"
Finished building: ../src/CArcImage.cpp
 
Building file: ../src/DllMain.cpp
Invoking: GCC C++ Compiler
g++ -O3 -Wall -c -fmessage-length=0 -std=c++11 -fPIC -MMD -MP -MF"src/DllMain.d" -MT"src/DllMain.d" -o"src/DllMain.o" "../src/DllMain.cpp"
Finished building: ../src/DllMain.cpp
 
Building target: libCArcImage.so
Invoking: GCC C++ Linker
g++ -shared -o "libCArcImage.so"  ./src/ArcImageCAPI.o ./src/CArcImage.o ./src/DllMain.o   
Finished building target: libCArcImage.so
 
make --no-print-directory post-build
cp /home/streit/Documents/ARC_API/3.5/CArcImage/Release_x64/libCArcImage.so /home/streit/Documents/ARC_API/3.5/Release/x64
 

14:50:28 Build Finished (took 1s.862ms)

