14:50:01 **** Incremental Build of configuration Release_x32 for project CArcFitsFile ****
make all 
Building file: ../src/ArcFitsFileCAPI.cpp
Invoking: GCC C++ Compiler
g++ -I/home/streit/Documents/ARC_API/3.5/cfitsio-3330/linux/x32/include -O3 -Wall -c -fmessage-length=0 -std=c++0x -m32 -fPIC -MMD -MP -MF"src/ArcFitsFileCAPI.d" -MT"src/ArcFitsFileCAPI.d" -o"src/ArcFitsFileCAPI.o" "../src/ArcFitsFileCAPI.cpp"
Finished building: ../src/ArcFitsFileCAPI.cpp
 
Building file: ../src/CArcFitsFile.cpp
Invoking: GCC C++ Compiler
g++ -I/home/streit/Documents/ARC_API/3.5/cfitsio-3330/linux/x32/include -O3 -Wall -c -fmessage-length=0 -std=c++0x -m32 -fPIC -MMD -MP -MF"src/CArcFitsFile.d" -MT"src/CArcFitsFile.d" -o"src/CArcFitsFile.o" "../src/CArcFitsFile.cpp"
Finished building: ../src/CArcFitsFile.cpp
 
Building file: ../src/DllMain.cpp
Invoking: GCC C++ Compiler
g++ -I/home/streit/Documents/ARC_API/3.5/cfitsio-3330/linux/x32/include -O3 -Wall -c -fmessage-length=0 -std=c++0x -m32 -fPIC -MMD -MP -MF"src/DllMain.d" -MT"src/DllMain.d" -o"src/DllMain.o" "../src/DllMain.cpp"
Finished building: ../src/DllMain.cpp
 
Building target: libCArcFitsFile.so
Invoking: GCC C++ Linker
g++ -L/home/streit/Documents/ARC_API/3.5/cfitsio-3330/linux/x32/lib -m32 -shared -o "libCArcFitsFile.so"  ./src/ArcFitsFileCAPI.o ./src/CArcFitsFile.o ./src/DllMain.o   -lcfitsio -lc
Finished building target: libCArcFitsFile.so
 
make --no-print-directory post-build
cp /home/streit/Documents/ARC_API/3.5/CArcFitsFile/Release_x32/libCArcFitsFile.so /home/streit/Documents/ARC_API/3.5/Release/x32
 

14:50:03 Build Finished (took 1s.462ms)

