This file contains any messages produced by compilers while
running configure, to aid debugging if configure makes a mistake.

It was created by libapogee configure 3.0.3234, which was
generated by GNU Autoconf 2.69.  Invocation command line was

  $ ./configure --prefix=/opt/apogee --enable-python-wrapper --enable-java-wrapper

## --------- ##
## Platform. ##
## --------- ##

hostname = centos67vm
uname -m = x86_64
uname -r = 2.6.32-573.el6.x86_64
uname -s = Linux
uname -v = #1 SMP Thu Jul 23 15:44:03 UTC 2015

/usr/bin/uname -p = unknown
/bin/uname -X     = unknown

/bin/arch              = x86_64
/usr/bin/arch -k       = unknown
/usr/convex/getsysinfo = unknown
/usr/bin/hostinfo      = unknown
/bin/machine           = unknown
/usr/bin/oslevel       = unknown
/bin/universe          = unknown

PATH: /usr/lib64/qt-3.3/bin
PATH: /usr/local/bin
PATH: /usr/bin
PATH: /bin
PATH: /usr/local/sbin
PATH: /usr/sbin
PATH: /sbin
PATH: /home/rfactory/bin


## ----------- ##
## Core tests. ##
## ----------- ##

configure:2592: checking for a BSD-compatible install
configure:2660: result: /usr/bin/install -c
configure:2671: checking whether build environment is sane
configure:2721: result: yes
configure:2862: checking for a thread-safe mkdir -p
configure:2901: result: /bin/mkdir -p
configure:2914: checking for gawk
configure:2930: found /usr/bin/gawk
configure:2941: result: gawk
configure:2952: checking whether make sets $(MAKE)
configure:2974: result: yes
configure:3165: checking build system type
configure:3179: result: x86_64-unknown-linux-gnu
configure:3199: checking host system type
configure:3212: result: x86_64-unknown-linux-gnu
configure:3244: checking for style of include used by make
configure:3272: result: GNU
configure:3343: checking for gcc
configure:3359: found /usr/bin/gcc
configure:3370: result: gcc
configure:3599: checking for C compiler version
configure:3608: gcc --version >&5
gcc (GCC) 4.4.7 20120313 (Red Hat 4.4.7-16)
Copyright (C) 2010 Free Software Foundation, Inc.
This is free software; see the source for copying conditions.  There is NO
warranty; not even for MERCHANTABILITY or FITNESS FOR A PARTICULAR PURPOSE.

configure:3619: $? = 0
configure:3608: gcc -v >&5
Using built-in specs.
Target: x86_64-redhat-linux
Configured with: ../configure --prefix=/usr --mandir=/usr/share/man --infodir=/usr/share/info --with-bugurl=http://bugzilla.redhat.com/bugzilla --enable-bootstrap --enable-shared --enable-threads=posix --enable-checking=release --with-system-zlib --enable-__cxa_atexit --disable-libunwind-exceptions --enable-gnu-unique-object --enable-languages=c,c++,objc,obj-c++,java,fortran,ada --enable-java-awt=gtk --disable-dssi --with-java-home=/usr/lib/jvm/java-1.5.0-gcj-1.5.0.0/jre --enable-libgcj-multifile --enable-java-maintainer-mode --with-ecj-jar=/usr/share/java/eclipse-ecj.jar --disable-libjava-multilib --with-ppl --with-cloog --with-tune=generic --with-arch_32=i686 --build=x86_64-redhat-linux
Thread model: posix
gcc version 4.4.7 20120313 (Red Hat 4.4.7-16) (GCC) 
configure:3619: $? = 0
configure:3608: gcc -V >&5
gcc: '-V' option must have argument
configure:3619: $? = 1
configure:3608: gcc -qversion >&5
gcc: unrecognized option '-qversion'
gcc: no input files
configure:3619: $? = 1
configure:3639: checking whether the C compiler works
configure:3661: gcc    conftest.c  >&5
configure:3665: $? = 0
configure:3713: result: yes
configure:3716: checking for C compiler default output file name
configure:3718: result: a.out
configure:3724: checking for suffix of executables
configure:3731: gcc -o conftest    conftest.c  >&5
configure:3735: $? = 0
configure:3757: result: 
configure:3779: checking whether we are cross compiling
configure:3787: gcc -o conftest    conftest.c  >&5
configure:3791: $? = 0
configure:3798: ./conftest
configure:3802: $? = 0
configure:3817: result: no
configure:3822: checking for suffix of object files
configure:3844: gcc -c   conftest.c >&5
configure:3848: $? = 0
configure:3869: result: o
configure:3873: checking whether we are using the GNU C compiler
configure:3892: gcc -c   conftest.c >&5
configure:3892: $? = 0
configure:3901: result: yes
configure:3910: checking whether gcc accepts -g
configure:3930: gcc -c -g  conftest.c >&5
configure:3930: $? = 0
configure:3971: result: yes
configure:3988: checking for gcc option to accept ISO C89
configure:4051: gcc  -c -g -O2  conftest.c >&5
configure:4051: $? = 0
configure:4064: result: none needed
configure:4086: checking dependency style of gcc
configure:4197: result: gcc3
configure:4214: checking dependency style of gcc
configure:4325: result: gcc3
configure:4340: checking for a sed that does not truncate output
configure:4404: result: /bin/sed
configure:4422: checking for grep that handles long lines and -e
configure:4480: result: /bin/grep
configure:4485: checking for egrep
configure:4547: result: /bin/grep -E
configure:4552: checking for fgrep
configure:4614: result: /bin/grep -F
configure:4649: checking for ld used by gcc
configure:4716: result: /usr/bin/ld
configure:4723: checking if the linker (/usr/bin/ld) is GNU ld
configure:4738: result: yes
configure:4750: checking for BSD- or MS-compatible name lister (nm)
configure:4799: result: /usr/bin/nm -B
configure:4917: checking the name lister (/usr/bin/nm -B) interface
configure:4924: gcc -c -g -O2  conftest.c >&5
configure:4927: /usr/bin/nm -B "conftest.o"
configure:4930: output
0000000000000000 B some_variable
configure:4937: result: BSD nm
configure:4940: checking whether ln -s works
configure:4944: result: yes
configure:4952: checking the maximum length of command line arguments
configure:5072: result: 1966080
configure:5089: checking whether the shell understands some XSI constructs
configure:5099: result: yes
configure:5103: checking whether the shell understands "+="
configure:5109: result: yes
configure:5144: checking for /usr/bin/ld option to reload object files
configure:5151: result: -r
configure:5220: checking for objdump
configure:5236: found /usr/bin/objdump
configure:5247: result: objdump
configure:5279: checking how to recognize dependent libraries
configure:5475: result: pass_all
configure:5535: checking for ar
configure:5551: found /usr/bin/ar
configure:5562: result: ar
configure:5640: checking for strip
configure:5656: found /usr/bin/strip
configure:5667: result: strip
configure:5739: checking for ranlib
configure:5755: found /usr/bin/ranlib
configure:5766: result: ranlib
configure:5856: checking command to parse /usr/bin/nm -B output from gcc object
configure:5974: gcc -c -g -O2  conftest.c >&5
configure:5977: $? = 0
configure:5981: /usr/bin/nm -B conftest.o \| sed -n -e 's/^.*[	 ]\([ABCDGIRSTW][ABCDGIRSTW]*\)[	 ][	 ]*\([_A-Za-z][_A-Za-z0-9]*\)$/\1 \2 \2/p' \> conftest.nm
configure:5984: $? = 0
configure:6038: gcc -o conftest -g -O2   conftest.c conftstm.o >&5
configure:6041: $? = 0
configure:6079: result: ok
configure:6175: gcc -c -g -O2  conftest.c >&5
configure:6178: $? = 0
configure:6888: checking how to run the C preprocessor
configure:6919: gcc -E  conftest.c
configure:6919: $? = 0
configure:6933: gcc -E  conftest.c
conftest.c:13:28: error: ac_nonexistent.h: No such file or directory
configure:6933: $? = 1
configure: failed program was:
| /* confdefs.h */
| #define PACKAGE_NAME "libapogee"
| #define PACKAGE_TARNAME "libapogee"
| #define PACKAGE_VERSION "3.0.3234"
| #define PACKAGE_STRING "libapogee 3.0.3234"
| #define PACKAGE_BUGREPORT "support@ccd.com"
| #define PACKAGE_URL ""
| #define PACKAGE "libapogee"
| #define VERSION "3.0.3234"
| #define PACKAGE "libapogee"
| #define VERSION "3.0.3234"
| /* end confdefs.h.  */
| #include <ac_nonexistent.h>
configure:6958: result: gcc -E
configure:6978: gcc -E  conftest.c
configure:6978: $? = 0
configure:6992: gcc -E  conftest.c
conftest.c:13:28: error: ac_nonexistent.h: No such file or directory
configure:6992: $? = 1
configure: failed program was:
| /* confdefs.h */
| #define PACKAGE_NAME "libapogee"
| #define PACKAGE_TARNAME "libapogee"
| #define PACKAGE_VERSION "3.0.3234"
| #define PACKAGE_STRING "libapogee 3.0.3234"
| #define PACKAGE_BUGREPORT "support@ccd.com"
| #define PACKAGE_URL ""
| #define PACKAGE "libapogee"
| #define VERSION "3.0.3234"
| #define PACKAGE "libapogee"
| #define VERSION "3.0.3234"
| /* end confdefs.h.  */
| #include <ac_nonexistent.h>
configure:7021: checking for ANSI C header files
configure:7041: gcc -c -g -O2  conftest.c >&5
configure:7041: $? = 0
configure:7114: gcc -o conftest -g -O2   conftest.c  >&5
configure:7114: $? = 0
configure:7114: ./conftest
configure:7114: $? = 0
configure:7125: result: yes
configure:7138: checking for sys/types.h
configure:7138: gcc -c -g -O2  conftest.c >&5
configure:7138: $? = 0
configure:7138: result: yes
configure:7138: checking for sys/stat.h
configure:7138: gcc -c -g -O2  conftest.c >&5
configure:7138: $? = 0
configure:7138: result: yes
configure:7138: checking for stdlib.h
configure:7138: gcc -c -g -O2  conftest.c >&5
configure:7138: $? = 0
configure:7138: result: yes
configure:7138: checking for string.h
configure:7138: gcc -c -g -O2  conftest.c >&5
configure:7138: $? = 0
configure:7138: result: yes
configure:7138: checking for memory.h
configure:7138: gcc -c -g -O2  conftest.c >&5
configure:7138: $? = 0
configure:7138: result: yes
configure:7138: checking for strings.h
configure:7138: gcc -c -g -O2  conftest.c >&5
configure:7138: $? = 0
configure:7138: result: yes
configure:7138: checking for inttypes.h
configure:7138: gcc -c -g -O2  conftest.c >&5
configure:7138: $? = 0
configure:7138: result: yes
configure:7138: checking for stdint.h
configure:7138: gcc -c -g -O2  conftest.c >&5
configure:7138: $? = 0
configure:7138: result: yes
configure:7138: checking for unistd.h
configure:7138: gcc -c -g -O2  conftest.c >&5
configure:7138: $? = 0
configure:7138: result: yes
configure:7152: checking for dlfcn.h
configure:7152: gcc -c -g -O2  conftest.c >&5
configure:7152: $? = 0
configure:7152: result: yes
configure:7335: checking for objdir
configure:7350: result: .libs
configure:7646: checking if gcc supports -fno-rtti -fno-exceptions
configure:7664: gcc -c -g -O2  -fno-rtti -fno-exceptions conftest.c >&5
cc1: warning: command line option "-fno-rtti" is valid for C++/ObjC++ but not for C
configure:7668: $? = 0
configure:7681: result: no
configure:7701: checking for gcc option to produce PIC
configure:7973: result: -fPIC -DPIC
configure:7985: checking if gcc PIC flag -fPIC -DPIC works
configure:8003: gcc -c -g -O2  -fPIC -DPIC -DPIC conftest.c >&5
configure:8007: $? = 0
configure:8020: result: yes
configure:8044: checking if gcc static flag -static works
configure:8072: result: no
configure:8087: checking if gcc supports -c -o file.o
configure:8108: gcc -c -g -O2  -o out/conftest2.o conftest.c >&5
configure:8112: $? = 0
configure:8134: result: yes
configure:8142: checking if gcc supports -c -o file.o
configure:8189: result: yes
configure:8222: checking whether the gcc linker (/usr/bin/ld -m elf_x86_64) supports shared libraries
configure:9213: result: yes
configure:9250: checking whether -lc should be explicitly linked in
configure:9255: gcc -c -g -O2  conftest.c >&5
configure:9258: $? = 0
configure:9273: gcc -shared conftest.o  -v -Wl,-soname -Wl,conftest -o conftest 2\>\&1 \| /bin/grep  -lc  \>/dev/null 2\>\&1
configure:9276: $? = 0
configure:9288: result: no
configure:9452: checking dynamic linker characteristics
configure:9885: gcc -o conftest -g -O2   -Wl,-rpath -Wl,/foo conftest.c  >&5
configure:9885: $? = 0
configure:10115: result: GNU/Linux ld.so
configure:10217: checking how to hardcode library paths into programs
configure:10242: result: immediate
configure:10336: checking for shl_load
configure:10336: gcc -o conftest -g -O2   conftest.c  >&5
/tmp/ccIcRjbD.o: In function `main':
/opt/apogee/libapogee/conftest.c:59: undefined reference to `shl_load'
collect2: ld returned 1 exit status
configure:10336: $? = 1
configure: failed program was:
| /* confdefs.h */
| #define PACKAGE_NAME "libapogee"
| #define PACKAGE_TARNAME "libapogee"
| #define PACKAGE_VERSION "3.0.3234"
| #define PACKAGE_STRING "libapogee 3.0.3234"
| #define PACKAGE_BUGREPORT "support@ccd.com"
| #define PACKAGE_URL ""
| #define PACKAGE "libapogee"
| #define VERSION "3.0.3234"
| #define PACKAGE "libapogee"
| #define VERSION "3.0.3234"
| #define STDC_HEADERS 1
| #define HAVE_SYS_TYPES_H 1
| #define HAVE_SYS_STAT_H 1
| #define HAVE_STDLIB_H 1
| #define HAVE_STRING_H 1
| #define HAVE_MEMORY_H 1
| #define HAVE_STRINGS_H 1
| #define HAVE_INTTYPES_H 1
| #define HAVE_STDINT_H 1
| #define HAVE_UNISTD_H 1
| #define HAVE_DLFCN_H 1
| #define LT_OBJDIR ".libs/"
| /* end confdefs.h.  */
| /* Define shl_load to an innocuous variant, in case <limits.h> declares shl_load.
|    For example, HP-UX 11i <limits.h> declares gettimeofday.  */
| #define shl_load innocuous_shl_load
| 
| /* System header to define __stub macros and hopefully few prototypes,
|     which can conflict with char shl_load (); below.
|     Prefer <limits.h> to <assert.h> if __STDC__ is defined, since
|     <limits.h> exists even on freestanding compilers.  */
| 
| #ifdef __STDC__
| # include <limits.h>
| #else
| # include <assert.h>
| #endif
| 
| #undef shl_load
| 
| /* Override any GCC internal prototype to avoid an error.
|    Use char because int might match the return type of a GCC
|    builtin and then its argument prototype would still apply.  */
| #ifdef __cplusplus
| extern "C"
| #endif
| char shl_load ();
| /* The GNU C library defines this for functions which it implements
|     to always fail with ENOSYS.  Some functions are actually named
|     something starting with __ and the normal name is an alias.  */
| #if defined __stub_shl_load || defined __stub___shl_load
| choke me
| #endif
| 
| int
| main ()
| {
| return shl_load ();
|   ;
|   return 0;
| }
configure:10336: result: no
configure:10340: checking for shl_load in -ldld
configure:10365: gcc -o conftest -g -O2   conftest.c -ldld   >&5
/usr/bin/ld: cannot find -ldld
collect2: ld returned 1 exit status
configure:10365: $? = 1
configure: failed program was:
| /* confdefs.h */
| #define PACKAGE_NAME "libapogee"
| #define PACKAGE_TARNAME "libapogee"
| #define PACKAGE_VERSION "3.0.3234"
| #define PACKAGE_STRING "libapogee 3.0.3234"
| #define PACKAGE_BUGREPORT "support@ccd.com"
| #define PACKAGE_URL ""
| #define PACKAGE "libapogee"
| #define VERSION "3.0.3234"
| #define PACKAGE "libapogee"
| #define VERSION "3.0.3234"
| #define STDC_HEADERS 1
| #define HAVE_SYS_TYPES_H 1
| #define HAVE_SYS_STAT_H 1
| #define HAVE_STDLIB_H 1
| #define HAVE_STRING_H 1
| #define HAVE_MEMORY_H 1
| #define HAVE_STRINGS_H 1
| #define HAVE_INTTYPES_H 1
| #define HAVE_STDINT_H 1
| #define HAVE_UNISTD_H 1
| #define HAVE_DLFCN_H 1
| #define LT_OBJDIR ".libs/"
| /* end confdefs.h.  */
| 
| /* Override any GCC internal prototype to avoid an error.
|    Use char because int might match the return type of a GCC
|    builtin and then its argument prototype would still apply.  */
| #ifdef __cplusplus
| extern "C"
| #endif
| char shl_load ();
| int
| main ()
| {
| return shl_load ();
|   ;
|   return 0;
| }
configure:10374: result: no
configure:10379: checking for dlopen
configure:10379: gcc -o conftest -g -O2   conftest.c  >&5
/tmp/ccLrQC9M.o: In function `main':
/opt/apogee/libapogee/conftest.c:59: undefined reference to `dlopen'
collect2: ld returned 1 exit status
configure:10379: $? = 1
configure: failed program was:
| /* confdefs.h */
| #define PACKAGE_NAME "libapogee"
| #define PACKAGE_TARNAME "libapogee"
| #define PACKAGE_VERSION "3.0.3234"
| #define PACKAGE_STRING "libapogee 3.0.3234"
| #define PACKAGE_BUGREPORT "support@ccd.com"
| #define PACKAGE_URL ""
| #define PACKAGE "libapogee"
| #define VERSION "3.0.3234"
| #define PACKAGE "libapogee"
| #define VERSION "3.0.3234"
| #define STDC_HEADERS 1
| #define HAVE_SYS_TYPES_H 1
| #define HAVE_SYS_STAT_H 1
| #define HAVE_STDLIB_H 1
| #define HAVE_STRING_H 1
| #define HAVE_MEMORY_H 1
| #define HAVE_STRINGS_H 1
| #define HAVE_INTTYPES_H 1
| #define HAVE_STDINT_H 1
| #define HAVE_UNISTD_H 1
| #define HAVE_DLFCN_H 1
| #define LT_OBJDIR ".libs/"
| /* end confdefs.h.  */
| /* Define dlopen to an innocuous variant, in case <limits.h> declares dlopen.
|    For example, HP-UX 11i <limits.h> declares gettimeofday.  */
| #define dlopen innocuous_dlopen
| 
| /* System header to define __stub macros and hopefully few prototypes,
|     which can conflict with char dlopen (); below.
|     Prefer <limits.h> to <assert.h> if __STDC__ is defined, since
|     <limits.h> exists even on freestanding compilers.  */
| 
| #ifdef __STDC__
| # include <limits.h>
| #else
| # include <assert.h>
| #endif
| 
| #undef dlopen
| 
| /* Override any GCC internal prototype to avoid an error.
|    Use char because int might match the return type of a GCC
|    builtin and then its argument prototype would still apply.  */
| #ifdef __cplusplus
| extern "C"
| #endif
| char dlopen ();
| /* The GNU C library defines this for functions which it implements
|     to always fail with ENOSYS.  Some functions are actually named
|     something starting with __ and the normal name is an alias.  */
| #if defined __stub_dlopen || defined __stub___dlopen
| choke me
| #endif
| 
| int
| main ()
| {
| return dlopen ();
|   ;
|   return 0;
| }
configure:10379: result: no
configure:10383: checking for dlopen in -ldl
configure:10408: gcc -o conftest -g -O2   conftest.c -ldl   >&5
configure:10408: $? = 0
configure:10417: result: yes
configure:10536: checking whether a program can dlopen itself
configure:10606: gcc -o conftest -g -O2  -DHAVE_DLFCN_H  -Wl,--export-dynamic conftest.c -ldl  >&5
configure:10609: $? = 0
configure:10627: result: yes
configure:10632: checking whether a statically linked program can dlopen itself
configure:10702: gcc -o conftest -g -O2  -DHAVE_DLFCN_H  -Wl,--export-dynamic  conftest.c -ldl  >&5
configure:10705: $? = 0
configure:10723: result: yes
configure:10762: checking whether stripping libraries is possible
configure:10767: result: yes
configure:10802: checking if libtool supports shared libraries
configure:10804: result: yes
configure:10807: checking whether to build shared libraries
configure:10828: result: yes
configure:10831: checking whether to build static libraries
configure:10835: result: yes
configure:10930: checking for g++
configure:10946: found /usr/bin/g++
configure:10957: result: g++
configure:10984: checking for C++ compiler version
configure:10993: g++ --version >&5
g++ (GCC) 4.4.7 20120313 (Red Hat 4.4.7-16)
Copyright (C) 2010 Free Software Foundation, Inc.
This is free software; see the source for copying conditions.  There is NO
warranty; not even for MERCHANTABILITY or FITNESS FOR A PARTICULAR PURPOSE.

configure:11004: $? = 0
configure:10993: g++ -v >&5
Using built-in specs.
Target: x86_64-redhat-linux
Configured with: ../configure --prefix=/usr --mandir=/usr/share/man --infodir=/usr/share/info --with-bugurl=http://bugzilla.redhat.com/bugzilla --enable-bootstrap --enable-shared --enable-threads=posix --enable-checking=release --with-system-zlib --enable-__cxa_atexit --disable-libunwind-exceptions --enable-gnu-unique-object --enable-languages=c,c++,objc,obj-c++,java,fortran,ada --enable-java-awt=gtk --disable-dssi --with-java-home=/usr/lib/jvm/java-1.5.0-gcj-1.5.0.0/jre --enable-libgcj-multifile --enable-java-maintainer-mode --with-ecj-jar=/usr/share/java/eclipse-ecj.jar --disable-libjava-multilib --with-ppl --with-cloog --with-tune=generic --with-arch_32=i686 --build=x86_64-redhat-linux
Thread model: posix
gcc version 4.4.7 20120313 (Red Hat 4.4.7-16) (GCC) 
configure:11004: $? = 0
configure:10993: g++ -V >&5
g++: '-V' option must have argument
configure:11004: $? = 1
configure:10993: g++ -qversion >&5
g++: unrecognized option '-qversion'
g++: no input files
configure:11004: $? = 1
configure:11008: checking whether we are using the GNU C++ compiler
configure:11027: g++ -c   conftest.cpp >&5
configure:11027: $? = 0
configure:11036: result: yes
configure:11045: checking whether g++ accepts -g
configure:11065: g++ -c -g  conftest.cpp >&5
configure:11065: $? = 0
configure:11106: result: yes
configure:11131: checking dependency style of g++
configure:11242: result: gcc3
configure:11259: checking dependency style of g++
configure:11370: result: gcc3
configure:11498: checking for C++ compiler version
configure:11507: g++ --version >&5
g++ (GCC) 4.4.7 20120313 (Red Hat 4.4.7-16)
Copyright (C) 2010 Free Software Foundation, Inc.
This is free software; see the source for copying conditions.  There is NO
warranty; not even for MERCHANTABILITY or FITNESS FOR A PARTICULAR PURPOSE.

configure:11518: $? = 0
configure:11507: g++ -v >&5
Using built-in specs.
Target: x86_64-redhat-linux
Configured with: ../configure --prefix=/usr --mandir=/usr/share/man --infodir=/usr/share/info --with-bugurl=http://bugzilla.redhat.com/bugzilla --enable-bootstrap --enable-shared --enable-threads=posix --enable-checking=release --with-system-zlib --enable-__cxa_atexit --disable-libunwind-exceptions --enable-gnu-unique-object --enable-languages=c,c++,objc,obj-c++,java,fortran,ada --enable-java-awt=gtk --disable-dssi --with-java-home=/usr/lib/jvm/java-1.5.0-gcj-1.5.0.0/jre --enable-libgcj-multifile --enable-java-maintainer-mode --with-ecj-jar=/usr/share/java/eclipse-ecj.jar --disable-libjava-multilib --with-ppl --with-cloog --with-tune=generic --with-arch_32=i686 --build=x86_64-redhat-linux
Thread model: posix
gcc version 4.4.7 20120313 (Red Hat 4.4.7-16) (GCC) 
configure:11518: $? = 0
configure:11507: g++ -V >&5
g++: '-V' option must have argument
configure:11518: $? = 1
configure:11507: g++ -qversion >&5
g++: unrecognized option '-qversion'
g++: no input files
configure:11518: $? = 1
configure:11522: checking whether we are using the GNU C++ compiler
configure:11550: result: yes
configure:11559: checking whether g++ accepts -g
configure:11620: result: yes
configure:11645: checking dependency style of g++
configure:11756: result: gcc3
configure:11773: checking dependency style of g++
configure:11884: result: gcc3
configure:11907: checking how to run the C++ preprocessor
configure:11934: g++ -E  conftest.cpp
configure:11934: $? = 0
configure:11948: g++ -E  conftest.cpp
conftest.cpp:25:28: error: ac_nonexistent.h: No such file or directory
configure:11948: $? = 1
configure: failed program was:
| /* confdefs.h */
| #define PACKAGE_NAME "libapogee"
| #define PACKAGE_TARNAME "libapogee"
| #define PACKAGE_VERSION "3.0.3234"
| #define PACKAGE_STRING "libapogee 3.0.3234"
| #define PACKAGE_BUGREPORT "support@ccd.com"
| #define PACKAGE_URL ""
| #define PACKAGE "libapogee"
| #define VERSION "3.0.3234"
| #define PACKAGE "libapogee"
| #define VERSION "3.0.3234"
| #define STDC_HEADERS 1
| #define HAVE_SYS_TYPES_H 1
| #define HAVE_SYS_STAT_H 1
| #define HAVE_STDLIB_H 1
| #define HAVE_STRING_H 1
| #define HAVE_MEMORY_H 1
| #define HAVE_STRINGS_H 1
| #define HAVE_INTTYPES_H 1
| #define HAVE_STDINT_H 1
| #define HAVE_UNISTD_H 1
| #define HAVE_DLFCN_H 1
| #define LT_OBJDIR ".libs/"
| /* end confdefs.h.  */
| #include <ac_nonexistent.h>
configure:11973: result: g++ -E
configure:11993: g++ -E  conftest.cpp
configure:11993: $? = 0
configure:12007: g++ -E  conftest.cpp
conftest.cpp:25:28: error: ac_nonexistent.h: No such file or directory
configure:12007: $? = 1
configure: failed program was:
| /* confdefs.h */
| #define PACKAGE_NAME "libapogee"
| #define PACKAGE_TARNAME "libapogee"
| #define PACKAGE_VERSION "3.0.3234"
| #define PACKAGE_STRING "libapogee 3.0.3234"
| #define PACKAGE_BUGREPORT "support@ccd.com"
| #define PACKAGE_URL ""
| #define PACKAGE "libapogee"
| #define VERSION "3.0.3234"
| #define PACKAGE "libapogee"
| #define VERSION "3.0.3234"
| #define STDC_HEADERS 1
| #define HAVE_SYS_TYPES_H 1
| #define HAVE_SYS_STAT_H 1
| #define HAVE_STDLIB_H 1
| #define HAVE_STRING_H 1
| #define HAVE_MEMORY_H 1
| #define HAVE_STRINGS_H 1
| #define HAVE_INTTYPES_H 1
| #define HAVE_STDINT_H 1
| #define HAVE_UNISTD_H 1
| #define HAVE_DLFCN_H 1
| #define LT_OBJDIR ".libs/"
| /* end confdefs.h.  */
| #include <ac_nonexistent.h>
configure:12175: checking for ld used by g++
configure:12242: result: /usr/bin/ld -m elf_x86_64
configure:12249: checking if the linker (/usr/bin/ld -m elf_x86_64) is GNU ld
configure:12264: result: yes
configure:12319: checking whether the g++ linker (/usr/bin/ld -m elf_x86_64) supports shared libraries
configure:13232: result: yes
configure:13260: g++ -c -g -O2  conftest.cpp >&5
configure:13263: $? = 0
configure:13445: checking for g++ option to produce PIC
configure:13762: result: -fPIC -DPIC
configure:13771: checking if g++ PIC flag -fPIC -DPIC works
configure:13789: g++ -c -g -O2  -fPIC -DPIC -DPIC conftest.cpp >&5
configure:13793: $? = 0
configure:13806: result: yes
configure:13827: checking if g++ static flag -static works
configure:13855: result: no
configure:13867: checking if g++ supports -c -o file.o
configure:13888: g++ -c -g -O2  -o out/conftest2.o conftest.cpp >&5
configure:13892: $? = 0
configure:13914: result: yes
configure:13919: checking if g++ supports -c -o file.o
configure:13966: result: yes
configure:13996: checking whether the g++ linker (/usr/bin/ld -m elf_x86_64) supports shared libraries
configure:14025: result: yes
configure:14162: checking dynamic linker characteristics
configure:14543: g++ -o conftest -g -O2   -Wl,-rpath -Wl,/foo conftest.cpp  >&5
configure:14543: $? = 0
configure:14773: result: GNU/Linux ld.so
configure:14824: checking how to hardcode library paths into programs
configure:14849: result: immediate
configure:14889: checking whether make sets $(MAKE)
configure:14911: result: yes
configure:14926: checking for doxygen
configure:14942: found /usr/bin/doxygen
configure:14953: result: doxygen
configure:14986: checking for stdint.h
configure:14986: result: yes
configure:14999: checking for curl_easy_init in -lcurl
configure:15024: gcc -o conftest -g -O2   conftest.c -lcurl   >&5
configure:15024: $? = 0
configure:15033: result: yes
configure:15053: checking curl/curl.h usability
configure:15053: gcc -c -g -O2  conftest.c >&5
configure:15053: $? = 0
configure:15053: result: yes
configure:15053: checking curl/curl.h presence
configure:15053: gcc -E  conftest.c
configure:15053: $? = 0
configure:15053: result: yes
configure:15053: checking for curl/curl.h
configure:15053: result: yes
configure:15075: checking for libusb_init in -lusb-1.0
configure:15100: gcc -o conftest -g -O2   conftest.c -lusb-1.0   >&5
configure:15100: $? = 0
configure:15109: result: yes
configure:15128: checking libusb-1.0/libusb.h usability
configure:15128: gcc -c -g -O2  conftest.c >&5
configure:15128: $? = 0
configure:15128: result: yes
configure:15128: checking libusb-1.0/libusb.h presence
configure:15128: gcc -E  conftest.c
configure:15128: $? = 0
configure:15128: result: yes
configure:15128: checking for libusb-1.0/libusb.h
configure:15128: result: yes
configure:15197: checking for boostlib >= 1.33.1
configure:15266: g++ -c -g -O2  -I/usr/include conftest.cpp >&5
configure:15266: $? = 0
configure:15268: result: yes
configure:15464: Adding pyLibapogee to the build
configure:15499: checking for a Python interpreter with version >= 2.6
configure:15516: python -c import sys # split strings by '.' and convert to numeric. Append some zeros # because we need at least 4 digits for the hex conversion. # map returns an iterator in Python 3.0 and a list in 2.x minver = list(map(int, '2.6'.split('.'))) + [0, 0, 0] minverhex = 0 # xrange is not present in Python 3.0 and range returns an iterator for i in list(range(0, 4)): minverhex = (minverhex << 8) + minver[i] sys.exit(sys.hexversion < minverhex)
configure:15519: $? = 0
configure:15525: result: python
configure:15533: checking for python
configure:15551: found /usr/bin/python
configure:15563: result: /usr/bin/python
configure:15581: checking for python version
configure:15588: result: 2.6
configure:15600: checking for python platform
configure:15607: result: linux2
configure:15614: checking for python script directory
configure:15642: result: ${prefix}/lib/python2.6/site-packages
configure:15651: checking for python extension module directory
configure:15679: result: ${exec_prefix}/lib64/python2.6/site-packages
configure:15698: checking for swig
configure:15716: found /usr/bin/swig
configure:15728: result: /usr/bin/swig
configure:15746: checking SWIG version
configure:15749: result: 1.3.40
configure:15802: checking for SWIG library
configure:15805: result: /usr/share/swig/1.3.40
configure:15836: checking for python2.6
configure:15866: result: /usr/bin/python
configure:15882: checking for a version of Python >= '2.1.0'
configure:15908: result: yes
configure:15939: checking for the distutils Python package
configure:15943: result: yes
configure:15957: checking for Python include path
configure:15967: result: -I/usr/include/python2.6
configure:15974: checking for Python library path
configure:16059: result: -L/usr/lib64 -lpython2.6
configure:16066: checking for Python site-packages path
configure:16072: result: /usr/lib/python2.6/site-packages
configure:16079: checking python extra libraries
configure:16086: result:  -lpthread -ldl  -lutil
configure:16093: checking python extra linking flags
configure:16100: result: -Xlinker -export-dynamic
configure:16107: checking consistency of all components of python development environment
configure:16133: gcc -o conftest -g -O2  -I/usr/include/python2.6  conftest.c  -L/usr/lib64 -lpython2.6 -Xlinker -export-dynamic  -lpthread -ldl  -lutil >&5
configure:16133: $? = 0
configure:16150: result: yes
configure:16190: checking python module: numpy
configure:16195: result: yes
configure:16284: checking for gcj
configure:16314: result: no
configure:16343: checking dependency style of gcj
configure:16452: result: none
configure:16576: checking dependency style of gcj
configure:16685: result: none
configure:16782: checking if gcj supports -fno-rtti -fno-exceptions
configure:16817: result: no
configure:16834: checking for gcj option to produce PIC
configure:17106: result: -fPIC
configure:17115: checking if gcj PIC flag -fPIC works
configure:17340: gcj -c -g -O2  -fPIC conftest.java >&5
./configure: line 17134: gcj: command not found
configure:17344: $? = 127
configure:17150: result: no
configure:17171: checking if gcj static flag -static works
configure:17199: result: no
configure:17211: checking if gcj supports -c -o file.o
configure:17439: gcj -c -g -O2  -o out/conftest2.o conftest.java >&5
./configure: line 17233: gcj: command not found
configure:17443: $? = 127
configure:17258: result: no
configure:17263: checking if gcj supports -c -o file.o
configure:17310: result: no
configure:17340: checking whether the gcj linker (/usr/bin/ld -m elf_x86_64) supports shared libraries
configure:18331: result: yes
configure:18468: checking how to hardcode library paths into programs
configure:18493: result: immediate
configure:18536: Adding jLibapogee to the build
configure:18546: checking for swig
configure:18576: result: /usr/bin/swig
configure:18590: checking SWIG version
configure:18593: result: 1.3.40
configure:18642: checking for SWIG library
configure:18645: result: /usr/share/swig/1.3.40
configure:18671: checking for kaffe
configure:18701: result: no
configure:18671: checking for java
configure:18687: found /usr/bin/java
configure:18698: result: java
configure:18758: checking for uudecode
configure:18788: result: no
configure:18794: checking if uudecode can decode base 64 file
configure: 19021: uudecode had trouble decoding base 64 file 'Test.uue'
configure: failed file was:
begin-base64 644 Test.class
yv66vgADAC0AFQcAAgEABFRlc3QHAAQBABBqYXZhL2xhbmcvT2JqZWN0AQAE
bWFpbgEAFihbTGphdmEvbGFuZy9TdHJpbmc7KVYBAARDb2RlAQAPTGluZU51
bWJlclRhYmxlDAAKAAsBAARleGl0AQAEKEkpVgoADQAJBwAOAQAQamF2YS9s
YW5nL1N5c3RlbQEABjxpbml0PgEAAygpVgwADwAQCgADABEBAApTb3VyY2VG
aWxlAQAJVGVzdC5qYXZhACEAAQADAAAAAAACAAkABQAGAAEABwAAACEAAQAB
AAAABQO4AAyxAAAAAQAIAAAACgACAAAACgAEAAsAAQAPABAAAQAHAAAAIQAB
AAEAAAAFKrcAErEAAAABAAgAAAAKAAIAAAAEAAQABAABABMAAAACABQ=
====
configure:18821: result: no
configure:18826: WARNING: I have to compile Test.class from scratch
configure:18838: checking for gcj
configure:18868: result: no
configure:18838: checking for guavac
configure:18868: result: no
configure:18838: checking for jikes
configure:18868: result: no
configure:18838: checking for javac
configure:18854: found /usr/bin/javac
configure:18865: result: javac
configure:18923: checking if javac works
configure:18937: javac  Test.java
configure:18940: $? = 0
configure:18951: result: yes
configure:18957: checking if java works
configure:18975: javac  Test.java
configure:18978: $? = 0
configure:18988: java  Test
configure:18991: $? = 0
configure:19002: result: yes
configure:19022: checking for javac
configure:19040: found /usr/bin/javac
configure:19053: result: /usr/bin/javac
configure:19067: checking symlink for /usr/bin/javac
configure:19075: result: /etc/alternatives/javac
configure:19067: checking symlink for /etc/alternatives/javac
configure:19075: result: /usr/lib/jvm/java-1.7.0-openjdk.x86_64/bin/javac
configure:19086: _JTOPDIR=/usr/lib/jvm/java-1.7.0-openjdk.x86_64/bin
configure:19087: _JINC=/usr/lib/jvm/java-1.7.0-openjdk.x86_64/bin/include
configure:19138: checking for jar
configure:19154: found /usr/bin/jar
configure:19165: result: jar
configure:19441: creating ./config.status

## ---------------------- ##
## Running config.status. ##
## ---------------------- ##

This file was extended by libapogee config.status 3.0.3234, which was
generated by GNU Autoconf 2.69.  Invocation command line was

  CONFIG_FILES    = 
  CONFIG_HEADERS  = 
  CONFIG_LINKS    = 
  CONFIG_COMMANDS = 
  $ ./config.status 

on centos67vm

config.status:1242: creating doc/doxygen/zenith
config.status:1242: creating Makefile
config.status:1242: creating apogee/Makefile
config.status:1242: creating apogee/linux/Makefile
config.status:1242: creating setup/Makefile
config.status:1242: creating cfg/Makefile
config.status:1242: creating cfg/camera/Makefile
config.status:1242: creating examples/Makefile
config.status:1242: creating doc/Makefile
config.status:1242: creating doc/doxygen/Makefile
config.status:1242: creating pyLibapogee/Makefile
config.status:1242: creating pyLibapogee/src/Makefile
config.status:1242: creating pyLibapogee/examples/Makefile
config.status:1242: creating jLibapogee/Makefile
config.status:1242: creating jLibapogee/src/Makefile
config.status:1242: creating jLibapogee/examples/Makefile
config.status:1242: creating config.h
config.status:1471: executing depfiles commands
config.status:1471: executing libtool commands

## ---------------- ##
## Cache variables. ##
## ---------------- ##

ac_cv_build=x86_64-unknown-linux-gnu
ac_cv_c_compiler_gnu=yes
ac_cv_cxx_compiler_gnu=yes
ac_cv_env_CCC_set=
ac_cv_env_CCC_value=
ac_cv_env_CC_set=
ac_cv_env_CC_value=
ac_cv_env_CFLAGS_set=
ac_cv_env_CFLAGS_value=
ac_cv_env_CPPFLAGS_set=
ac_cv_env_CPPFLAGS_value=
ac_cv_env_CPP_set=
ac_cv_env_CPP_value=
ac_cv_env_CXXCPP_set=
ac_cv_env_CXXCPP_value=
ac_cv_env_CXXFLAGS_set=
ac_cv_env_CXXFLAGS_value=
ac_cv_env_CXX_set=
ac_cv_env_CXX_value=
ac_cv_env_DOXYGEN_set=
ac_cv_env_DOXYGEN_value=
ac_cv_env_LDFLAGS_set=
ac_cv_env_LDFLAGS_value=
ac_cv_env_LIBS_set=
ac_cv_env_LIBS_value=
ac_cv_env_PYTHON_VERSION_set=
ac_cv_env_PYTHON_VERSION_value=
ac_cv_env_PYTHON_set=
ac_cv_env_PYTHON_value=
ac_cv_env_build_alias_set=
ac_cv_env_build_alias_value=
ac_cv_env_host_alias_set=
ac_cv_env_host_alias_value=
ac_cv_env_target_alias_set=
ac_cv_env_target_alias_value=
ac_cv_func_dlopen=no
ac_cv_func_shl_load=no
ac_cv_header_curl_curl_h=yes
ac_cv_header_dlfcn_h=yes
ac_cv_header_inttypes_h=yes
ac_cv_header_libusb_1_0_libusb_h=yes
ac_cv_header_memory_h=yes
ac_cv_header_stdc=yes
ac_cv_header_stdint_h=yes
ac_cv_header_stdlib_h=yes
ac_cv_header_string_h=yes
ac_cv_header_strings_h=yes
ac_cv_header_sys_stat_h=yes
ac_cv_header_sys_types_h=yes
ac_cv_header_unistd_h=yes
ac_cv_host=x86_64-unknown-linux-gnu
ac_cv_lib_curl_curl_easy_init=yes
ac_cv_lib_dl_dlopen=yes
ac_cv_lib_dld_shl_load=no
ac_cv_lib_usb_1_0_libusb_init=yes
ac_cv_objext=o
ac_cv_path_EGREP='/bin/grep -E'
ac_cv_path_FGREP='/bin/grep -F'
ac_cv_path_GREP=/bin/grep
ac_cv_path_PYTHON=/usr/bin/python
ac_cv_path_SED=/bin/sed
ac_cv_path_SWIG=/usr/bin/swig
ac_cv_path__ACJNI_JAVAC=/usr/bin/javac
ac_cv_path_install='/usr/bin/install -c'
ac_cv_path_mkdir=/bin/mkdir
ac_cv_prog_AWK=gawk
ac_cv_prog_CPP='gcc -E'
ac_cv_prog_CXXCPP='g++ -E'
ac_cv_prog_DOXYGEN=doxygen
ac_cv_prog_JAR=jar
ac_cv_prog_JAVA=java
ac_cv_prog_JAVAC=javac
ac_cv_prog_ac_ct_AR=ar
ac_cv_prog_ac_ct_CC=gcc
ac_cv_prog_ac_ct_CXX=g++
ac_cv_prog_ac_ct_OBJDUMP=objdump
ac_cv_prog_ac_ct_RANLIB=ranlib
ac_cv_prog_ac_ct_STRIP=strip
ac_cv_prog_cc_c89=
ac_cv_prog_cc_g=yes
ac_cv_prog_cxx_g=yes
ac_cv_prog_java_works=yes
ac_cv_prog_javac_works=yes
ac_cv_prog_make_make_set=yes
ac_cv_prog_uudecode_base64=no
am_cv_CC_dependencies_compiler_type=gcc3
am_cv_CXX_dependencies_compiler_type=gcc3
am_cv_GCJ_dependencies_compiler_type=none
am_cv_pathless_PYTHON=python
am_cv_python_platform=linux2
am_cv_python_pyexecdir='${exec_prefix}/lib64/python2.6/site-packages'
am_cv_python_pythondir='${prefix}/lib/python2.6/site-packages'
am_cv_python_version=2.6
lt_cv_deplibs_check_method=pass_all
lt_cv_dlopen=dlopen
lt_cv_dlopen_libs=-ldl
lt_cv_dlopen_self=yes
lt_cv_dlopen_self_static=yes
lt_cv_file_magic_cmd='$MAGIC_CMD'
lt_cv_file_magic_test_file=
lt_cv_ld_reload_flag=-r
lt_cv_nm_interface='BSD nm'
lt_cv_objdir=.libs
lt_cv_path_LD=/usr/bin/ld
lt_cv_path_LDCXX='/usr/bin/ld -m elf_x86_64'
lt_cv_path_NM='/usr/bin/nm -B'
lt_cv_prog_compiler_c_o=yes
lt_cv_prog_compiler_c_o_CXX=yes
lt_cv_prog_compiler_c_o_GCJ=no
lt_cv_prog_compiler_pic_works=yes
lt_cv_prog_compiler_pic_works_CXX=yes
lt_cv_prog_compiler_pic_works_GCJ=no
lt_cv_prog_compiler_rtti_exceptions=no
lt_cv_prog_compiler_static_works=no
lt_cv_prog_compiler_static_works_CXX=no
lt_cv_prog_compiler_static_works_GCJ=no
lt_cv_prog_gnu_ld=yes
lt_cv_prog_gnu_ldcxx=yes
lt_cv_sys_global_symbol_pipe='sed -n -e '\''s/^.*[	 ]\([ABCDGIRSTW][ABCDGIRSTW]*\)[	 ][	 ]*\([_A-Za-z][_A-Za-z0-9]*\)$/\1 \2 \2/p'\'''
lt_cv_sys_global_symbol_to_c_name_address='sed -n -e '\''s/^: \([^ ]*\) $/  {\"\1\", (void *) 0},/p'\'' -e '\''s/^[ABCDGIRSTW]* \([^ ]*\) \([^ ]*\)$/  {"\2", (void *) \&\2},/p'\'''
lt_cv_sys_global_symbol_to_c_name_address_lib_prefix='sed -n -e '\''s/^: \([^ ]*\) $/  {\"\1\", (void *) 0},/p'\'' -e '\''s/^[ABCDGIRSTW]* \([^ ]*\) \(lib[^ ]*\)$/  {"\2", (void *) \&\2},/p'\'' -e '\''s/^[ABCDGIRSTW]* \([^ ]*\) \([^ ]*\)$/  {"lib\2", (void *) \&\2},/p'\'''
lt_cv_sys_global_symbol_to_cdecl='sed -n -e '\''s/^T .* \(.*\)$/extern int \1();/p'\'' -e '\''s/^[ABCDGIRSTW]* .* \(.*\)$/extern char \1;/p'\'''
lt_cv_sys_max_cmd_len=1966080

## ----------------- ##
## Output variables. ##
## ----------------- ##

ACLOCAL='${SHELL} /opt/apogee/libapogee/missing --run aclocal-1.11'
ALT_BULKIO_DEFINE=''
AMDEPBACKSLASH='\'
AMDEP_FALSE='#'
AMDEP_TRUE=''
AMTAR='$${TAR-tar}'
AR='ar'
AUTOCONF='${SHELL} /opt/apogee/libapogee/missing --run autoconf'
AUTOHEADER='${SHELL} /opt/apogee/libapogee/missing --run autoheader'
AUTOMAKE='${SHELL} /opt/apogee/libapogee/missing --run automake-1.11'
AWK='gawk'
AX_SWIG_PYTHON_CPPFLAGS='-I/usr/include/python2.6'
AX_SWIG_PYTHON_OPT='-python'
BOOST_CPPFLAGS='-I/usr/include'
BOOST_LDFLAGS='-L/usr/lib64'
BOOST_REGEX_LIB=''
CC='gcc'
CCDEPMODE='depmode=gcc3'
CFG_DIR='${prefix}/etc/Apogee'
CFLAGS='-g -O2'
CPP='gcc -E'
CPPFLAGS=''
CXX='g++'
CXXCPP='g++ -E'
CXXDEPMODE='depmode=gcc3'
CXXFLAGS='-g -O2'
CYGPATH_W='echo'
DEFS='-DHAVE_CONFIG_H'
DEPDIR='.deps'
DOXYGEN='doxygen'
DSYMUTIL=''
DUMPBIN=''
ECHO_C=''
ECHO_N='-n'
ECHO_T=''
EGREP='/bin/grep -E'
EXEEXT=''
FGREP='/bin/grep -F'
GCJ='gcj'
GCJDEPMODE='depmode=none'
GCJFLAGS='-g -O2'
GREP='/bin/grep'
HAVE_DOXYGEN_FALSE='#'
HAVE_DOXYGEN_TRUE=''
HAVE_JLIBAPG_FALSE='#'
HAVE_JLIBAPG_TRUE=''
HAVE_PYLIBAPG_FALSE='#'
HAVE_PYLIBAPG_TRUE=''
INSTALL_DATA='${INSTALL} -m 644'
INSTALL_PROGRAM='${INSTALL}'
INSTALL_SCRIPT='${INSTALL}'
INSTALL_STRIP_PROGRAM='$(install_sh) -c -s'
JAR='jar'
JAVA='java'
JAVAC='javac'
JNI_CPPFLAGS=' -I/usr/lib/jvm/java-1.7.0-openjdk.x86_64/include -I/usr/lib/jvm/java-1.7.0-openjdk.x86_64/include/linux'
LD='/usr/bin/ld -m elf_x86_64'
LDFLAGS=''
LIBAPOGEE_RELEASE_VERSION='3.0.3234'
LIBAPOGEE_SO_VERSION='3:0:0'
LIBAPOGEE_VERSION_DIR='3.0'
LIBOBJS=''
LIBS=''
LIBTOOL='$(SHELL) $(top_builddir)/libtool'
LIPO=''
LN_S='ln -s'
LTLIBOBJS=''
MAKEINFO='${SHELL} /opt/apogee/libapogee/missing --run makeinfo'
MKDIR_P='/bin/mkdir -p'
NM='/usr/bin/nm -B'
NMEDIT=''
OBJDUMP='objdump'
OBJEXT='o'
OTOOL64=''
OTOOL=''
PACKAGE='libapogee'
PACKAGE_BUGREPORT='support@ccd.com'
PACKAGE_NAME='libapogee'
PACKAGE_STRING='libapogee 3.0.3234'
PACKAGE_TARNAME='libapogee'
PACKAGE_URL=''
PACKAGE_VERSION='3.0.3234'
PATH_SEPARATOR=':'
PYTHON='/usr/bin/python'
PYTHON_CPPFLAGS='-I/usr/include/python2.6'
PYTHON_EXEC_PREFIX='${exec_prefix}'
PYTHON_EXTRA_LDFLAGS='-Xlinker -export-dynamic'
PYTHON_EXTRA_LIBS=' -lpthread -ldl  -lutil'
PYTHON_LDFLAGS='-L/usr/lib64 -lpython2.6'
PYTHON_PLATFORM='linux2'
PYTHON_PREFIX='${prefix}'
PYTHON_SITE_PKG='/usr/lib/python2.6/site-packages'
PYTHON_VERSION='2.6'
RANLIB='ranlib'
SED='/bin/sed'
SET_MAKE=''
SHELL='/bin/sh'
STRIP='strip'
SWIG='/usr/bin/swig -c++'
SWIG_LIB='/usr/share/swig/1.3.40'
UDEV_DIR='/etc/udev/rules.d'
UUDECODE=''
VERSION='3.0.3234'
_ACJNI_JAVAC='/usr/bin/javac'
ac_ct_CC='gcc'
ac_ct_CXX='g++'
ac_ct_DUMPBIN=''
ac_ct_GCJ=''
am__EXEEXT_FALSE=''
am__EXEEXT_TRUE='#'
am__fastdepCC_FALSE='#'
am__fastdepCC_TRUE=''
am__fastdepCXX_FALSE='#'
am__fastdepCXX_TRUE=''
am__fastdepGCJ_FALSE=''
am__fastdepGCJ_TRUE='#'
am__include='include'
am__isrc=''
am__leading_dot='.'
am__nodep='_no'
am__quote=''
am__tar='$${TAR-tar} chof - "$$tardir"'
am__untar='$${TAR-tar} xf -'
bindir='${exec_prefix}/bin'
build='x86_64-unknown-linux-gnu'
build_alias=''
build_cpu='x86_64'
build_os='linux-gnu'
build_vendor='unknown'
datadir='${datarootdir}'
datarootdir='${prefix}/share'
docdir='${datarootdir}/doc/${PACKAGE_TARNAME}'
dvidir='${docdir}'
exec_prefix='${prefix}'
host='x86_64-unknown-linux-gnu'
host_alias=''
host_cpu='x86_64'
host_os='linux-gnu'
host_vendor='unknown'
htmldir='${docdir}'
includedir='${prefix}/include'
infodir='${datarootdir}/info'
install_sh='${SHELL} /opt/apogee/libapogee/install-sh'
libdir='${exec_prefix}/lib'
libexecdir='${exec_prefix}/libexec'
localedir='${datarootdir}/locale'
localstatedir='${prefix}/var'
lt_ECHO='echo'
mandir='${datarootdir}/man'
mkdir_p='/bin/mkdir -p'
oldincludedir='/usr/include'
pdfdir='${docdir}'
pkgpyexecdir='${pyexecdir}/libapogee'
pkgpythondir='${pythondir}/libapogee'
prefix='/opt/apogee'
program_transform_name='s,x,x,'
psdir='${docdir}'
pyexecdir='${exec_prefix}/lib64/python2.6/site-packages'
pythondir='${prefix}/lib/python2.6/site-packages'
sbindir='${exec_prefix}/sbin'
sharedstatedir='${prefix}/com'
sysconfdir='${prefix}/etc'
target_alias=''

## ----------- ##
## confdefs.h. ##
## ----------- ##

/* confdefs.h */
#define PACKAGE_NAME "libapogee"
#define PACKAGE_TARNAME "libapogee"
#define PACKAGE_VERSION "3.0.3234"
#define PACKAGE_STRING "libapogee 3.0.3234"
#define PACKAGE_BUGREPORT "support@ccd.com"
#define PACKAGE_URL ""
#define PACKAGE "libapogee"
#define VERSION "3.0.3234"
#define PACKAGE "libapogee"
#define VERSION "3.0.3234"
#define STDC_HEADERS 1
#define HAVE_SYS_TYPES_H 1
#define HAVE_SYS_STAT_H 1
#define HAVE_STDLIB_H 1
#define HAVE_STRING_H 1
#define HAVE_MEMORY_H 1
#define HAVE_STRINGS_H 1
#define HAVE_INTTYPES_H 1
#define HAVE_STDINT_H 1
#define HAVE_UNISTD_H 1
#define HAVE_DLFCN_H 1
#define LT_OBJDIR ".libs/"
#define HAVE_STDINT_H 1
#define HAVE_CURL_CURL_H 1
#define HAVE_LIBUSB_1_0_LIBUSB_H 1
#define HAVE_BOOST /**/
#define HAVE_PYTHON "2.6"

configure: exit 0
