This file contains any messages produced by compilers while
running configure, to aid debugging if configure makes a mistake.

It was created by xpa configure 2.1.12, which was
generated by GNU Autoconf 2.59.  Invocation command line was

  $ ./configure 

## --------- ##
## Platform. ##
## --------- ##

hostname = localhost.localdomain
uname -m = x86_64
uname -r = 2.6.18-194.17.4.el5
uname -s = Linux
uname -v = #1 SMP Mon Oct 25 15:50:53 EDT 2010

/usr/bin/uname -p = unknown
/bin/uname -X     = unknown

/bin/arch              = x86_64
/usr/bin/arch -k       = unknown
/usr/convex/getsysinfo = unknown
hostinfo               = unknown
/bin/machine           = unknown
/usr/bin/oslevel       = unknown
/bin/universe          = unknown

PATH: /opt/eclipse
PATH: /opt/eclipse
PATH: /usr/kerberos/bin
PATH: /usr/local/bin
PATH: /usr/bin
PATH: /bin
PATH: /usr/X11R6/bin
PATH: .
PATH: /home/streit/bin
PATH: .


## ----------- ##
## Core tests. ##
## ----------- ##

configure:1360: checking build system type
configure:1378: result: x86_64-unknown-linux-gnu
configure:1386: checking host system type
configure:1400: result: x86_64-unknown-linux-gnu
configure:1461: checking for gcc
configure:1477: found /usr/bin/gcc
configure:1487: result: gcc
configure:1731: checking for C compiler version
configure:1734: gcc --version </dev/null >&5
gcc (GCC) 4.1.2 20080704 (Red Hat 4.1.2-48)
Copyright (C) 2006 Free Software Foundation, Inc.
This is free software; see the source for copying conditions.  There is NO
warranty; not even for MERCHANTABILITY or FITNESS FOR A PARTICULAR PURPOSE.

configure:1737: $? = 0
configure:1739: gcc -v </dev/null >&5
Using built-in specs.
Target: x86_64-redhat-linux
Configured with: ../configure --prefix=/usr --mandir=/usr/share/man --infodir=/usr/share/info --enable-shared --enable-threads=posix --enable-checking=release --with-system-zlib --enable-__cxa_atexit --disable-libunwind-exceptions --enable-libgcj-multifile --enable-languages=c,c++,objc,obj-c++,java,fortran,ada --enable-java-awt=gtk --disable-dssi --enable-plugin --with-java-home=/usr/lib/jvm/java-1.4.2-gcj-1.4.2.0/jre --with-cpu=generic --host=x86_64-redhat-linux
Thread model: posix
gcc version 4.1.2 20080704 (Red Hat 4.1.2-48)
configure:1742: $? = 0
configure:1744: gcc -V </dev/null >&5
gcc: '-V' option must have argument
configure:1747: $? = 1
configure:1770: checking for C compiler default output file name
configure:1773: gcc    conftest.c  >&5
configure:1776: $? = 0
configure:1822: result: a.out
configure:1827: checking whether the C compiler works
configure:1833: ./a.out
configure:1836: $? = 0
configure:1853: result: yes
configure:1860: checking whether we are cross compiling
configure:1862: result: no
configure:1865: checking for suffix of executables
configure:1867: gcc -o conftest    conftest.c  >&5
configure:1870: $? = 0
configure:1895: result: 
configure:1901: checking for suffix of object files
configure:1922: gcc -c   conftest.c >&5
configure:1925: $? = 0
configure:1947: result: o
configure:1951: checking whether we are using the GNU C compiler
configure:1975: gcc -c   conftest.c >&5
configure:1981: $? = 0
configure:1985: test -z 
			 || test ! -s conftest.err
configure:1988: $? = 0
configure:1991: test -s conftest.o
configure:1994: $? = 0
configure:2007: result: yes
configure:2013: checking whether gcc accepts -g
configure:2034: gcc -c -g  conftest.c >&5
configure:2040: $? = 0
configure:2044: test -z 
			 || test ! -s conftest.err
configure:2047: $? = 0
configure:2050: test -s conftest.o
configure:2053: $? = 0
configure:2064: result: yes
configure:2081: checking for gcc option to accept ANSI C
configure:2151: gcc  -c -g -O2  conftest.c >&5
configure:2157: $? = 0
configure:2161: test -z 
			 || test ! -s conftest.err
configure:2164: $? = 0
configure:2167: test -s conftest.o
configure:2170: $? = 0
configure:2188: result: none needed
configure:2206: gcc -c -g -O2  conftest.c >&5
conftest.c:2: error: expected '=', ',', ';', 'asm' or '__attribute__' before 'me'
configure:2212: $? = 1
configure: failed program was:
| #ifndef __cplusplus
|   choke me
| #endif
configure:2357: checking how to run the C preprocessor
configure:2392: gcc -E  conftest.c
configure:2398: $? = 0
configure:2430: gcc -E  conftest.c
conftest.c:9:28: error: ac_nonexistent.h: No such file or directory
configure:2436: $? = 1
configure: failed program was:
| /* confdefs.h.  */
| 
| #define PACKAGE_NAME "xpa"
| #define PACKAGE_TARNAME "xpa"
| #define PACKAGE_VERSION "2.1.12"
| #define PACKAGE_STRING "xpa 2.1.12"
| #define PACKAGE_BUGREPORT "saord@cfa.harvard.edu"
| /* end confdefs.h.  */
| #include <ac_nonexistent.h>
configure:2475: result: gcc -E
configure:2499: gcc -E  conftest.c
configure:2505: $? = 0
configure:2537: gcc -E  conftest.c
conftest.c:9:28: error: ac_nonexistent.h: No such file or directory
configure:2543: $? = 1
configure: failed program was:
| /* confdefs.h.  */
| 
| #define PACKAGE_NAME "xpa"
| #define PACKAGE_TARNAME "xpa"
| #define PACKAGE_VERSION "2.1.12"
| #define PACKAGE_STRING "xpa 2.1.12"
| #define PACKAGE_BUGREPORT "saord@cfa.harvard.edu"
| /* end confdefs.h.  */
| #include <ac_nonexistent.h>
configure:2587: checking for egrep
configure:2597: result: grep -E
configure:2602: checking for ANSI C header files
configure:2627: gcc -c -g -O2  conftest.c >&5
configure:2633: $? = 0
configure:2637: test -z 
			 || test ! -s conftest.err
configure:2640: $? = 0
configure:2643: test -s conftest.o
configure:2646: $? = 0
configure:2735: gcc -o conftest -g -O2   conftest.c  >&5
conftest.c: In function 'main':
conftest.c:26: warning: incompatible implicit declaration of built-in function 'exit'
configure:2738: $? = 0
configure:2740: ./conftest
configure:2743: $? = 0
configure:2758: result: yes
configure:2782: checking for sys/types.h
configure:2798: gcc -c -g -O2  conftest.c >&5
configure:2804: $? = 0
configure:2808: test -z 
			 || test ! -s conftest.err
configure:2811: $? = 0
configure:2814: test -s conftest.o
configure:2817: $? = 0
configure:2828: result: yes
configure:2782: checking for sys/stat.h
configure:2798: gcc -c -g -O2  conftest.c >&5
configure:2804: $? = 0
configure:2808: test -z 
			 || test ! -s conftest.err
configure:2811: $? = 0
configure:2814: test -s conftest.o
configure:2817: $? = 0
configure:2828: result: yes
configure:2782: checking for stdlib.h
configure:2798: gcc -c -g -O2  conftest.c >&5
configure:2804: $? = 0
configure:2808: test -z 
			 || test ! -s conftest.err
configure:2811: $? = 0
configure:2814: test -s conftest.o
configure:2817: $? = 0
configure:2828: result: yes
configure:2782: checking for string.h
configure:2798: gcc -c -g -O2  conftest.c >&5
configure:2804: $? = 0
configure:2808: test -z 
			 || test ! -s conftest.err
configure:2811: $? = 0
configure:2814: test -s conftest.o
configure:2817: $? = 0
configure:2828: result: yes
configure:2782: checking for memory.h
configure:2798: gcc -c -g -O2  conftest.c >&5
configure:2804: $? = 0
configure:2808: test -z 
			 || test ! -s conftest.err
configure:2811: $? = 0
configure:2814: test -s conftest.o
configure:2817: $? = 0
configure:2828: result: yes
configure:2782: checking for strings.h
configure:2798: gcc -c -g -O2  conftest.c >&5
configure:2804: $? = 0
configure:2808: test -z 
			 || test ! -s conftest.err
configure:2811: $? = 0
configure:2814: test -s conftest.o
configure:2817: $? = 0
configure:2828: result: yes
configure:2782: checking for inttypes.h
configure:2798: gcc -c -g -O2  conftest.c >&5
configure:2804: $? = 0
configure:2808: test -z 
			 || test ! -s conftest.err
configure:2811: $? = 0
configure:2814: test -s conftest.o
configure:2817: $? = 0
configure:2828: result: yes
configure:2782: checking for stdint.h
configure:2798: gcc -c -g -O2  conftest.c >&5
configure:2804: $? = 0
configure:2808: test -z 
			 || test ! -s conftest.err
configure:2811: $? = 0
configure:2814: test -s conftest.o
configure:2817: $? = 0
configure:2828: result: yes
configure:2782: checking for unistd.h
configure:2798: gcc -c -g -O2  conftest.c >&5
configure:2804: $? = 0
configure:2808: test -z 
			 || test ! -s conftest.err
configure:2811: $? = 0
configure:2814: test -s conftest.o
configure:2817: $? = 0
configure:2828: result: yes
configure:2840: checking for long
configure:2864: gcc -c -g -O2  conftest.c >&5
configure:2870: $? = 0
configure:2874: test -z 
			 || test ! -s conftest.err
configure:2877: $? = 0
configure:2880: test -s conftest.o
configure:2883: $? = 0
configure:2894: result: yes
configure:2897: checking size of long
configure:3216: gcc -o conftest -g -O2   conftest.c  >&5
configure:3219: $? = 0
configure:3221: ./conftest
configure:3224: $? = 0
configure:3247: result: 8
configure:3298: checking for ranlib
configure:3314: found /usr/bin/ranlib
configure:3325: result: ranlib
configure:3338: checking for ANSI C header files
configure:3494: result: yes
configure:3518: checking malloc.h usability
configure:3530: gcc -c -g -O2  conftest.c >&5
configure:3536: $? = 0
configure:3540: test -z 
			 || test ! -s conftest.err
configure:3543: $? = 0
configure:3546: test -s conftest.o
configure:3549: $? = 0
configure:3559: result: yes
configure:3563: checking malloc.h presence
configure:3573: gcc -E  conftest.c
configure:3579: $? = 0
configure:3599: result: yes
configure:3634: checking for malloc.h
configure:3641: result: yes
configure:3668: checking getopt.h usability
configure:3680: gcc -c -g -O2  conftest.c >&5
configure:3686: $? = 0
configure:3690: test -z 
			 || test ! -s conftest.err
configure:3693: $? = 0
configure:3696: test -s conftest.o
configure:3699: $? = 0
configure:3709: result: yes
configure:3713: checking getopt.h presence
configure:3723: gcc -E  conftest.c
configure:3729: $? = 0
configure:3749: result: yes
configure:3784: checking for getopt.h
configure:3791: result: yes
configure:3818: checking pwd.h usability
configure:3830: gcc -c -g -O2  conftest.c >&5
configure:3836: $? = 0
configure:3840: test -z 
			 || test ! -s conftest.err
configure:3843: $? = 0
configure:3846: test -s conftest.o
configure:3849: $? = 0
configure:3859: result: yes
configure:3863: checking pwd.h presence
configure:3873: gcc -E  conftest.c
configure:3879: $? = 0
configure:3899: result: yes
configure:3934: checking for pwd.h
configure:3941: result: yes
configure:3968: checking values.h usability
configure:3980: gcc -c -g -O2  conftest.c >&5
configure:3986: $? = 0
configure:3990: test -z 
			 || test ! -s conftest.err
configure:3993: $? = 0
configure:3996: test -s conftest.o
configure:3999: $? = 0
configure:4009: result: yes
configure:4013: checking values.h presence
configure:4023: gcc -E  conftest.c
configure:4029: $? = 0
configure:4049: result: yes
configure:4084: checking for values.h
configure:4091: result: yes
configure:4118: checking dlfcn.h usability
configure:4130: gcc -c -g -O2  conftest.c >&5
configure:4136: $? = 0
configure:4140: test -z 
			 || test ! -s conftest.err
configure:4143: $? = 0
configure:4146: test -s conftest.o
configure:4149: $? = 0
configure:4159: result: yes
configure:4163: checking dlfcn.h presence
configure:4173: gcc -E  conftest.c
configure:4179: $? = 0
configure:4199: result: yes
configure:4234: checking for dlfcn.h
configure:4241: result: yes
configure:4268: checking setjmp.h usability
configure:4280: gcc -c -g -O2  conftest.c >&5
configure:4286: $? = 0
configure:4290: test -z 
			 || test ! -s conftest.err
configure:4293: $? = 0
configure:4296: test -s conftest.o
configure:4299: $? = 0
configure:4309: result: yes
configure:4313: checking setjmp.h presence
configure:4323: gcc -E  conftest.c
configure:4329: $? = 0
configure:4349: result: yes
configure:4384: checking for setjmp.h
configure:4391: result: yes
configure:4418: checking sys/un.h usability
configure:4430: gcc -c -g -O2  conftest.c >&5
configure:4436: $? = 0
configure:4440: test -z 
			 || test ! -s conftest.err
configure:4443: $? = 0
configure:4446: test -s conftest.o
configure:4449: $? = 0
configure:4459: result: yes
configure:4463: checking sys/un.h presence
configure:4473: gcc -E  conftest.c
configure:4479: $? = 0
configure:4499: result: yes
configure:4534: checking for sys/un.h
configure:4541: result: yes
configure:4568: checking sys/shm.h usability
configure:4580: gcc -c -g -O2  conftest.c >&5
configure:4586: $? = 0
configure:4590: test -z 
			 || test ! -s conftest.err
configure:4593: $? = 0
configure:4596: test -s conftest.o
configure:4599: $? = 0
configure:4609: result: yes
configure:4613: checking sys/shm.h presence
configure:4623: gcc -E  conftest.c
configure:4629: $? = 0
configure:4649: result: yes
configure:4684: checking for sys/shm.h
configure:4691: result: yes
configure:4718: checking sys/mman.h usability
configure:4730: gcc -c -g -O2  conftest.c >&5
configure:4736: $? = 0
configure:4740: test -z 
			 || test ! -s conftest.err
configure:4743: $? = 0
configure:4746: test -s conftest.o
configure:4749: $? = 0
configure:4759: result: yes
configure:4763: checking sys/mman.h presence
configure:4773: gcc -E  conftest.c
configure:4779: $? = 0
configure:4799: result: yes
configure:4834: checking for sys/mman.h
configure:4841: result: yes
configure:4868: checking sys/ipc.h usability
configure:4880: gcc -c -g -O2  conftest.c >&5
configure:4886: $? = 0
configure:4890: test -z 
			 || test ! -s conftest.err
configure:4893: $? = 0
configure:4896: test -s conftest.o
configure:4899: $? = 0
configure:4909: result: yes
configure:4913: checking sys/ipc.h presence
configure:4923: gcc -E  conftest.c
configure:4929: $? = 0
configure:4949: result: yes
configure:4984: checking for sys/ipc.h
configure:4991: result: yes
configure:5005: checking for socklen_t
configure:5030: gcc -c -g -O2  conftest.c >&5
configure:5036: $? = 0
configure:5040: test -z 
			 || test ! -s conftest.err
configure:5043: $? = 0
configure:5046: test -s conftest.o
configure:5049: $? = 0
configure:5060: result: yes
configure:5072: checking for an ANSI C-conforming const
configure:5139: gcc -c -g -O2  conftest.c >&5
configure:5145: $? = 0
configure:5149: test -z 
			 || test ! -s conftest.err
configure:5152: $? = 0
configure:5155: test -s conftest.o
configure:5158: $? = 0
configure:5169: result: yes
configure:5188: checking for strchr
configure:5245: gcc -o conftest -g -O2   conftest.c  >&5
conftest.c:56: warning: conflicting types for built-in function 'strchr'
configure:5251: $? = 0
configure:5255: test -z 
			 || test ! -s conftest.err
configure:5258: $? = 0
configure:5261: test -s conftest
configure:5264: $? = 0
configure:5276: result: yes
configure:5188: checking for memcpy
configure:5245: gcc -o conftest -g -O2   conftest.c  >&5
conftest.c:57: warning: conflicting types for built-in function 'memcpy'
configure:5251: $? = 0
configure:5255: test -z 
			 || test ! -s conftest.err
configure:5258: $? = 0
configure:5261: test -s conftest
configure:5264: $? = 0
configure:5276: result: yes
configure:5188: checking for snprintf
configure:5245: gcc -o conftest -g -O2   conftest.c  >&5
conftest.c:58: warning: conflicting types for built-in function 'snprintf'
configure:5251: $? = 0
configure:5255: test -z 
			 || test ! -s conftest.err
configure:5258: $? = 0
configure:5261: test -s conftest
configure:5264: $? = 0
configure:5276: result: yes
configure:5188: checking for atexit
configure:5245: gcc -o conftest -g -O2   conftest.c  >&5
configure:5251: $? = 0
configure:5255: test -z 
			 || test ! -s conftest.err
configure:5258: $? = 0
configure:5261: test -s conftest
configure:5264: $? = 0
configure:5276: result: yes
configure:5188: checking for setenv
configure:5245: gcc -o conftest -g -O2   conftest.c  >&5
configure:5251: $? = 0
configure:5255: test -z 
			 || test ! -s conftest.err
configure:5258: $? = 0
configure:5261: test -s conftest
configure:5264: $? = 0
configure:5276: result: yes
configure:5287: checking for connect
configure:5344: gcc -o conftest -g -O2   conftest.c  >&5
configure:5350: $? = 0
configure:5354: test -z 
			 || test ! -s conftest.err
configure:5357: $? = 0
configure:5360: test -s conftest
configure:5363: $? = 0
configure:5375: result: yes
configure:5448: checking for gethostbyname
configure:5505: gcc -o conftest -g -O2   conftest.c  >&5
configure:5511: $? = 0
configure:5515: test -z 
			 || test ! -s conftest.err
configure:5518: $? = 0
configure:5521: test -s conftest
configure:5524: $? = 0
configure:5536: result: yes
configure:5615: checking for threaded xpans
configure:5711: result: no
configure:5716: checking for shared library build
configure:5738: result: no
configure:5741: checking for request to use posix_spawn
configure:5750: result: no
configure:6008: checking for X
configure:6113: gcc -E  conftest.c
configure:6119: $? = 0
configure:6238: result: libraries /usr/lib64, headers 
configure:6410: gcc -o conftest -g -O2   conftest.c   -L/usr/lib64 -lX11 >&5
configure:6416: $? = 0
configure:6420: test -z 
			 || test ! -s conftest.err
configure:6423: $? = 0
configure:6426: test -s conftest
configure:6429: $? = 0
configure:6587: checking for gethostbyname
configure:6675: result: yes
configure:6826: checking for connect
configure:6914: result: yes
configure:6989: checking for remove
configure:7046: gcc -o conftest -g -O2   conftest.c  >&5
configure:7052: $? = 0
configure:7056: test -z 
			 || test ! -s conftest.err
configure:7059: $? = 0
configure:7062: test -s conftest
configure:7065: $? = 0
configure:7077: result: yes
configure:7152: checking for shmat
configure:7209: gcc -o conftest -g -O2   conftest.c  >&5
configure:7215: $? = 0
configure:7219: test -z 
			 || test ! -s conftest.err
configure:7222: $? = 0
configure:7225: test -s conftest
configure:7228: $? = 0
configure:7240: result: yes
configure:7324: checking for IceConnectionNumber in -lICE
configure:7354: gcc -o conftest -g -O2   -L/usr/lib64 conftest.c -lICE   >&5
configure:7360: $? = 0
configure:7364: test -z 
			 || test ! -s conftest.err
configure:7367: $? = 0
configure:7370: test -s conftest
configure:7373: $? = 0
configure:7386: result: yes
configure:7419: checking for Tcl configuration
configure:7489: result: can't find Tcl configuration definitions
configure:7583: checking for incorporation of thread support
configure:7598: result: no
configure:7602: checking for gtk
configure:7624: result: no
configure:7633: checking linux-gnu configuration
configure:7747: result: none
configure:7853: creating ./config.status

## ---------------------- ##
## Running config.status. ##
## ---------------------- ##

This file was extended by xpa config.status 2.1.12, which was
generated by GNU Autoconf 2.59.  Invocation command line was

  CONFIG_FILES    = 
  CONFIG_HEADERS  = 
  CONFIG_LINKS    = 
  CONFIG_COMMANDS = 
  $ ./config.status 

on localhost.localdomain

config.status:673: creating Makefile
config.status:776: creating conf.h
config.status:916: conf.h is unchanged

## ---------------- ##
## Cache variables. ##
## ---------------- ##

ac_cv_build=x86_64-unknown-linux-gnu
ac_cv_build_alias=x86_64-unknown-linux-gnu
ac_cv_c_compiler_gnu=yes
ac_cv_c_const=yes
ac_cv_env_CC_set=
ac_cv_env_CC_value=
ac_cv_env_CFLAGS_set=
ac_cv_env_CFLAGS_value=
ac_cv_env_CPPFLAGS_set=
ac_cv_env_CPPFLAGS_value=
ac_cv_env_CPP_set=
ac_cv_env_CPP_value=
ac_cv_env_LDFLAGS_set=
ac_cv_env_LDFLAGS_value=
ac_cv_env_build_alias_set=
ac_cv_env_build_alias_value=
ac_cv_env_host_alias_set=
ac_cv_env_host_alias_value=
ac_cv_env_target_alias_set=
ac_cv_env_target_alias_value=
ac_cv_exeext=
ac_cv_func_atexit=yes
ac_cv_func_connect=yes
ac_cv_func_gethostbyname=yes
ac_cv_func_memcpy=yes
ac_cv_func_remove=yes
ac_cv_func_setenv=yes
ac_cv_func_shmat=yes
ac_cv_func_snprintf=yes
ac_cv_func_strchr=yes
ac_cv_have_x='have_x=yes 		ac_x_includes= ac_x_libraries=/usr/lib64'
ac_cv_header_dlfcn_h=yes
ac_cv_header_getopt_h=yes
ac_cv_header_inttypes_h=yes
ac_cv_header_malloc_h=yes
ac_cv_header_memory_h=yes
ac_cv_header_pwd_h=yes
ac_cv_header_setjmp_h=yes
ac_cv_header_stdc=yes
ac_cv_header_stdint_h=yes
ac_cv_header_stdlib_h=yes
ac_cv_header_string_h=yes
ac_cv_header_strings_h=yes
ac_cv_header_sys_ipc_h=yes
ac_cv_header_sys_mman_h=yes
ac_cv_header_sys_shm_h=yes
ac_cv_header_sys_stat_h=yes
ac_cv_header_sys_types_h=yes
ac_cv_header_sys_un_h=yes
ac_cv_header_unistd_h=yes
ac_cv_header_values_h=yes
ac_cv_host=x86_64-unknown-linux-gnu
ac_cv_host_alias=x86_64-unknown-linux-gnu
ac_cv_lib_ICE_IceConnectionNumber=yes
ac_cv_objext=o
ac_cv_prog_CPP='gcc -E'
ac_cv_prog_ac_ct_CC=gcc
ac_cv_prog_ac_ct_RANLIB=ranlib
ac_cv_prog_cc_g=yes
ac_cv_prog_cc_stdc=
ac_cv_prog_egrep='grep -E'
ac_cv_sizeof_long=8
ac_cv_type_long=yes
ac_cv_type_socklen_t=yes

## ----------------- ##
## Output variables. ##
## ----------------- ##

CC='gcc'
CFLAGS='-g -O2'
CPP='gcc -E'
CPPFLAGS=''
DEFS='-DHAVE_CONFIG_H'
DOSHARED=''
ECHO_C=''
ECHO_N='-n'
ECHO_T=''
EGREP='grep -E'
EXEEXT=''
EXTRA_LIBS=''
GTK_CFLAGS=''
GTK_LIBS=''
LDFLAGS=' '
LIBOBJS=''
LIBS=''
LLIB='$(LIB)'
LTLIBOBJS=''
OBJEXT='o'
PACKAGE_BUGREPORT='saord@cfa.harvard.edu'
PACKAGE_NAME='xpa'
PACKAGE_STRING='xpa 2.1.12'
PACKAGE_TARNAME='xpa'
PACKAGE_VERSION='2.1.12'
PATH_SEPARATOR=':'
RANLIB='ranlib'
SHELL='/bin/sh'
SZ_LONG='8'
TCL_BIN_DIR='# no Tcl configs found'
TCL_CFLAGS=''
TCL_LIBS=''
TCL_LIB_FILE=''
TCL_LIB_FLAG=''
TCL_LIB_SPEC=''
TCL_SRC_DIR=''
TCL_STUB_LIB_FILE=''
TCL_STUB_LIB_FLAG=''
TCL_STUB_LIB_SPEC=''
TCL_VERSION=''
TLIB=''
X_CFLAGS=''
X_EXTRA_LIBS=''
X_LIBS=' -L/usr/lib64'
X_PRE_LIBS=' -lSM -lICE'
ac_ct_CC='gcc'
ac_ct_RANLIB='ranlib'
bindir='${exec_prefix}/bin'
build='x86_64-unknown-linux-gnu'
build_alias=''
build_cpu='x86_64'
build_os='linux-gnu'
build_vendor='unknown'
datadir='${prefix}/share'
exec_prefix='${prefix}'
host='x86_64-unknown-linux-gnu'
host_alias=''
host_cpu='x86_64'
host_os='linux-gnu'
host_vendor='unknown'
includedir='${prefix}/include'
infodir='${prefix}/info'
libdir='${exec_prefix}/lib'
libexecdir='${exec_prefix}/libexec'
localstatedir='${prefix}/var'
mandir='${prefix}/man'
oldincludedir='/usr/include'
prefix='/usr/local'
program_transform_name='s,x,x,'
sbindir='${exec_prefix}/sbin'
sharedstatedir='${prefix}/com'
sysconfdir='${prefix}/etc'
target_alias=''

## ----------- ##
## confdefs.h. ##
## ----------- ##

#define HAVE_ATEXIT 1
#define HAVE_DLFCN_H 1
#define HAVE_GETOPT_H 1
#define HAVE_INTTYPES_H 1
#define HAVE_MALLOC_H 1
#define HAVE_MEMCPY 1
#define HAVE_MEMORY_H 1
#define HAVE_PWD_H 1
#define HAVE_SETENV 1
#define HAVE_SETJMP_H 1
#define HAVE_SNPRINTF 1
#define HAVE_SOCKLEN_T 1
#define HAVE_STDINT_H 1
#define HAVE_STDLIB_H 1
#define HAVE_STRCHR 1
#define HAVE_STRINGS_H 1
#define HAVE_STRING_H 1
#define HAVE_SYS_IPC_H 1
#define HAVE_SYS_MMAN_H 1
#define HAVE_SYS_SHM_H 1
#define HAVE_SYS_STAT_H 1
#define HAVE_SYS_TYPES_H 1
#define HAVE_SYS_UN_H 1
#define HAVE_UNISTD_H 1
#define HAVE_VALUES_H 1
#define HAVE_XT 1
#define PACKAGE_BUGREPORT "saord@cfa.harvard.edu"
#define PACKAGE_NAME "xpa"
#define PACKAGE_STRING "xpa 2.1.12"
#define PACKAGE_TARNAME "xpa"
#define PACKAGE_VERSION "2.1.12"
#define SIZEOF_LONG 8
#define STDC_HEADERS 1
#define STDC_HEADERS 1

configure: exit 0
