This file contains any messages produced by compilers while
running configure, to aid debugging if configure makes a mistake.

It was created by WCSLIB configure 4.13.3, which was
generated by GNU Autoconf 2.63.  Invocation command line was

  $ ./configure --prefix=/opt/apogee

## --------- ##
## Platform. ##
## --------- ##

hostname = centos67vm
uname -m = x86_64
uname -r = 2.6.32-573.el6.x86_64
uname -s = Linux
uname -v = #1 SMP Thu Jul 23 15:44:03 UTC 2015

/usr/bin/uname -p = unknown
/bin/uname -X     = unknown

/bin/arch              = x86_64
/usr/bin/arch -k       = unknown
/usr/convex/getsysinfo = unknown
/usr/bin/hostinfo      = unknown
/bin/machine           = unknown
/usr/bin/oslevel       = unknown
/bin/universe          = unknown

PATH: /usr/lib64/qt-3.3/bin
PATH: /usr/local/bin
PATH: /usr/bin
PATH: /bin
PATH: /usr/local/sbin
PATH: /usr/sbin
PATH: /sbin
PATH: /home/rfactory/bin


## ----------- ##
## Core tests. ##
## ----------- ##

configure:1905: checking build system type
configure:1923: result: x86_64-unknown-linux-gnu
configure:1952: checking for flex
configure:1968: found /usr/bin/flex
configure:1979: result: flex
configure:1996: Using Flex version 2.5.35.
configure:2058: checking for gcc
configure:2074: found /usr/bin/gcc
configure:2085: result: gcc
configure:2317: checking for C compiler version
configure:2325: gcc --version >&5
gcc (GCC) 4.4.7 20120313 (Red Hat 4.4.7-16)
Copyright (C) 2010 Free Software Foundation, Inc.
This is free software; see the source for copying conditions.  There is NO
warranty; not even for MERCHANTABILITY or FITNESS FOR A PARTICULAR PURPOSE.

configure:2329: $? = 0
configure:2336: gcc -v >&5
Using built-in specs.
Target: x86_64-redhat-linux
Configured with: ../configure --prefix=/usr --mandir=/usr/share/man --infodir=/usr/share/info --with-bugurl=http://bugzilla.redhat.com/bugzilla --enable-bootstrap --enable-shared --enable-threads=posix --enable-checking=release --with-system-zlib --enable-__cxa_atexit --disable-libunwind-exceptions --enable-gnu-unique-object --enable-languages=c,c++,objc,obj-c++,java,fortran,ada --enable-java-awt=gtk --disable-dssi --with-java-home=/usr/lib/jvm/java-1.5.0-gcj-1.5.0.0/jre --enable-libgcj-multifile --enable-java-maintainer-mode --with-ecj-jar=/usr/share/java/eclipse-ecj.jar --disable-libjava-multilib --with-ppl --with-cloog --with-tune=generic --with-arch_32=i686 --build=x86_64-redhat-linux
Thread model: posix
gcc version 4.4.7 20120313 (Red Hat 4.4.7-16) (GCC) 
configure:2340: $? = 0
configure:2347: gcc -V >&5
gcc: '-V' option must have argument
configure:2351: $? = 1
configure:2374: checking for C compiler default output file name
configure:2396: gcc    conftest.c  >&5
configure:2400: $? = 0
configure:2438: result: a.out
configure:2457: checking whether the C compiler works
configure:2467: ./a.out
configure:2471: $? = 0
configure:2490: result: yes
configure:2497: checking whether we are cross compiling
configure:2499: result: no
configure:2502: checking for suffix of executables
configure:2509: gcc -o conftest    conftest.c  >&5
configure:2513: $? = 0
configure:2539: result: 
configure:2545: checking for suffix of object files
configure:2571: gcc -c   conftest.c >&5
configure:2575: $? = 0
configure:2600: result: o
configure:2604: checking whether we are using the GNU C compiler
configure:2633: gcc -c   conftest.c >&5
configure:2640: $? = 0
configure:2657: result: yes
configure:2666: checking whether gcc accepts -g
configure:2696: gcc -c -g  conftest.c >&5
configure:2703: $? = 0
configure:2804: result: yes
configure:2821: checking for gcc option to accept ISO C89
configure:2895: gcc  -c -g -O2  conftest.c >&5
configure:2902: $? = 0
configure:2925: result: none needed
configure:2948: checking how to run the C preprocessor
configure:2988: gcc -E  conftest.c
configure:2995: $? = 0
configure:3026: gcc -E  conftest.c
conftest.c:9:28: error: ac_nonexistent.h: No such file or directory
configure:3033: $? = 1
configure: failed program was:
| /* confdefs.h.  */
| #define PACKAGE_NAME "WCSLIB"
| #define PACKAGE_TARNAME "wcslib-4.13.3"
| #define PACKAGE_VERSION "4.13.3"
| #define PACKAGE_STRING "WCSLIB 4.13.3"
| #define PACKAGE_BUGREPORT "mcalabre@atnf.csiro.au"
| #define WCSLIB_VERSION 4.13.3
| /* end confdefs.h.  */
| #include <ac_nonexistent.h>
configure:3066: result: gcc -E
configure:3095: gcc -E  conftest.c
configure:3102: $? = 0
configure:3133: gcc -E  conftest.c
conftest.c:9:28: error: ac_nonexistent.h: No such file or directory
configure:3140: $? = 1
configure: failed program was:
| /* confdefs.h.  */
| #define PACKAGE_NAME "WCSLIB"
| #define PACKAGE_TARNAME "wcslib-4.13.3"
| #define PACKAGE_VERSION "4.13.3"
| #define PACKAGE_STRING "WCSLIB 4.13.3"
| #define PACKAGE_BUGREPORT "mcalabre@atnf.csiro.au"
| #define WCSLIB_VERSION 4.13.3
| /* end confdefs.h.  */
| #include <ac_nonexistent.h>
configure:3227: checking for gcc
configure:3254: result: gcc
configure:3486: checking for C compiler version
configure:3494: gcc --version >&5
gcc (GCC) 4.4.7 20120313 (Red Hat 4.4.7-16)
Copyright (C) 2010 Free Software Foundation, Inc.
This is free software; see the source for copying conditions.  There is NO
warranty; not even for MERCHANTABILITY or FITNESS FOR A PARTICULAR PURPOSE.

configure:3498: $? = 0
configure:3505: gcc -v >&5
Using built-in specs.
Target: x86_64-redhat-linux
Configured with: ../configure --prefix=/usr --mandir=/usr/share/man --infodir=/usr/share/info --with-bugurl=http://bugzilla.redhat.com/bugzilla --enable-bootstrap --enable-shared --enable-threads=posix --enable-checking=release --with-system-zlib --enable-__cxa_atexit --disable-libunwind-exceptions --enable-gnu-unique-object --enable-languages=c,c++,objc,obj-c++,java,fortran,ada --enable-java-awt=gtk --disable-dssi --with-java-home=/usr/lib/jvm/java-1.5.0-gcj-1.5.0.0/jre --enable-libgcj-multifile --enable-java-maintainer-mode --with-ecj-jar=/usr/share/java/eclipse-ecj.jar --disable-libjava-multilib --with-ppl --with-cloog --with-tune=generic --with-arch_32=i686 --build=x86_64-redhat-linux
Thread model: posix
gcc version 4.4.7 20120313 (Red Hat 4.4.7-16) (GCC) 
configure:3509: $? = 0
configure:3516: gcc -V >&5
gcc: '-V' option must have argument
configure:3520: $? = 1
configure:3523: checking whether we are using the GNU C compiler
configure:3576: result: yes
configure:3585: checking whether gcc accepts -g
configure:3723: result: yes
configure:3740: checking for gcc option to accept ISO C89
configure:3844: result: none needed
configure:3864: checking for gcc option to accept ISO C99
configure:4023: gcc  -c -g -O2  conftest.c >&5
conftest.c:59: error: expected ';', ',' or ')' before 'text'
conftest.c: In function 'main':
conftest.c:113: error: expected '=', ',', ';', 'asm' or '__attribute__' before 'newvar'
conftest.c:113: error: 'newvar' undeclared (first use in this function)
conftest.c:113: error: (Each undeclared identifier is reported only once
conftest.c:113: error: for each function it appears in.)
conftest.c:123: error: 'for' loop initial declarations are only allowed in C99 mode
conftest.c:123: note: use option -std=c99 or -std=gnu99 to compile your code
configure:4030: $? = 1
configure: failed program was:
| /* confdefs.h.  */
| #define PACKAGE_NAME "WCSLIB"
| #define PACKAGE_TARNAME "wcslib-4.13.3"
| #define PACKAGE_VERSION "4.13.3"
| #define PACKAGE_STRING "WCSLIB 4.13.3"
| #define PACKAGE_BUGREPORT "mcalabre@atnf.csiro.au"
| #define WCSLIB_VERSION 4.13.3
| /* end confdefs.h.  */
| #include <stdarg.h>
| #include <stdbool.h>
| #include <stdlib.h>
| #include <wchar.h>
| #include <stdio.h>
| 
| // Check varargs macros.  These examples are taken from C99 6.10.3.5.
| #define debug(...) fprintf (stderr, __VA_ARGS__)
| #define showlist(...) puts (#__VA_ARGS__)
| #define report(test,...) ((test) ? puts (#test) : printf (__VA_ARGS__))
| static void
| test_varargs_macros (void)
| {
|   int x = 1234;
|   int y = 5678;
|   debug ("Flag");
|   debug ("X = %d\n", x);
|   showlist (The first, second, and third items.);
|   report (x>y, "x is %d but y is %d", x, y);
| }
| 
| // Check long long types.
| #define BIG64 18446744073709551615ull
| #define BIG32 4294967295ul
| #define BIG_OK (BIG64 / BIG32 == 4294967297ull && BIG64 % BIG32 == 0)
| #if !BIG_OK
|   your preprocessor is broken;
| #endif
| #if BIG_OK
| #else
|   your preprocessor is broken;
| #endif
| static long long int bignum = -9223372036854775807LL;
| static unsigned long long int ubignum = BIG64;
| 
| struct incomplete_array
| {
|   int datasize;
|   double data[];
| };
| 
| struct named_init {
|   int number;
|   const wchar_t *name;
|   double average;
| };
| 
| typedef const char *ccp;
| 
| static inline int
| test_restrict (ccp restrict text)
| {
|   // See if C++-style comments work.
|   // Iterate through items via the restricted pointer.
|   // Also check for declarations in for loops.
|   for (unsigned int i = 0; *(text+i) != '\0'; ++i)
|     continue;
|   return 0;
| }
| 
| // Check varargs and va_copy.
| static void
| test_varargs (const char *format, ...)
| {
|   va_list args;
|   va_start (args, format);
|   va_list args_copy;
|   va_copy (args_copy, args);
| 
|   const char *str;
|   int number;
|   float fnumber;
| 
|   while (*format)
|     {
|       switch (*format++)
| 	{
| 	case 's': // string
| 	  str = va_arg (args_copy, const char *);
| 	  break;
| 	case 'd': // int
| 	  number = va_arg (args_copy, int);
| 	  break;
| 	case 'f': // float
| 	  fnumber = va_arg (args_copy, double);
| 	  break;
| 	default:
| 	  break;
| 	}
|     }
|   va_end (args_copy);
|   va_end (args);
| }
| 
| int
| main ()
| {
| 
|   // Check bool.
|   _Bool success = false;
| 
|   // Check restrict.
|   if (test_restrict ("String literal") == 0)
|     success = true;
|   char *restrict newvar = "Another string";
| 
|   // Check varargs.
|   test_varargs ("s, d' f .", "string", 65, 34.234);
|   test_varargs_macros ();
| 
|   // Check flexible array members.
|   struct incomplete_array *ia =
|     malloc (sizeof (struct incomplete_array) + (sizeof (double) * 10));
|   ia->datasize = 10;
|   for (int i = 0; i < ia->datasize; ++i)
|     ia->data[i] = i * 1.234;
| 
|   // Check named initializers.
|   struct named_init ni = {
|     .number = 34,
|     .name = L"Test wide string",
|     .average = 543.34343,
|   };
| 
|   ni.number = 58;
| 
|   int dynamic_array[ni.number];
|   dynamic_array[ni.number - 1] = 543;
| 
|   // work around unused variable warnings
|   return (!success || bignum == 0LL || ubignum == 0uLL || newvar[0] == 'x'
| 	  || dynamic_array[ni.number - 1] != 543);
| 
|   ;
|   return 0;
| }
configure:4023: gcc -std=gnu99 -c -g -O2  conftest.c >&5
configure:4030: $? = 0
configure:4060: result: -std=gnu99
configure:4191: checking for gcc -std=gnu99 option to accept ISO Standard C
configure:4202: result: -std=gnu99
configure:4208: checking for an ANSI C-conforming const
configure:4283: gcc -std=gnu99 -c -g -O2  conftest.c >&5
configure:4290: $? = 0
configure:4305: result: yes
configure:4316: checking for grep that handles long lines and -e
configure:4376: result: /bin/grep
configure:4381: checking for egrep
configure:4445: result: /bin/grep -E
configure:4450: checking for ANSI C header files
configure:4480: gcc -std=gnu99 -c -g -O2  conftest.c >&5
configure:4487: $? = 0
configure:4586: gcc -std=gnu99 -o conftest -g -O2   conftest.c  >&5
configure:4590: $? = 0
configure:4596: ./conftest
configure:4600: $? = 0
configure:4618: result: yes
configure:4642: checking for sys/types.h
configure:4663: gcc -std=gnu99 -c -g -O2  conftest.c >&5
configure:4670: $? = 0
configure:4687: result: yes
configure:4642: checking for sys/stat.h
configure:4663: gcc -std=gnu99 -c -g -O2  conftest.c >&5
configure:4670: $? = 0
configure:4687: result: yes
configure:4642: checking for stdlib.h
configure:4663: gcc -std=gnu99 -c -g -O2  conftest.c >&5
configure:4670: $? = 0
configure:4687: result: yes
configure:4642: checking for string.h
configure:4663: gcc -std=gnu99 -c -g -O2  conftest.c >&5
configure:4670: $? = 0
configure:4687: result: yes
configure:4642: checking for memory.h
configure:4663: gcc -std=gnu99 -c -g -O2  conftest.c >&5
configure:4670: $? = 0
configure:4687: result: yes
configure:4642: checking for strings.h
configure:4663: gcc -std=gnu99 -c -g -O2  conftest.c >&5
configure:4670: $? = 0
configure:4687: result: yes
configure:4642: checking for inttypes.h
configure:4663: gcc -std=gnu99 -c -g -O2  conftest.c >&5
configure:4670: $? = 0
configure:4687: result: yes
configure:4642: checking for stdint.h
configure:4663: gcc -std=gnu99 -c -g -O2  conftest.c >&5
configure:4670: $? = 0
configure:4687: result: yes
configure:4642: checking for unistd.h
configure:4663: gcc -std=gnu99 -c -g -O2  conftest.c >&5
configure:4670: $? = 0
configure:4687: result: yes
configure:4701: checking for size_t
configure:4729: gcc -std=gnu99 -c -g -O2  conftest.c >&5
configure:4736: $? = 0
configure:4763: gcc -std=gnu99 -c -g -O2  conftest.c >&5
conftest.c: In function 'main':
conftest.c:55: error: expected expression before ')' token
configure:4770: $? = 1
configure: failed program was:
| /* confdefs.h.  */
| #define PACKAGE_NAME "WCSLIB"
| #define PACKAGE_TARNAME "wcslib-4.13.3"
| #define PACKAGE_VERSION "4.13.3"
| #define PACKAGE_STRING "WCSLIB 4.13.3"
| #define PACKAGE_BUGREPORT "mcalabre@atnf.csiro.au"
| #define WCSLIB_VERSION 4.13.3
| #define STDC_HEADERS 1
| #define HAVE_SYS_TYPES_H 1
| #define HAVE_SYS_STAT_H 1
| #define HAVE_STDLIB_H 1
| #define HAVE_STRING_H 1
| #define HAVE_MEMORY_H 1
| #define HAVE_STRINGS_H 1
| #define HAVE_INTTYPES_H 1
| #define HAVE_STDINT_H 1
| #define HAVE_UNISTD_H 1
| /* end confdefs.h.  */
| #include <stdio.h>
| #ifdef HAVE_SYS_TYPES_H
| # include <sys/types.h>
| #endif
| #ifdef HAVE_SYS_STAT_H
| # include <sys/stat.h>
| #endif
| #ifdef STDC_HEADERS
| # include <stdlib.h>
| # include <stddef.h>
| #else
| # ifdef HAVE_STDLIB_H
| #  include <stdlib.h>
| # endif
| #endif
| #ifdef HAVE_STRING_H
| # if !defined STDC_HEADERS && defined HAVE_MEMORY_H
| #  include <memory.h>
| # endif
| # include <string.h>
| #endif
| #ifdef HAVE_STRINGS_H
| # include <strings.h>
| #endif
| #ifdef HAVE_INTTYPES_H
| # include <inttypes.h>
| #endif
| #ifdef HAVE_STDINT_H
| # include <stdint.h>
| #endif
| #ifdef HAVE_UNISTD_H
| # include <unistd.h>
| #endif
| int
| main ()
| {
| if (sizeof ((size_t)))
| 	  return 0;
|   ;
|   return 0;
| }
configure:4793: result: yes
configure:4825: checking for off_t
configure:4853: gcc -std=gnu99 -c -g -O2  conftest.c >&5
configure:4860: $? = 0
configure:4887: gcc -std=gnu99 -c -g -O2  conftest.c >&5
conftest.c: In function 'main':
conftest.c:55: error: expected expression before ')' token
configure:4894: $? = 1
configure: failed program was:
| /* confdefs.h.  */
| #define PACKAGE_NAME "WCSLIB"
| #define PACKAGE_TARNAME "wcslib-4.13.3"
| #define PACKAGE_VERSION "4.13.3"
| #define PACKAGE_STRING "WCSLIB 4.13.3"
| #define PACKAGE_BUGREPORT "mcalabre@atnf.csiro.au"
| #define WCSLIB_VERSION 4.13.3
| #define STDC_HEADERS 1
| #define HAVE_SYS_TYPES_H 1
| #define HAVE_SYS_STAT_H 1
| #define HAVE_STDLIB_H 1
| #define HAVE_STRING_H 1
| #define HAVE_MEMORY_H 1
| #define HAVE_STRINGS_H 1
| #define HAVE_INTTYPES_H 1
| #define HAVE_STDINT_H 1
| #define HAVE_UNISTD_H 1
| /* end confdefs.h.  */
| #include <stdio.h>
| #ifdef HAVE_SYS_TYPES_H
| # include <sys/types.h>
| #endif
| #ifdef HAVE_SYS_STAT_H
| # include <sys/stat.h>
| #endif
| #ifdef STDC_HEADERS
| # include <stdlib.h>
| # include <stddef.h>
| #else
| # ifdef HAVE_STDLIB_H
| #  include <stdlib.h>
| # endif
| #endif
| #ifdef HAVE_STRING_H
| # if !defined STDC_HEADERS && defined HAVE_MEMORY_H
| #  include <memory.h>
| # endif
| # include <string.h>
| #endif
| #ifdef HAVE_STRINGS_H
| # include <strings.h>
| #endif
| #ifdef HAVE_INTTYPES_H
| # include <inttypes.h>
| #endif
| #ifdef HAVE_STDINT_H
| # include <stdint.h>
| #endif
| #ifdef HAVE_UNISTD_H
| # include <unistd.h>
| #endif
| int
| main ()
| {
| if (sizeof ((off_t)))
| 	  return 0;
|   ;
|   return 0;
| }
configure:4917: result: yes
configure:4930: checking for int8_t
configure:4961: gcc -std=gnu99 -c -g -O2  conftest.c >&5
configure:4968: $? = 0
configure:4997: gcc -std=gnu99 -c -g -O2  conftest.c >&5
conftest.c: In function 'main':
conftest.c:56: error: size of array 'test_array' is negative
configure:5004: $? = 1
configure: failed program was:
| /* confdefs.h.  */
| #define PACKAGE_NAME "WCSLIB"
| #define PACKAGE_TARNAME "wcslib-4.13.3"
| #define PACKAGE_VERSION "4.13.3"
| #define PACKAGE_STRING "WCSLIB 4.13.3"
| #define PACKAGE_BUGREPORT "mcalabre@atnf.csiro.au"
| #define WCSLIB_VERSION 4.13.3
| #define STDC_HEADERS 1
| #define HAVE_SYS_TYPES_H 1
| #define HAVE_SYS_STAT_H 1
| #define HAVE_STDLIB_H 1
| #define HAVE_STRING_H 1
| #define HAVE_MEMORY_H 1
| #define HAVE_STRINGS_H 1
| #define HAVE_INTTYPES_H 1
| #define HAVE_STDINT_H 1
| #define HAVE_UNISTD_H 1
| /* end confdefs.h.  */
| #include <stdio.h>
| #ifdef HAVE_SYS_TYPES_H
| # include <sys/types.h>
| #endif
| #ifdef HAVE_SYS_STAT_H
| # include <sys/stat.h>
| #endif
| #ifdef STDC_HEADERS
| # include <stdlib.h>
| # include <stddef.h>
| #else
| # ifdef HAVE_STDLIB_H
| #  include <stdlib.h>
| # endif
| #endif
| #ifdef HAVE_STRING_H
| # if !defined STDC_HEADERS && defined HAVE_MEMORY_H
| #  include <memory.h>
| # endif
| # include <string.h>
| #endif
| #ifdef HAVE_STRINGS_H
| # include <strings.h>
| #endif
| #ifdef HAVE_INTTYPES_H
| # include <inttypes.h>
| #endif
| #ifdef HAVE_STDINT_H
| # include <stdint.h>
| #endif
| #ifdef HAVE_UNISTD_H
| # include <unistd.h>
| #endif
| int
| main ()
| {
| static int test_array [1 - 2 * !((int8_t) ((((int8_t) 1 << (8 - 2)) - 1) * 2 + 1)
| 		 < (int8_t) ((((int8_t) 1 << (8 - 2)) - 1) * 2 + 2))];
| test_array [0] = 0
| 
|   ;
|   return 0;
| }
configure:5033: result: yes
configure:5046: checking for int16_t
configure:5077: gcc -std=gnu99 -c -g -O2  conftest.c >&5
configure:5084: $? = 0
configure:5113: gcc -std=gnu99 -c -g -O2  conftest.c >&5
conftest.c: In function 'main':
conftest.c:56: error: size of array 'test_array' is negative
configure:5120: $? = 1
configure: failed program was:
| /* confdefs.h.  */
| #define PACKAGE_NAME "WCSLIB"
| #define PACKAGE_TARNAME "wcslib-4.13.3"
| #define PACKAGE_VERSION "4.13.3"
| #define PACKAGE_STRING "WCSLIB 4.13.3"
| #define PACKAGE_BUGREPORT "mcalabre@atnf.csiro.au"
| #define WCSLIB_VERSION 4.13.3
| #define STDC_HEADERS 1
| #define HAVE_SYS_TYPES_H 1
| #define HAVE_SYS_STAT_H 1
| #define HAVE_STDLIB_H 1
| #define HAVE_STRING_H 1
| #define HAVE_MEMORY_H 1
| #define HAVE_STRINGS_H 1
| #define HAVE_INTTYPES_H 1
| #define HAVE_STDINT_H 1
| #define HAVE_UNISTD_H 1
| /* end confdefs.h.  */
| #include <stdio.h>
| #ifdef HAVE_SYS_TYPES_H
| # include <sys/types.h>
| #endif
| #ifdef HAVE_SYS_STAT_H
| # include <sys/stat.h>
| #endif
| #ifdef STDC_HEADERS
| # include <stdlib.h>
| # include <stddef.h>
| #else
| # ifdef HAVE_STDLIB_H
| #  include <stdlib.h>
| # endif
| #endif
| #ifdef HAVE_STRING_H
| # if !defined STDC_HEADERS && defined HAVE_MEMORY_H
| #  include <memory.h>
| # endif
| # include <string.h>
| #endif
| #ifdef HAVE_STRINGS_H
| # include <strings.h>
| #endif
| #ifdef HAVE_INTTYPES_H
| # include <inttypes.h>
| #endif
| #ifdef HAVE_STDINT_H
| # include <stdint.h>
| #endif
| #ifdef HAVE_UNISTD_H
| # include <unistd.h>
| #endif
| int
| main ()
| {
| static int test_array [1 - 2 * !((int16_t) ((((int16_t) 1 << (16 - 2)) - 1) * 2 + 1)
| 		 < (int16_t) ((((int16_t) 1 << (16 - 2)) - 1) * 2 + 2))];
| test_array [0] = 0
| 
|   ;
|   return 0;
| }
configure:5149: result: yes
configure:5162: checking for int32_t
configure:5193: gcc -std=gnu99 -c -g -O2  conftest.c >&5
configure:5200: $? = 0
configure:5229: gcc -std=gnu99 -c -g -O2  conftest.c >&5
conftest.c: In function 'main':
conftest.c:56: warning: integer overflow in expression
conftest.c:56: error: size of array 'test_array' is negative
configure:5236: $? = 1
configure: failed program was:
| /* confdefs.h.  */
| #define PACKAGE_NAME "WCSLIB"
| #define PACKAGE_TARNAME "wcslib-4.13.3"
| #define PACKAGE_VERSION "4.13.3"
| #define PACKAGE_STRING "WCSLIB 4.13.3"
| #define PACKAGE_BUGREPORT "mcalabre@atnf.csiro.au"
| #define WCSLIB_VERSION 4.13.3
| #define STDC_HEADERS 1
| #define HAVE_SYS_TYPES_H 1
| #define HAVE_SYS_STAT_H 1
| #define HAVE_STDLIB_H 1
| #define HAVE_STRING_H 1
| #define HAVE_MEMORY_H 1
| #define HAVE_STRINGS_H 1
| #define HAVE_INTTYPES_H 1
| #define HAVE_STDINT_H 1
| #define HAVE_UNISTD_H 1
| /* end confdefs.h.  */
| #include <stdio.h>
| #ifdef HAVE_SYS_TYPES_H
| # include <sys/types.h>
| #endif
| #ifdef HAVE_SYS_STAT_H
| # include <sys/stat.h>
| #endif
| #ifdef STDC_HEADERS
| # include <stdlib.h>
| # include <stddef.h>
| #else
| # ifdef HAVE_STDLIB_H
| #  include <stdlib.h>
| # endif
| #endif
| #ifdef HAVE_STRING_H
| # if !defined STDC_HEADERS && defined HAVE_MEMORY_H
| #  include <memory.h>
| # endif
| # include <string.h>
| #endif
| #ifdef HAVE_STRINGS_H
| # include <strings.h>
| #endif
| #ifdef HAVE_INTTYPES_H
| # include <inttypes.h>
| #endif
| #ifdef HAVE_STDINT_H
| # include <stdint.h>
| #endif
| #ifdef HAVE_UNISTD_H
| # include <unistd.h>
| #endif
| int
| main ()
| {
| static int test_array [1 - 2 * !((int32_t) ((((int32_t) 1 << (32 - 2)) - 1) * 2 + 1)
| 		 < (int32_t) ((((int32_t) 1 << (32 - 2)) - 1) * 2 + 2))];
| test_array [0] = 0
| 
|   ;
|   return 0;
| }
configure:5265: result: yes
configure:5278: checking for uint8_t
configure:5309: gcc -std=gnu99 -c -g -O2  conftest.c >&5
configure:5316: $? = 0
configure:5337: result: yes
configure:5355: checking for uint16_t
configure:5386: gcc -std=gnu99 -c -g -O2  conftest.c >&5
configure:5393: $? = 0
configure:5414: result: yes
configure:5428: checking for uint32_t
configure:5459: gcc -std=gnu99 -c -g -O2  conftest.c >&5
configure:5466: $? = 0
configure:5487: result: yes
configure:5506: checking for ANSI C header files
configure:5674: result: yes
configure:5709: checking ctype.h usability
configure:5726: gcc -std=gnu99 -c -g -O2  conftest.c >&5
configure:5733: $? = 0
configure:5747: result: yes
configure:5751: checking ctype.h presence
configure:5766: gcc -E  conftest.c
configure:5773: $? = 0
configure:5787: result: yes
configure:5820: checking for ctype.h
configure:5829: result: yes
configure:5709: checking errno.h usability
configure:5726: gcc -std=gnu99 -c -g -O2  conftest.c >&5
configure:5733: $? = 0
configure:5747: result: yes
configure:5751: checking errno.h presence
configure:5766: gcc -E  conftest.c
configure:5773: $? = 0
configure:5787: result: yes
configure:5820: checking for errno.h
configure:5829: result: yes
configure:5709: checking limits.h usability
configure:5726: gcc -std=gnu99 -c -g -O2  conftest.c >&5
configure:5733: $? = 0
configure:5747: result: yes
configure:5751: checking limits.h presence
configure:5766: gcc -E  conftest.c
configure:5773: $? = 0
configure:5787: result: yes
configure:5820: checking for limits.h
configure:5829: result: yes
configure:5709: checking math.h usability
configure:5726: gcc -std=gnu99 -c -g -O2  conftest.c >&5
configure:5733: $? = 0
configure:5747: result: yes
configure:5751: checking math.h presence
configure:5766: gcc -E  conftest.c
configure:5773: $? = 0
configure:5787: result: yes
configure:5820: checking for math.h
configure:5829: result: yes
configure:5709: checking setjmp.h usability
configure:5726: gcc -std=gnu99 -c -g -O2  conftest.c >&5
configure:5733: $? = 0
configure:5747: result: yes
configure:5751: checking setjmp.h presence
configure:5766: gcc -E  conftest.c
configure:5773: $? = 0
configure:5787: result: yes
configure:5820: checking for setjmp.h
configure:5829: result: yes
configure:5709: checking stdarg.h usability
configure:5726: gcc -std=gnu99 -c -g -O2  conftest.c >&5
configure:5733: $? = 0
configure:5747: result: yes
configure:5751: checking stdarg.h presence
configure:5766: gcc -E  conftest.c
configure:5773: $? = 0
configure:5787: result: yes
configure:5820: checking for stdarg.h
configure:5829: result: yes
configure:5709: checking stdio.h usability
configure:5726: gcc -std=gnu99 -c -g -O2  conftest.c >&5
configure:5733: $? = 0
configure:5747: result: yes
configure:5751: checking stdio.h presence
configure:5766: gcc -E  conftest.c
configure:5773: $? = 0
configure:5787: result: yes
configure:5820: checking for stdio.h
configure:5829: result: yes
configure:5698: checking for stdlib.h
configure:5705: result: yes
configure:5698: checking for string.h
configure:5705: result: yes
configure:5865: checking for floor in -lm
configure:5900: gcc -std=gnu99 -o conftest -g -O2   conftest.c -lm   >&5
conftest.c:36: warning: conflicting types for built-in function 'floor'
configure:5907: $? = 0
configure:5928: result: yes
configure:5939: checking for _LARGEFILE_SOURCE value needed for large files
configure:5968: gcc -std=gnu99 -o conftest -g -O2   conftest.c -lm  >&5
configure:5975: $? = 0
configure:6048: result: no
configure:6076: checking for stdlib.h
configure:6083: result: yes
configure:6222: checking for GNU libc compatible malloc
configure:6256: gcc -std=gnu99 -o conftest -g -O2   conftest.c -lm  >&5
configure:6260: $? = 0
configure:6266: ./conftest
configure:6270: $? = 0
configure:6287: result: yes
configure:6320: checking for stdlib.h
configure:6327: result: yes
configure:6466: checking for GNU libc compatible realloc
configure:6500: gcc -std=gnu99 -o conftest -g -O2   conftest.c -lm  >&5
configure:6504: $? = 0
configure:6510: ./conftest
configure:6514: $? = 0
configure:6531: result: yes
configure:6566: checking whether lstat dereferences a symlink specified with a trailing slash
configure:6602: gcc -std=gnu99 -o conftest -g -O2   conftest.c -lm  >&5
configure:6606: $? = 0
configure:6612: ./conftest
configure:6616: $? = 0
configure:6640: result: yes
configure:6659: checking whether stat accepts an empty string
configure:6689: gcc -std=gnu99 -o conftest -g -O2   conftest.c -lm  >&5
configure:6693: $? = 0
configure:6699: ./conftest
configure:6703: $? = 0
configure:6720: result: no
configure:6740: checking for vprintf
configure:6796: gcc -std=gnu99 -o conftest -g -O2   conftest.c -lm  >&5
conftest.c:59: warning: conflicting types for built-in function 'vprintf'
configure:6803: $? = 0
configure:6825: result: yes
configure:6834: checking for _doprnt
configure:6890: gcc -std=gnu99 -o conftest -g -O2   conftest.c -lm  >&5
/tmp/ccmNavX8.o: In function `main':
/opt/apogee/fitsTcl/wcslib-4.13.3/conftest.c:71: undefined reference to `_doprnt'
collect2: ld returned 1 exit status
configure:6897: $? = 1
configure: failed program was:
| /* confdefs.h.  */
| #define PACKAGE_NAME "WCSLIB"
| #define PACKAGE_TARNAME "wcslib-4.13.3"
| #define PACKAGE_VERSION "4.13.3"
| #define PACKAGE_STRING "WCSLIB 4.13.3"
| #define PACKAGE_BUGREPORT "mcalabre@atnf.csiro.au"
| #define WCSLIB_VERSION 4.13.3
| #define STDC_HEADERS 1
| #define HAVE_SYS_TYPES_H 1
| #define HAVE_SYS_STAT_H 1
| #define HAVE_STDLIB_H 1
| #define HAVE_STRING_H 1
| #define HAVE_MEMORY_H 1
| #define HAVE_STRINGS_H 1
| #define HAVE_INTTYPES_H 1
| #define HAVE_STDINT_H 1
| #define HAVE_UNISTD_H 1
| #define STDC_HEADERS 1
| #define HAVE_CTYPE_H 1
| #define HAVE_ERRNO_H 1
| #define HAVE_LIMITS_H 1
| #define HAVE_MATH_H 1
| #define HAVE_SETJMP_H 1
| #define HAVE_STDARG_H 1
| #define HAVE_STDIO_H 1
| #define HAVE_STDLIB_H 1
| #define HAVE_STRING_H 1
| #define HAVE_LIBM 1
| #define HAVE_FSEEKO 1
| #define HAVE_STDLIB_H 1
| #define HAVE_MALLOC 1
| #define HAVE_STDLIB_H 1
| #define HAVE_REALLOC 1
| #define LSTAT_FOLLOWS_SLASHED_SYMLINK 1
| #define HAVE_VPRINTF 1
| /* end confdefs.h.  */
| /* Define _doprnt to an innocuous variant, in case <limits.h> declares _doprnt.
|    For example, HP-UX 11i <limits.h> declares gettimeofday.  */
| #define _doprnt innocuous__doprnt
| 
| /* System header to define __stub macros and hopefully few prototypes,
|     which can conflict with char _doprnt (); below.
|     Prefer <limits.h> to <assert.h> if __STDC__ is defined, since
|     <limits.h> exists even on freestanding compilers.  */
| 
| #ifdef __STDC__
| # include <limits.h>
| #else
| # include <assert.h>
| #endif
| 
| #undef _doprnt
| 
| /* Override any GCC internal prototype to avoid an error.
|    Use char because int might match the return type of a GCC
|    builtin and then its argument prototype would still apply.  */
| #ifdef __cplusplus
| extern "C"
| #endif
| char _doprnt ();
| /* The GNU C library defines this for functions which it implements
|     to always fail with ENOSYS.  Some functions are actually named
|     something starting with __ and the normal name is an alias.  */
| #if defined __stub__doprnt || defined __stub____doprnt
| choke me
| #endif
| 
| int
| main ()
| {
| return _doprnt ();
|   ;
|   return 0;
| }
configure:6917: result: no
configure:6940: checking for floor
configure:6996: gcc -std=gnu99 -o conftest -g -O2   conftest.c -lm  >&5
conftest.c:60: warning: conflicting types for built-in function 'floor'
configure:7003: $? = 0
configure:7025: result: yes
configure:6940: checking for memset
configure:6996: gcc -std=gnu99 -o conftest -g -O2   conftest.c -lm  >&5
conftest.c:61: warning: conflicting types for built-in function 'memset'
configure:7003: $? = 0
configure:7025: result: yes
configure:6940: checking for pow
configure:6996: gcc -std=gnu99 -o conftest -g -O2   conftest.c -lm  >&5
conftest.c:62: warning: conflicting types for built-in function 'pow'
configure:7003: $? = 0
configure:7025: result: yes
configure:6940: checking for sqrt
configure:6996: gcc -std=gnu99 -o conftest -g -O2   conftest.c -lm  >&5
conftest.c:63: warning: conflicting types for built-in function 'sqrt'
configure:7003: $? = 0
configure:7025: result: yes
configure:6940: checking for strchr
configure:6996: gcc -std=gnu99 -o conftest -g -O2   conftest.c -lm  >&5
conftest.c:64: warning: conflicting types for built-in function 'strchr'
configure:7003: $? = 0
configure:7025: result: yes
configure:6940: checking for strstr
configure:6996: gcc -std=gnu99 -o conftest -g -O2   conftest.c -lm  >&5
conftest.c:65: warning: conflicting types for built-in function 'strstr'
configure:7003: $? = 0
configure:7025: result: yes
configure:7040: checking for cosd in -lsunmath
configure:7075: gcc -std=gnu99 -o conftest -g -O2   conftest.c -lsunmath  -lm  >&5
/usr/bin/ld: cannot find -lsunmath
collect2: ld returned 1 exit status
configure:7082: $? = 1
configure: failed program was:
| /* confdefs.h.  */
| #define PACKAGE_NAME "WCSLIB"
| #define PACKAGE_TARNAME "wcslib-4.13.3"
| #define PACKAGE_VERSION "4.13.3"
| #define PACKAGE_STRING "WCSLIB 4.13.3"
| #define PACKAGE_BUGREPORT "mcalabre@atnf.csiro.au"
| #define WCSLIB_VERSION 4.13.3
| #define STDC_HEADERS 1
| #define HAVE_SYS_TYPES_H 1
| #define HAVE_SYS_STAT_H 1
| #define HAVE_STDLIB_H 1
| #define HAVE_STRING_H 1
| #define HAVE_MEMORY_H 1
| #define HAVE_STRINGS_H 1
| #define HAVE_INTTYPES_H 1
| #define HAVE_STDINT_H 1
| #define HAVE_UNISTD_H 1
| #define STDC_HEADERS 1
| #define HAVE_CTYPE_H 1
| #define HAVE_ERRNO_H 1
| #define HAVE_LIMITS_H 1
| #define HAVE_MATH_H 1
| #define HAVE_SETJMP_H 1
| #define HAVE_STDARG_H 1
| #define HAVE_STDIO_H 1
| #define HAVE_STDLIB_H 1
| #define HAVE_STRING_H 1
| #define HAVE_LIBM 1
| #define HAVE_FSEEKO 1
| #define HAVE_STDLIB_H 1
| #define HAVE_MALLOC 1
| #define HAVE_STDLIB_H 1
| #define HAVE_REALLOC 1
| #define LSTAT_FOLLOWS_SLASHED_SYMLINK 1
| #define HAVE_VPRINTF 1
| #define HAVE_FLOOR 1
| #define HAVE_MEMSET 1
| #define HAVE_POW 1
| #define HAVE_SQRT 1
| #define HAVE_STRCHR 1
| #define HAVE_STRSTR 1
| /* end confdefs.h.  */
| 
| /* Override any GCC internal prototype to avoid an error.
|    Use char because int might match the return type of a GCC
|    builtin and then its argument prototype would still apply.  */
| #ifdef __cplusplus
| extern "C"
| #endif
| char cosd ();
| int
| main ()
| {
| return cosd ();
|   ;
|   return 0;
| }
configure:7103: result: no
configure:7115: checking for sincos
configure:7171: gcc -std=gnu99 -o conftest -g -O2   conftest.c -lm  >&5
conftest.c:66: warning: conflicting types for built-in function 'sincos'
configure:7178: $? = 0
configure:7200: result: yes
configure:7218: checking size of int
configure:7523: gcc -std=gnu99 -o conftest -g -O2   conftest.c -lm  >&5
configure:7527: $? = 0
configure:7533: ./conftest
configure:7537: $? = 0
configure:7563: result: 4
configure:7577: checking size of long int
configure:7882: gcc -std=gnu99 -o conftest -g -O2   conftest.c -lm  >&5
configure:7886: $? = 0
configure:7892: ./conftest
configure:7896: $? = 0
configure:7922: result: 8
configure:7936: checking size of long long int
configure:8241: gcc -std=gnu99 -o conftest -g -O2   conftest.c -lm  >&5
configure:8245: $? = 0
configure:8251: ./conftest
configure:8255: $? = 0
configure:8281: result: 8
configure:8319: checking for printf z format modifier for size_t type
configure:8356: gcc -std=gnu99 -o conftest -g -O2   conftest.c -lm  >&5
configure:8360: $? = 0
configure:8366: ./conftest
configure:8370: $? = 0
configure:8377: result: yes
configure:8492: checking for gfortran
configure:8508: found /usr/bin/gfortran
configure:8519: result: gfortran
configure:8545: checking for Fortran 77 compiler version
configure:8553: gfortran --version >&5
GNU Fortran (GCC) 4.4.7 20120313 (Red Hat 4.4.7-16)
Copyright (C) 2010 Free Software Foundation, Inc.

GNU Fortran comes with NO WARRANTY, to the extent permitted by law.
You may redistribute copies of GNU Fortran
under the terms of the GNU General Public License.
For more information about these matters, see the file named COPYING

configure:8557: $? = 0
configure:8564: gfortran -v >&5
Using built-in specs.
Target: x86_64-redhat-linux
Configured with: ../configure --prefix=/usr --mandir=/usr/share/man --infodir=/usr/share/info --with-bugurl=http://bugzilla.redhat.com/bugzilla --enable-bootstrap --enable-shared --enable-threads=posix --enable-checking=release --with-system-zlib --enable-__cxa_atexit --disable-libunwind-exceptions --enable-gnu-unique-object --enable-languages=c,c++,objc,obj-c++,java,fortran,ada --enable-java-awt=gtk --disable-dssi --with-java-home=/usr/lib/jvm/java-1.5.0-gcj-1.5.0.0/jre --enable-libgcj-multifile --enable-java-maintainer-mode --with-ecj-jar=/usr/share/java/eclipse-ecj.jar --disable-libjava-multilib --with-ppl --with-cloog --with-tune=generic --with-arch_32=i686 --build=x86_64-redhat-linux
Thread model: posix
gcc version 4.4.7 20120313 (Red Hat 4.4.7-16) (GCC) 
configure:8568: $? = 0
configure:8575: gfortran -V >&5
gfortran: '-V' option must have argument
configure:8579: $? = 1
configure:8587: checking whether we are using the GNU Fortran 77 compiler
configure:8606: gfortran -c  conftest.F >&5
configure:8613: $? = 0
configure:8630: result: yes
configure:8636: checking whether gfortran accepts -g
configure:8653: gfortran -c -g conftest.f >&5
configure:8660: $? = 0
configure:8676: result: yes
configure:8732: checking whether gfortran accepts -I
configure:8753: gfortran -c -I. conftest.f >&5
configure:8760: $? = 0
configure:8765: result: yes
configure:8790: checking how to get verbose linking output from gfortran
configure:8806: gfortran -c -g -O2 -I. conftest.f >&5
configure:8813: $? = 0
configure:8835: gfortran -o conftest -g -O2 -I. -v conftest.f -lm
Using built-in specs.
Target: x86_64-redhat-linux
Configured with: ../configure --prefix=/usr --mandir=/usr/share/man --infodir=/usr/share/info --with-bugurl=http://bugzilla.redhat.com/bugzilla --enable-bootstrap --enable-shared --enable-threads=posix --enable-checking=release --with-system-zlib --enable-__cxa_atexit --disable-libunwind-exceptions --enable-gnu-unique-object --enable-languages=c,c++,objc,obj-c++,java,fortran,ada --enable-java-awt=gtk --disable-dssi --with-java-home=/usr/lib/jvm/java-1.5.0-gcj-1.5.0.0/jre --enable-libgcj-multifile --enable-java-maintainer-mode --with-ecj-jar=/usr/share/java/eclipse-ecj.jar --disable-libjava-multilib --with-ppl --with-cloog --with-tune=generic --with-arch_32=i686 --build=x86_64-redhat-linux
Thread model: posix
gcc version 4.4.7 20120313 (Red Hat 4.4.7-16) (GCC) 
 /usr/libexec/gcc/x86_64-redhat-linux/4.4.7/f951 conftest.f -ffixed-form -I. -quiet -dumpbase conftest.f -mtune=generic -auxbase conftest -g -O2 -version -fintrinsic-modules-path /usr/lib/gcc/x86_64-redhat-linux/4.4.7/finclude -o /tmp/cc9d1kVg.s
GNU Fortran (GCC) version 4.4.7 20120313 (Red Hat 4.4.7-16) (x86_64-redhat-linux)
	compiled by GNU C version 4.4.7 20120313 (Red Hat 4.4.7-16), GMP version 4.3.1, MPFR version 2.4.1.
GGC heuristics: --param ggc-min-expand=82 --param ggc-min-heapsize=97570
 as -V -Qy -o /tmp/cch8X2K6.o /tmp/cc9d1kVg.s
GNU assembler version 2.20.51.0.2 (x86_64-redhat-linux) using BFD version version 2.20.51.0.2-5.43.el6 20100205
 /usr/libexec/gcc/x86_64-redhat-linux/4.4.7/collect2 --eh-frame-hdr --build-id -m elf_x86_64 --hash-style=gnu -dynamic-linker /lib64/ld-linux-x86-64.so.2 -o conftest /usr/lib/gcc/x86_64-redhat-linux/4.4.7/../../../../lib64/crt1.o /usr/lib/gcc/x86_64-redhat-linux/4.4.7/../../../../lib64/crti.o /usr/lib/gcc/x86_64-redhat-linux/4.4.7/crtbegin.o -L/usr/lib/gcc/x86_64-redhat-linux/4.4.7 -L/usr/lib/gcc/x86_64-redhat-linux/4.4.7 -L/usr/lib/gcc/x86_64-redhat-linux/4.4.7/../../../../lib64 -L/lib/../lib64 -L/usr/lib/../lib64 -L/usr/lib/gcc/x86_64-redhat-linux/4.4.7/../../.. /tmp/cch8X2K6.o -lgfortranbegin -lgfortran -lm -lgfortran -lm -lgcc_s -lgcc -lc -lgcc_s -lgcc /usr/lib/gcc/x86_64-redhat-linux/4.4.7/crtend.o /usr/lib/gcc/x86_64-redhat-linux/4.4.7/../../../../lib64/crtn.o
configure:8904: result: -v
configure:8906: checking for Fortran 77 libraries of gfortran
configure:8929: gfortran -o conftest -g -O2 -I. -v conftest.f -lm
Using built-in specs.
Target: x86_64-redhat-linux
Configured with: ../configure --prefix=/usr --mandir=/usr/share/man --infodir=/usr/share/info --with-bugurl=http://bugzilla.redhat.com/bugzilla --enable-bootstrap --enable-shared --enable-threads=posix --enable-checking=release --with-system-zlib --enable-__cxa_atexit --disable-libunwind-exceptions --enable-gnu-unique-object --enable-languages=c,c++,objc,obj-c++,java,fortran,ada --enable-java-awt=gtk --disable-dssi --with-java-home=/usr/lib/jvm/java-1.5.0-gcj-1.5.0.0/jre --enable-libgcj-multifile --enable-java-maintainer-mode --with-ecj-jar=/usr/share/java/eclipse-ecj.jar --disable-libjava-multilib --with-ppl --with-cloog --with-tune=generic --with-arch_32=i686 --build=x86_64-redhat-linux
Thread model: posix
gcc version 4.4.7 20120313 (Red Hat 4.4.7-16) (GCC) 
 /usr/libexec/gcc/x86_64-redhat-linux/4.4.7/f951 conftest.f -ffixed-form -I. -quiet -dumpbase conftest.f -mtune=generic -auxbase conftest -g -O2 -version -fintrinsic-modules-path /usr/lib/gcc/x86_64-redhat-linux/4.4.7/finclude -o /tmp/ccIMEwzj.s
GNU Fortran (GCC) version 4.4.7 20120313 (Red Hat 4.4.7-16) (x86_64-redhat-linux)
	compiled by GNU C version 4.4.7 20120313 (Red Hat 4.4.7-16), GMP version 4.3.1, MPFR version 2.4.1.
GGC heuristics: --param ggc-min-expand=82 --param ggc-min-heapsize=97570
 as -V -Qy -o /tmp/cc0uVbB9.o /tmp/ccIMEwzj.s
GNU assembler version 2.20.51.0.2 (x86_64-redhat-linux) using BFD version version 2.20.51.0.2-5.43.el6 20100205
 /usr/libexec/gcc/x86_64-redhat-linux/4.4.7/collect2 --eh-frame-hdr --build-id -m elf_x86_64 --hash-style=gnu -dynamic-linker /lib64/ld-linux-x86-64.so.2 -o conftest /usr/lib/gcc/x86_64-redhat-linux/4.4.7/../../../../lib64/crt1.o /usr/lib/gcc/x86_64-redhat-linux/4.4.7/../../../../lib64/crti.o /usr/lib/gcc/x86_64-redhat-linux/4.4.7/crtbegin.o -L/usr/lib/gcc/x86_64-redhat-linux/4.4.7 -L/usr/lib/gcc/x86_64-redhat-linux/4.4.7 -L/usr/lib/gcc/x86_64-redhat-linux/4.4.7/../../../../lib64 -L/lib/../lib64 -L/usr/lib/../lib64 -L/usr/lib/gcc/x86_64-redhat-linux/4.4.7/../../.. /tmp/cc0uVbB9.o -lgfortranbegin -lgfortran -lm -lgfortran -lm -lgcc_s -lgcc -lc -lgcc_s -lgcc /usr/lib/gcc/x86_64-redhat-linux/4.4.7/crtend.o /usr/lib/gcc/x86_64-redhat-linux/4.4.7/../../../../lib64/crtn.o
configure:9106: result:  -L/usr/lib/gcc/x86_64-redhat-linux/4.4.7 -L/usr/lib/gcc/x86_64-redhat-linux/4.4.7/../../../../lib64 -L/lib/../lib64 -L/usr/lib/../lib64 -L/usr/lib/gcc/x86_64-redhat-linux/4.4.7/../../.. -lgfortranbegin -lgfortran -lm
configure:9124: checking for dummy main to link with Fortran 77 libraries
configure:9168: gcc -std=gnu99 -o conftest -g -O2   conftest.c -lm   -L/usr/lib/gcc/x86_64-redhat-linux/4.4.7 -L/usr/lib/gcc/x86_64-redhat-linux/4.4.7/../../../../lib64 -L/lib/../lib64 -L/usr/lib/../lib64 -L/usr/lib/gcc/x86_64-redhat-linux/4.4.7/../../.. -lgfortranbegin -lgfortran -lm >&5
configure:9175: $? = 0
configure:9263: result: none
configure:9302: checking for Fortran 77 name-mangling scheme
configure:9321: gfortran -c -g -O2 -I. conftest.f >&5
configure:9328: $? = 0
configure:9383: gcc -std=gnu99 -o conftest -g -O2   conftest.c cfortran_test.o -lm   -L/usr/lib/gcc/x86_64-redhat-linux/4.4.7 -L/usr/lib/gcc/x86_64-redhat-linux/4.4.7/../../../../lib64 -L/lib/../lib64 -L/usr/lib/../lib64 -L/usr/lib/gcc/x86_64-redhat-linux/4.4.7/../../.. -lgfortranbegin -lgfortran -lm >&5
/tmp/cclv62wn.o: In function `main':
/opt/apogee/fitsTcl/wcslib-4.13.3/conftest.c:68: undefined reference to `foobar'
collect2: ld returned 1 exit status
configure:9390: $? = 1
configure: failed program was:
| /* confdefs.h.  */
| #define PACKAGE_NAME "WCSLIB"
| #define PACKAGE_TARNAME "wcslib-4.13.3"
| #define PACKAGE_VERSION "4.13.3"
| #define PACKAGE_STRING "WCSLIB 4.13.3"
| #define PACKAGE_BUGREPORT "mcalabre@atnf.csiro.au"
| #define WCSLIB_VERSION 4.13.3
| #define STDC_HEADERS 1
| #define HAVE_SYS_TYPES_H 1
| #define HAVE_SYS_STAT_H 1
| #define HAVE_STDLIB_H 1
| #define HAVE_STRING_H 1
| #define HAVE_MEMORY_H 1
| #define HAVE_STRINGS_H 1
| #define HAVE_INTTYPES_H 1
| #define HAVE_STDINT_H 1
| #define HAVE_UNISTD_H 1
| #define STDC_HEADERS 1
| #define HAVE_CTYPE_H 1
| #define HAVE_ERRNO_H 1
| #define HAVE_LIMITS_H 1
| #define HAVE_MATH_H 1
| #define HAVE_SETJMP_H 1
| #define HAVE_STDARG_H 1
| #define HAVE_STDIO_H 1
| #define HAVE_STDLIB_H 1
| #define HAVE_STRING_H 1
| #define HAVE_LIBM 1
| #define HAVE_FSEEKO 1
| #define HAVE_STDLIB_H 1
| #define HAVE_MALLOC 1
| #define HAVE_STDLIB_H 1
| #define HAVE_REALLOC 1
| #define LSTAT_FOLLOWS_SLASHED_SYMLINK 1
| #define HAVE_VPRINTF 1
| #define HAVE_FLOOR 1
| #define HAVE_MEMSET 1
| #define HAVE_POW 1
| #define HAVE_SQRT 1
| #define HAVE_STRCHR 1
| #define HAVE_STRSTR 1
| #define HAVE_SINCOS 1
| #define SIZEOF_INT 4
| #define SIZEOF_LONG_INT 8
| #define SIZEOF_LONG_LONG_INT 8
| #define WCSLIB_INT64 long long int
| #define MODZ "z"
| /* end confdefs.h.  */
| 
| /* Override any GCC internal prototype to avoid an error.
|    Use char because int might match the return type of a GCC
|    builtin and then its argument prototype would still apply.  */
| #ifdef __cplusplus
| extern "C"
| #endif
| char foobar ();
| #ifdef F77_DUMMY_MAIN
| 
| #  ifdef __cplusplus
|      extern "C"
| #  endif
|    int F77_DUMMY_MAIN() { return 1; }
| 
| #endif
| int
| main ()
| {
| return foobar ();
|   ;
|   return 0;
| }
configure:9383: gcc -std=gnu99 -o conftest -g -O2   conftest.c cfortran_test.o -lm   -L/usr/lib/gcc/x86_64-redhat-linux/4.4.7 -L/usr/lib/gcc/x86_64-redhat-linux/4.4.7/../../../../lib64 -L/lib/../lib64 -L/usr/lib/../lib64 -L/usr/lib/gcc/x86_64-redhat-linux/4.4.7/../../.. -lgfortranbegin -lgfortran -lm >&5
configure:9390: $? = 0
configure:9472: gcc -std=gnu99 -o conftest -g -O2   conftest.c cfortran_test.o -lm   -L/usr/lib/gcc/x86_64-redhat-linux/4.4.7 -L/usr/lib/gcc/x86_64-redhat-linux/4.4.7/../../../../lib64 -L/lib/../lib64 -L/usr/lib/../lib64 -L/usr/lib/gcc/x86_64-redhat-linux/4.4.7/../../.. -lgfortranbegin -lgfortran -lm >&5
configure:9479: $? = 0
configure:9542: result: lower case, underscore, no extra underscore
configure:9654: checking for printf$LDBLStub in -lSystemStubs
configure:9697: gcc -std=gnu99 -o conftest -g -O2   conftest.c -lSystemStubs  -lm  >&5
/usr/bin/ld: cannot find -lSystemStubs
collect2: ld returned 1 exit status
configure:9704: $? = 1
configure: failed program was:
| /* confdefs.h.  */
| #define PACKAGE_NAME "WCSLIB"
| #define PACKAGE_TARNAME "wcslib-4.13.3"
| #define PACKAGE_VERSION "4.13.3"
| #define PACKAGE_STRING "WCSLIB 4.13.3"
| #define PACKAGE_BUGREPORT "mcalabre@atnf.csiro.au"
| #define WCSLIB_VERSION 4.13.3
| #define STDC_HEADERS 1
| #define HAVE_SYS_TYPES_H 1
| #define HAVE_SYS_STAT_H 1
| #define HAVE_STDLIB_H 1
| #define HAVE_STRING_H 1
| #define HAVE_MEMORY_H 1
| #define HAVE_STRINGS_H 1
| #define HAVE_INTTYPES_H 1
| #define HAVE_STDINT_H 1
| #define HAVE_UNISTD_H 1
| #define STDC_HEADERS 1
| #define HAVE_CTYPE_H 1
| #define HAVE_ERRNO_H 1
| #define HAVE_LIMITS_H 1
| #define HAVE_MATH_H 1
| #define HAVE_SETJMP_H 1
| #define HAVE_STDARG_H 1
| #define HAVE_STDIO_H 1
| #define HAVE_STDLIB_H 1
| #define HAVE_STRING_H 1
| #define HAVE_LIBM 1
| #define HAVE_FSEEKO 1
| #define HAVE_STDLIB_H 1
| #define HAVE_MALLOC 1
| #define HAVE_STDLIB_H 1
| #define HAVE_REALLOC 1
| #define LSTAT_FOLLOWS_SLASHED_SYMLINK 1
| #define HAVE_VPRINTF 1
| #define HAVE_FLOOR 1
| #define HAVE_MEMSET 1
| #define HAVE_POW 1
| #define HAVE_SQRT 1
| #define HAVE_STRCHR 1
| #define HAVE_STRSTR 1
| #define HAVE_SINCOS 1
| #define SIZEOF_INT 4
| #define SIZEOF_LONG_INT 8
| #define SIZEOF_LONG_LONG_INT 8
| #define WCSLIB_INT64 long long int
| #define MODZ "z"
| #define F77_FUNC(name,NAME) name ## _
| #define F77_FUNC_(name,NAME) name ## _
| /* end confdefs.h.  */
| 
| /* Override any GCC internal prototype to avoid an error.
|    Use char because int might match the return type of a GCC
|    builtin and then its argument prototype would still apply.  */
| #ifdef __cplusplus
| extern "C"
| #endif
| char printf$LDBLStub ();
| #ifdef F77_DUMMY_MAIN
| 
| #  ifdef __cplusplus
|      extern "C"
| #  endif
|    int F77_DUMMY_MAIN() { return 1; }
| 
| #endif
| int
| main ()
| {
| return printf$LDBLStub ();
|   ;
|   return 0;
| }
configure:9727: result: no
configure:9783: checking for ranlib
configure:9799: found /usr/bin/ranlib
configure:9810: result: ranlib
configure:9882: checking whether ln -s works
configure:9886: result: yes
configure:9907: checking for a BSD-compatible install
configure:9975: result: /usr/bin/install -c
configure:9988: End of primary configuration.

configure:9995: Looking for libraries etc. for utilities and test suite...
configure:10004: checking for unistd.h
configure:10011: result: yes
configure:10152: checking for _LARGEFILE_SOURCE value needed for large files
configure:10277: result: no
configure:10307: checking for special C compiler options needed for large files
configure:10410: result: no
configure:10416: checking for _FILE_OFFSET_BITS value needed for large files
configure:10459: gcc -std=gnu99 -c -g -O2  conftest.c >&5
configure:10466: $? = 0
configure:10543: result: no
configure:10791: checking for /usr/local/cfitsio/lib
configure:10808: result: no
configure:10791: checking for /local/cfitsio/lib
configure:10808: result: no
configure:10791: checking for /usr/local/pgplot/lib
configure:10808: result: no
configure:10791: checking for /local/pgplot/lib
configure:10808: result: no
configure:10791: checking for /usr/local/lib
configure:10808: result: yes
configure:10791: checking for /local/lib
configure:10808: result: no
configure:10791: checking for /opt/local/lib
configure:10808: result: no
configure:10791: checking for /opt/SUNWspro/lib
configure:10808: result: no
configure:10791: checking for /sw/lib
configure:10808: result: no
configure:10834: checking for /usr/local/cfitsio/include/cfitsio/fitsio.h
configure:10851: result: no
configure:10860: checking for /usr/local/cfitsio/include/fitsio.h
configure:10877: result: no
configure:10834: checking for /local/cfitsio/include/cfitsio/fitsio.h
configure:10851: result: no
configure:10860: checking for /local/cfitsio/include/fitsio.h
configure:10877: result: no
configure:10834: checking for /usr/local/include/cfitsio/fitsio.h
configure:10851: result: no
configure:10860: checking for /usr/local/include/fitsio.h
configure:10877: result: no
configure:10834: checking for /local/include/cfitsio/fitsio.h
configure:10851: result: no
configure:10860: checking for /local/include/fitsio.h
configure:10877: result: no
configure:10834: checking for /opt/local/include/cfitsio/fitsio.h
configure:10851: result: no
configure:10860: checking for /opt/local/include/fitsio.h
configure:10877: result: no
configure:10834: checking for /sw/include/cfitsio/fitsio.h
configure:10851: result: no
configure:10860: checking for /sw/include/fitsio.h
configure:10877: result: no
configure:10834: checking for /local/cfitsio/fitsio.h
configure:10851: result: no
configure:10860: checking for /local/fitsio.h
configure:10877: result: no
configure:10834: checking for /usr/include/cfitsio/fitsio.h
configure:10851: result: no
configure:10860: checking for /usr/include/fitsio.h
configure:10877: result: no
configure:10887: checking for recv in -lsocket
configure:10930: gcc -std=gnu99 -o conftest -g -O2   -L/usr/local/lib conftest.c -lsocket -lm  -lm  >&5
/usr/bin/ld: cannot find -lsocket
collect2: ld returned 1 exit status
configure:10937: $? = 1
configure: failed program was:
| /* confdefs.h.  */
| #define PACKAGE_NAME "WCSLIB"
| #define PACKAGE_TARNAME "wcslib-4.13.3"
| #define PACKAGE_VERSION "4.13.3"
| #define PACKAGE_STRING "WCSLIB 4.13.3"
| #define PACKAGE_BUGREPORT "mcalabre@atnf.csiro.au"
| #define WCSLIB_VERSION 4.13.3
| #define STDC_HEADERS 1
| #define HAVE_SYS_TYPES_H 1
| #define HAVE_SYS_STAT_H 1
| #define HAVE_STDLIB_H 1
| #define HAVE_STRING_H 1
| #define HAVE_MEMORY_H 1
| #define HAVE_STRINGS_H 1
| #define HAVE_INTTYPES_H 1
| #define HAVE_STDINT_H 1
| #define HAVE_UNISTD_H 1
| #define STDC_HEADERS 1
| #define HAVE_CTYPE_H 1
| #define HAVE_ERRNO_H 1
| #define HAVE_LIMITS_H 1
| #define HAVE_MATH_H 1
| #define HAVE_SETJMP_H 1
| #define HAVE_STDARG_H 1
| #define HAVE_STDIO_H 1
| #define HAVE_STDLIB_H 1
| #define HAVE_STRING_H 1
| #define HAVE_LIBM 1
| #define HAVE_FSEEKO 1
| #define HAVE_STDLIB_H 1
| #define HAVE_MALLOC 1
| #define HAVE_STDLIB_H 1
| #define HAVE_REALLOC 1
| #define LSTAT_FOLLOWS_SLASHED_SYMLINK 1
| #define HAVE_VPRINTF 1
| #define HAVE_FLOOR 1
| #define HAVE_MEMSET 1
| #define HAVE_POW 1
| #define HAVE_SQRT 1
| #define HAVE_STRCHR 1
| #define HAVE_STRSTR 1
| #define HAVE_SINCOS 1
| #define SIZEOF_INT 4
| #define SIZEOF_LONG_INT 8
| #define SIZEOF_LONG_LONG_INT 8
| #define WCSLIB_INT64 long long int
| #define MODZ "z"
| #define F77_FUNC(name,NAME) name ## _
| #define F77_FUNC_(name,NAME) name ## _
| #define HAVE_UNISTD_H 1
| #define HAVE_FSEEKO 1
| /* end confdefs.h.  */
| 
| /* Override any GCC internal prototype to avoid an error.
|    Use char because int might match the return type of a GCC
|    builtin and then its argument prototype would still apply.  */
| #ifdef __cplusplus
| extern "C"
| #endif
| char recv ();
| #ifdef F77_DUMMY_MAIN
| 
| #  ifdef __cplusplus
|      extern "C"
| #  endif
|    int F77_DUMMY_MAIN() { return 1; }
| 
| #endif
| int
| main ()
| {
| return recv ();
|   ;
|   return 0;
| }
configure:10958: result: no
configure:10964: checking for ffopen in -lcfitsio
configure:11007: gcc -std=gnu99 -o conftest -g -O2   -L/usr/local/lib conftest.c -lcfitsio  -lm  -lm  >&5
/usr/bin/ld: cannot find -lcfitsio
collect2: ld returned 1 exit status
configure:11014: $? = 1
configure: failed program was:
| /* confdefs.h.  */
| #define PACKAGE_NAME "WCSLIB"
| #define PACKAGE_TARNAME "wcslib-4.13.3"
| #define PACKAGE_VERSION "4.13.3"
| #define PACKAGE_STRING "WCSLIB 4.13.3"
| #define PACKAGE_BUGREPORT "mcalabre@atnf.csiro.au"
| #define WCSLIB_VERSION 4.13.3
| #define STDC_HEADERS 1
| #define HAVE_SYS_TYPES_H 1
| #define HAVE_SYS_STAT_H 1
| #define HAVE_STDLIB_H 1
| #define HAVE_STRING_H 1
| #define HAVE_MEMORY_H 1
| #define HAVE_STRINGS_H 1
| #define HAVE_INTTYPES_H 1
| #define HAVE_STDINT_H 1
| #define HAVE_UNISTD_H 1
| #define STDC_HEADERS 1
| #define HAVE_CTYPE_H 1
| #define HAVE_ERRNO_H 1
| #define HAVE_LIMITS_H 1
| #define HAVE_MATH_H 1
| #define HAVE_SETJMP_H 1
| #define HAVE_STDARG_H 1
| #define HAVE_STDIO_H 1
| #define HAVE_STDLIB_H 1
| #define HAVE_STRING_H 1
| #define HAVE_LIBM 1
| #define HAVE_FSEEKO 1
| #define HAVE_STDLIB_H 1
| #define HAVE_MALLOC 1
| #define HAVE_STDLIB_H 1
| #define HAVE_REALLOC 1
| #define LSTAT_FOLLOWS_SLASHED_SYMLINK 1
| #define HAVE_VPRINTF 1
| #define HAVE_FLOOR 1
| #define HAVE_MEMSET 1
| #define HAVE_POW 1
| #define HAVE_SQRT 1
| #define HAVE_STRCHR 1
| #define HAVE_STRSTR 1
| #define HAVE_SINCOS 1
| #define SIZEOF_INT 4
| #define SIZEOF_LONG_INT 8
| #define SIZEOF_LONG_LONG_INT 8
| #define WCSLIB_INT64 long long int
| #define MODZ "z"
| #define F77_FUNC(name,NAME) name ## _
| #define F77_FUNC_(name,NAME) name ## _
| #define HAVE_UNISTD_H 1
| #define HAVE_FSEEKO 1
| /* end confdefs.h.  */
| 
| /* Override any GCC internal prototype to avoid an error.
|    Use char because int might match the return type of a GCC
|    builtin and then its argument prototype would still apply.  */
| #ifdef __cplusplus
| extern "C"
| #endif
| char ffopen ();
| #ifdef F77_DUMMY_MAIN
| 
| #  ifdef __cplusplus
|      extern "C"
| #  endif
|    int F77_DUMMY_MAIN() { return 1; }
| 
| #endif
| int
| main ()
| {
| return ffopen ();
|   ;
|   return 0;
| }
configure:11035: result: no
configure:11043: WARNING: CFITSIO not found, skipping CFITSIO-dependent tests.
configure:11148: checking for /usr/local/pgplot/include/pgplot/cpgplot.h
configure:11165: result: no
configure:11174: checking for /usr/local/pgplot/include/cpgplot.h
configure:11191: result: no
configure:11148: checking for /local/pgplot/include/pgplot/cpgplot.h
configure:11165: result: no
configure:11174: checking for /local/pgplot/include/cpgplot.h
configure:11191: result: no
configure:11148: checking for /usr/local/include/pgplot/cpgplot.h
configure:11165: result: no
configure:11174: checking for /usr/local/include/cpgplot.h
configure:11191: result: no
configure:11148: checking for /local/include/pgplot/cpgplot.h
configure:11165: result: no
configure:11174: checking for /local/include/cpgplot.h
configure:11191: result: no
configure:11148: checking for /opt/local/include/pgplot/cpgplot.h
configure:11165: result: no
configure:11174: checking for /opt/local/include/cpgplot.h
configure:11191: result: no
configure:11148: checking for /sw/include/pgplot/cpgplot.h
configure:11165: result: no
configure:11174: checking for /sw/include/cpgplot.h
configure:11191: result: no
configure:11148: checking for /local/pgplot/cpgplot.h
configure:11165: result: no
configure:11174: checking for /local/cpgplot.h
configure:11191: result: no
configure:11148: checking for /usr/include/pgplot/cpgplot.h
configure:11165: result: no
configure:11174: checking for /usr/include/cpgplot.h
configure:11191: result: no
configure:11206: checking for iand_ in -lM77
configure:11249: gcc -std=gnu99 -o conftest -g -O2   -L/usr/local/lib conftest.c -lM77  -lm  -lm  >&5
/usr/bin/ld: cannot find -lM77
collect2: ld returned 1 exit status
configure:11256: $? = 1
configure: failed program was:
| /* confdefs.h.  */
| #define PACKAGE_NAME "WCSLIB"
| #define PACKAGE_TARNAME "wcslib-4.13.3"
| #define PACKAGE_VERSION "4.13.3"
| #define PACKAGE_STRING "WCSLIB 4.13.3"
| #define PACKAGE_BUGREPORT "mcalabre@atnf.csiro.au"
| #define WCSLIB_VERSION 4.13.3
| #define STDC_HEADERS 1
| #define HAVE_SYS_TYPES_H 1
| #define HAVE_SYS_STAT_H 1
| #define HAVE_STDLIB_H 1
| #define HAVE_STRING_H 1
| #define HAVE_MEMORY_H 1
| #define HAVE_STRINGS_H 1
| #define HAVE_INTTYPES_H 1
| #define HAVE_STDINT_H 1
| #define HAVE_UNISTD_H 1
| #define STDC_HEADERS 1
| #define HAVE_CTYPE_H 1
| #define HAVE_ERRNO_H 1
| #define HAVE_LIMITS_H 1
| #define HAVE_MATH_H 1
| #define HAVE_SETJMP_H 1
| #define HAVE_STDARG_H 1
| #define HAVE_STDIO_H 1
| #define HAVE_STDLIB_H 1
| #define HAVE_STRING_H 1
| #define HAVE_LIBM 1
| #define HAVE_FSEEKO 1
| #define HAVE_STDLIB_H 1
| #define HAVE_MALLOC 1
| #define HAVE_STDLIB_H 1
| #define HAVE_REALLOC 1
| #define LSTAT_FOLLOWS_SLASHED_SYMLINK 1
| #define HAVE_VPRINTF 1
| #define HAVE_FLOOR 1
| #define HAVE_MEMSET 1
| #define HAVE_POW 1
| #define HAVE_SQRT 1
| #define HAVE_STRCHR 1
| #define HAVE_STRSTR 1
| #define HAVE_SINCOS 1
| #define SIZEOF_INT 4
| #define SIZEOF_LONG_INT 8
| #define SIZEOF_LONG_LONG_INT 8
| #define WCSLIB_INT64 long long int
| #define MODZ "z"
| #define F77_FUNC(name,NAME) name ## _
| #define F77_FUNC_(name,NAME) name ## _
| #define HAVE_UNISTD_H 1
| #define HAVE_FSEEKO 1
| /* end confdefs.h.  */
| 
| /* Override any GCC internal prototype to avoid an error.
|    Use char because int might match the return type of a GCC
|    builtin and then its argument prototype would still apply.  */
| #ifdef __cplusplus
| extern "C"
| #endif
| char iand_ ();
| #ifdef F77_DUMMY_MAIN
| 
| #  ifdef __cplusplus
|      extern "C"
| #  endif
|    int F77_DUMMY_MAIN() { return 1; }
| 
| #endif
| int
| main ()
| {
| return iand_ ();
|   ;
|   return 0;
| }
configure:11277: result: no
configure:11283: checking for f77_init in -lF77
configure:11326: gcc -std=gnu99 -o conftest -g -O2   -L/usr/local/lib conftest.c -lF77  -lm  -lm  >&5
/usr/bin/ld: cannot find -lF77
collect2: ld returned 1 exit status
configure:11333: $? = 1
configure: failed program was:
| /* confdefs.h.  */
| #define PACKAGE_NAME "WCSLIB"
| #define PACKAGE_TARNAME "wcslib-4.13.3"
| #define PACKAGE_VERSION "4.13.3"
| #define PACKAGE_STRING "WCSLIB 4.13.3"
| #define PACKAGE_BUGREPORT "mcalabre@atnf.csiro.au"
| #define WCSLIB_VERSION 4.13.3
| #define STDC_HEADERS 1
| #define HAVE_SYS_TYPES_H 1
| #define HAVE_SYS_STAT_H 1
| #define HAVE_STDLIB_H 1
| #define HAVE_STRING_H 1
| #define HAVE_MEMORY_H 1
| #define HAVE_STRINGS_H 1
| #define HAVE_INTTYPES_H 1
| #define HAVE_STDINT_H 1
| #define HAVE_UNISTD_H 1
| #define STDC_HEADERS 1
| #define HAVE_CTYPE_H 1
| #define HAVE_ERRNO_H 1
| #define HAVE_LIMITS_H 1
| #define HAVE_MATH_H 1
| #define HAVE_SETJMP_H 1
| #define HAVE_STDARG_H 1
| #define HAVE_STDIO_H 1
| #define HAVE_STDLIB_H 1
| #define HAVE_STRING_H 1
| #define HAVE_LIBM 1
| #define HAVE_FSEEKO 1
| #define HAVE_STDLIB_H 1
| #define HAVE_MALLOC 1
| #define HAVE_STDLIB_H 1
| #define HAVE_REALLOC 1
| #define LSTAT_FOLLOWS_SLASHED_SYMLINK 1
| #define HAVE_VPRINTF 1
| #define HAVE_FLOOR 1
| #define HAVE_MEMSET 1
| #define HAVE_POW 1
| #define HAVE_SQRT 1
| #define HAVE_STRCHR 1
| #define HAVE_STRSTR 1
| #define HAVE_SINCOS 1
| #define SIZEOF_INT 4
| #define SIZEOF_LONG_INT 8
| #define SIZEOF_LONG_LONG_INT 8
| #define WCSLIB_INT64 long long int
| #define MODZ "z"
| #define F77_FUNC(name,NAME) name ## _
| #define F77_FUNC_(name,NAME) name ## _
| #define HAVE_UNISTD_H 1
| #define HAVE_FSEEKO 1
| /* end confdefs.h.  */
| 
| /* Override any GCC internal prototype to avoid an error.
|    Use char because int might match the return type of a GCC
|    builtin and then its argument prototype would still apply.  */
| #ifdef __cplusplus
| extern "C"
| #endif
| char f77_init ();
| #ifdef F77_DUMMY_MAIN
| 
| #  ifdef __cplusplus
|      extern "C"
| #  endif
|    int F77_DUMMY_MAIN() { return 1; }
| 
| #endif
| int
| main ()
| {
| return f77_init ();
|   ;
|   return 0;
| }
configure:11354: result: no
configure:11363: checking for main in -lfrtbegin
configure:11400: gcc -std=gnu99 -o conftest -g -O2   -L/usr/local/lib conftest.c -lfrtbegin  -lm  -lm  >&5
/usr/bin/ld: cannot find -lfrtbegin
collect2: ld returned 1 exit status
configure:11407: $? = 1
configure: failed program was:
| /* confdefs.h.  */
| #define PACKAGE_NAME "WCSLIB"
| #define PACKAGE_TARNAME "wcslib-4.13.3"
| #define PACKAGE_VERSION "4.13.3"
| #define PACKAGE_STRING "WCSLIB 4.13.3"
| #define PACKAGE_BUGREPORT "mcalabre@atnf.csiro.au"
| #define WCSLIB_VERSION 4.13.3
| #define STDC_HEADERS 1
| #define HAVE_SYS_TYPES_H 1
| #define HAVE_SYS_STAT_H 1
| #define HAVE_STDLIB_H 1
| #define HAVE_STRING_H 1
| #define HAVE_MEMORY_H 1
| #define HAVE_STRINGS_H 1
| #define HAVE_INTTYPES_H 1
| #define HAVE_STDINT_H 1
| #define HAVE_UNISTD_H 1
| #define STDC_HEADERS 1
| #define HAVE_CTYPE_H 1
| #define HAVE_ERRNO_H 1
| #define HAVE_LIMITS_H 1
| #define HAVE_MATH_H 1
| #define HAVE_SETJMP_H 1
| #define HAVE_STDARG_H 1
| #define HAVE_STDIO_H 1
| #define HAVE_STDLIB_H 1
| #define HAVE_STRING_H 1
| #define HAVE_LIBM 1
| #define HAVE_FSEEKO 1
| #define HAVE_STDLIB_H 1
| #define HAVE_MALLOC 1
| #define HAVE_STDLIB_H 1
| #define HAVE_REALLOC 1
| #define LSTAT_FOLLOWS_SLASHED_SYMLINK 1
| #define HAVE_VPRINTF 1
| #define HAVE_FLOOR 1
| #define HAVE_MEMSET 1
| #define HAVE_POW 1
| #define HAVE_SQRT 1
| #define HAVE_STRCHR 1
| #define HAVE_STRSTR 1
| #define HAVE_SINCOS 1
| #define SIZEOF_INT 4
| #define SIZEOF_LONG_INT 8
| #define SIZEOF_LONG_LONG_INT 8
| #define WCSLIB_INT64 long long int
| #define MODZ "z"
| #define F77_FUNC(name,NAME) name ## _
| #define F77_FUNC_(name,NAME) name ## _
| #define HAVE_UNISTD_H 1
| #define HAVE_FSEEKO 1
| /* end confdefs.h.  */
| 
| 
| #ifdef F77_DUMMY_MAIN
| 
| #  ifdef __cplusplus
|      extern "C"
| #  endif
|    int F77_DUMMY_MAIN() { return 1; }
| 
| #endif
| int
| main ()
| {
| return main ();
|   ;
|   return 0;
| }
configure:11428: result: no
configure:11434: checking for gerror_ in -lg2c
configure:11477: gcc -std=gnu99 -o conftest -g -O2   -L/usr/local/lib conftest.c -lg2c  -lm  -lm  >&5
/usr/bin/ld: cannot find -lg2c
collect2: ld returned 1 exit status
configure:11484: $? = 1
configure: failed program was:
| /* confdefs.h.  */
| #define PACKAGE_NAME "WCSLIB"
| #define PACKAGE_TARNAME "wcslib-4.13.3"
| #define PACKAGE_VERSION "4.13.3"
| #define PACKAGE_STRING "WCSLIB 4.13.3"
| #define PACKAGE_BUGREPORT "mcalabre@atnf.csiro.au"
| #define WCSLIB_VERSION 4.13.3
| #define STDC_HEADERS 1
| #define HAVE_SYS_TYPES_H 1
| #define HAVE_SYS_STAT_H 1
| #define HAVE_STDLIB_H 1
| #define HAVE_STRING_H 1
| #define HAVE_MEMORY_H 1
| #define HAVE_STRINGS_H 1
| #define HAVE_INTTYPES_H 1
| #define HAVE_STDINT_H 1
| #define HAVE_UNISTD_H 1
| #define STDC_HEADERS 1
| #define HAVE_CTYPE_H 1
| #define HAVE_ERRNO_H 1
| #define HAVE_LIMITS_H 1
| #define HAVE_MATH_H 1
| #define HAVE_SETJMP_H 1
| #define HAVE_STDARG_H 1
| #define HAVE_STDIO_H 1
| #define HAVE_STDLIB_H 1
| #define HAVE_STRING_H 1
| #define HAVE_LIBM 1
| #define HAVE_FSEEKO 1
| #define HAVE_STDLIB_H 1
| #define HAVE_MALLOC 1
| #define HAVE_STDLIB_H 1
| #define HAVE_REALLOC 1
| #define LSTAT_FOLLOWS_SLASHED_SYMLINK 1
| #define HAVE_VPRINTF 1
| #define HAVE_FLOOR 1
| #define HAVE_MEMSET 1
| #define HAVE_POW 1
| #define HAVE_SQRT 1
| #define HAVE_STRCHR 1
| #define HAVE_STRSTR 1
| #define HAVE_SINCOS 1
| #define SIZEOF_INT 4
| #define SIZEOF_LONG_INT 8
| #define SIZEOF_LONG_LONG_INT 8
| #define WCSLIB_INT64 long long int
| #define MODZ "z"
| #define F77_FUNC(name,NAME) name ## _
| #define F77_FUNC_(name,NAME) name ## _
| #define HAVE_UNISTD_H 1
| #define HAVE_FSEEKO 1
| /* end confdefs.h.  */
| 
| /* Override any GCC internal prototype to avoid an error.
|    Use char because int might match the return type of a GCC
|    builtin and then its argument prototype would still apply.  */
| #ifdef __cplusplus
| extern "C"
| #endif
| char gerror_ ();
| #ifdef F77_DUMMY_MAIN
| 
| #  ifdef __cplusplus
|      extern "C"
| #  endif
|    int F77_DUMMY_MAIN() { return 1; }
| 
| #endif
| int
| main ()
| {
| return gerror_ ();
|   ;
|   return 0;
| }
configure:11505: result: no
configure:11599: checking for X
configure:11714: gcc -E  conftest.c
configure:11721: $? = 0
configure:11778: gcc -std=gnu99 -o conftest -g -O2   -L/usr/local/lib conftest.c -lX11 -lm  >&5
configure:11785: $? = 0
configure:11847: result: libraries , headers 
configure:11861: checking for deflate in -lz
configure:11904: gcc -std=gnu99 -o conftest -g -O2   -L/usr/local/lib conftest.c -lz -lX11  -lm  -lm  >&5
configure:11911: $? = 0
configure:11932: result: yes
configure:11938: checking for png_error in -lpng
configure:11981: gcc -std=gnu99 -o conftest -g -O2   -L/usr/local/lib conftest.c -lpng -lz -lX11  -lm  -lm  >&5
configure:11988: $? = 0
configure:12009: result: yes
configure:12015: checking for pgbeg_ in -lpgplot
configure:12058: gcc -std=gnu99 -o conftest -g -O2   -L/usr/local/lib conftest.c -lpgplot -lpng -lz -lX11   -L/usr/lib/gcc/x86_64-redhat-linux/4.4.7 -L/usr/lib/gcc/x86_64-redhat-linux/4.4.7/../../../../lib64 -L/lib/../lib64 -L/usr/lib/../lib64 -L/usr/lib/gcc/x86_64-redhat-linux/4.4.7/../../.. -lgfortranbegin -lgfortran -lm -lm  -lm  >&5
/usr/bin/ld: cannot find -lpgplot
collect2: ld returned 1 exit status
configure:12065: $? = 1
configure: failed program was:
| /* confdefs.h.  */
| #define PACKAGE_NAME "WCSLIB"
| #define PACKAGE_TARNAME "wcslib-4.13.3"
| #define PACKAGE_VERSION "4.13.3"
| #define PACKAGE_STRING "WCSLIB 4.13.3"
| #define PACKAGE_BUGREPORT "mcalabre@atnf.csiro.au"
| #define WCSLIB_VERSION 4.13.3
| #define STDC_HEADERS 1
| #define HAVE_SYS_TYPES_H 1
| #define HAVE_SYS_STAT_H 1
| #define HAVE_STDLIB_H 1
| #define HAVE_STRING_H 1
| #define HAVE_MEMORY_H 1
| #define HAVE_STRINGS_H 1
| #define HAVE_INTTYPES_H 1
| #define HAVE_STDINT_H 1
| #define HAVE_UNISTD_H 1
| #define STDC_HEADERS 1
| #define HAVE_CTYPE_H 1
| #define HAVE_ERRNO_H 1
| #define HAVE_LIMITS_H 1
| #define HAVE_MATH_H 1
| #define HAVE_SETJMP_H 1
| #define HAVE_STDARG_H 1
| #define HAVE_STDIO_H 1
| #define HAVE_STDLIB_H 1
| #define HAVE_STRING_H 1
| #define HAVE_LIBM 1
| #define HAVE_FSEEKO 1
| #define HAVE_STDLIB_H 1
| #define HAVE_MALLOC 1
| #define HAVE_STDLIB_H 1
| #define HAVE_REALLOC 1
| #define LSTAT_FOLLOWS_SLASHED_SYMLINK 1
| #define HAVE_VPRINTF 1
| #define HAVE_FLOOR 1
| #define HAVE_MEMSET 1
| #define HAVE_POW 1
| #define HAVE_SQRT 1
| #define HAVE_STRCHR 1
| #define HAVE_STRSTR 1
| #define HAVE_SINCOS 1
| #define SIZEOF_INT 4
| #define SIZEOF_LONG_INT 8
| #define SIZEOF_LONG_LONG_INT 8
| #define WCSLIB_INT64 long long int
| #define MODZ "z"
| #define F77_FUNC(name,NAME) name ## _
| #define F77_FUNC_(name,NAME) name ## _
| #define HAVE_UNISTD_H 1
| #define HAVE_FSEEKO 1
| /* end confdefs.h.  */
| 
| /* Override any GCC internal prototype to avoid an error.
|    Use char because int might match the return type of a GCC
|    builtin and then its argument prototype would still apply.  */
| #ifdef __cplusplus
| extern "C"
| #endif
| char pgbeg_ ();
| #ifdef F77_DUMMY_MAIN
| 
| #  ifdef __cplusplus
|      extern "C"
| #  endif
|    int F77_DUMMY_MAIN() { return 1; }
| 
| #endif
| int
| main ()
| {
| return pgbeg_ ();
|   ;
|   return 0;
| }
configure:12086: result: no
configure:12092: checking for cpgbeg in -lcpgplot
configure:12135: gcc -std=gnu99 -o conftest -g -O2   -L/usr/local/lib conftest.c -lcpgplot -lpng -lz -lX11   -L/usr/lib/gcc/x86_64-redhat-linux/4.4.7 -L/usr/lib/gcc/x86_64-redhat-linux/4.4.7/../../../../lib64 -L/lib/../lib64 -L/usr/lib/../lib64 -L/usr/lib/gcc/x86_64-redhat-linux/4.4.7/../../.. -lgfortranbegin -lgfortran -lm -lm  -lm  >&5
/usr/bin/ld: cannot find -lcpgplot
collect2: ld returned 1 exit status
configure:12142: $? = 1
configure: failed program was:
| /* confdefs.h.  */
| #define PACKAGE_NAME "WCSLIB"
| #define PACKAGE_TARNAME "wcslib-4.13.3"
| #define PACKAGE_VERSION "4.13.3"
| #define PACKAGE_STRING "WCSLIB 4.13.3"
| #define PACKAGE_BUGREPORT "mcalabre@atnf.csiro.au"
| #define WCSLIB_VERSION 4.13.3
| #define STDC_HEADERS 1
| #define HAVE_SYS_TYPES_H 1
| #define HAVE_SYS_STAT_H 1
| #define HAVE_STDLIB_H 1
| #define HAVE_STRING_H 1
| #define HAVE_MEMORY_H 1
| #define HAVE_STRINGS_H 1
| #define HAVE_INTTYPES_H 1
| #define HAVE_STDINT_H 1
| #define HAVE_UNISTD_H 1
| #define STDC_HEADERS 1
| #define HAVE_CTYPE_H 1
| #define HAVE_ERRNO_H 1
| #define HAVE_LIMITS_H 1
| #define HAVE_MATH_H 1
| #define HAVE_SETJMP_H 1
| #define HAVE_STDARG_H 1
| #define HAVE_STDIO_H 1
| #define HAVE_STDLIB_H 1
| #define HAVE_STRING_H 1
| #define HAVE_LIBM 1
| #define HAVE_FSEEKO 1
| #define HAVE_STDLIB_H 1
| #define HAVE_MALLOC 1
| #define HAVE_STDLIB_H 1
| #define HAVE_REALLOC 1
| #define LSTAT_FOLLOWS_SLASHED_SYMLINK 1
| #define HAVE_VPRINTF 1
| #define HAVE_FLOOR 1
| #define HAVE_MEMSET 1
| #define HAVE_POW 1
| #define HAVE_SQRT 1
| #define HAVE_STRCHR 1
| #define HAVE_STRSTR 1
| #define HAVE_SINCOS 1
| #define SIZEOF_INT 4
| #define SIZEOF_LONG_INT 8
| #define SIZEOF_LONG_LONG_INT 8
| #define WCSLIB_INT64 long long int
| #define MODZ "z"
| #define F77_FUNC(name,NAME) name ## _
| #define F77_FUNC_(name,NAME) name ## _
| #define HAVE_UNISTD_H 1
| #define HAVE_FSEEKO 1
| /* end confdefs.h.  */
| 
| /* Override any GCC internal prototype to avoid an error.
|    Use char because int might match the return type of a GCC
|    builtin and then its argument prototype would still apply.  */
| #ifdef __cplusplus
| extern "C"
| #endif
| char cpgbeg ();
| #ifdef F77_DUMMY_MAIN
| 
| #  ifdef __cplusplus
|      extern "C"
| #  endif
|    int F77_DUMMY_MAIN() { return 1; }
| 
| #endif
| int
| main ()
| {
| return cpgbeg ();
|   ;
|   return 0;
| }
configure:12163: result: no
configure:12180: WARNING: PGPLOT not found, skipping PGPLOT-dependent tests.
configure:12222: End of auxiliary configuration.

configure:12228: Configuring files...
configure:12336: creating ./config.status

## ---------------------- ##
## Running config.status. ##
## ---------------------- ##

This file was extended by WCSLIB config.status 4.13.3, which was
generated by GNU Autoconf 2.63.  Invocation command line was

  CONFIG_FILES    = 
  CONFIG_HEADERS  = 
  CONFIG_LINKS    = 
  CONFIG_COMMANDS = 
  $ ./config.status 

on centos67vm

config.status:795: creating makedefs
config.status:795: creating wcslib.pc
config.status:795: creating wcsconfig.h
config.status:1011: wcsconfig.h is unchanged
config.status:795: creating wcsconfig_f77.h
config.status:1011: wcsconfig_f77.h is unchanged
config.status:795: creating wcsconfig_tests.h
config.status:1011: wcsconfig_tests.h is unchanged
config.status:795: creating wcsconfig_utils.h
config.status:1011: wcsconfig_utils.h is unchanged

## ---------------- ##
## Cache variables. ##
## ---------------- ##

ac_cv_build=x86_64-unknown-linux-gnu
ac_cv_c_compiler_gnu=yes
ac_cv_c_const=yes
ac_cv_c_int16_t=yes
ac_cv_c_int32_t=yes
ac_cv_c_int8_t=yes
ac_cv_c_uint16_t=yes
ac_cv_c_uint32_t=yes
ac_cv_c_uint8_t=yes
ac_cv_env_CC_set=
ac_cv_env_CC_value=
ac_cv_env_CFLAGS_set=
ac_cv_env_CFLAGS_value=
ac_cv_env_CPPFLAGS_set=
ac_cv_env_CPPFLAGS_value=
ac_cv_env_CPP_set=
ac_cv_env_CPP_value=
ac_cv_env_F77_set=
ac_cv_env_F77_value=
ac_cv_env_FFLAGS_set=
ac_cv_env_FFLAGS_value=
ac_cv_env_LDFLAGS_set=
ac_cv_env_LDFLAGS_value=
ac_cv_env_LIBS_set=
ac_cv_env_LIBS_value=
ac_cv_env_XMKMF_set=
ac_cv_env_XMKMF_value=
ac_cv_env_build_alias_set=
ac_cv_env_build_alias_value=
ac_cv_env_host_alias_set=
ac_cv_env_host_alias_value=
ac_cv_env_target_alias_set=
ac_cv_env_target_alias_value=
ac_cv_f77_compiler_gnu=yes
ac_cv_f77_dummy_main=none
ac_cv_f77_libs=' -L/usr/lib/gcc/x86_64-redhat-linux/4.4.7 -L/usr/lib/gcc/x86_64-redhat-linux/4.4.7/../../../../lib64 -L/lib/../lib64 -L/usr/lib/../lib64 -L/usr/lib/gcc/x86_64-redhat-linux/4.4.7/../../.. -lgfortranbegin -lgfortran -lm'
ac_cv_f77_mangling='lower case, underscore, no extra underscore'
ac_cv_file__local_cfitsio_fitsio_h=no
ac_cv_file__local_cfitsio_include_cfitsio_fitsio_h=no
ac_cv_file__local_cfitsio_include_fitsio_h=no
ac_cv_file__local_cfitsio_lib=no
ac_cv_file__local_cpgplot_h=no
ac_cv_file__local_fitsio_h=no
ac_cv_file__local_include_cfitsio_fitsio_h=no
ac_cv_file__local_include_cpgplot_h=no
ac_cv_file__local_include_fitsio_h=no
ac_cv_file__local_include_pgplot_cpgplot_h=no
ac_cv_file__local_lib=no
ac_cv_file__local_pgplot_cpgplot_h=no
ac_cv_file__local_pgplot_include_cpgplot_h=no
ac_cv_file__local_pgplot_include_pgplot_cpgplot_h=no
ac_cv_file__local_pgplot_lib=no
ac_cv_file__opt_SUNWspro_lib=no
ac_cv_file__opt_local_include_cfitsio_fitsio_h=no
ac_cv_file__opt_local_include_cpgplot_h=no
ac_cv_file__opt_local_include_fitsio_h=no
ac_cv_file__opt_local_include_pgplot_cpgplot_h=no
ac_cv_file__opt_local_lib=no
ac_cv_file__sw_include_cfitsio_fitsio_h=no
ac_cv_file__sw_include_cpgplot_h=no
ac_cv_file__sw_include_fitsio_h=no
ac_cv_file__sw_include_pgplot_cpgplot_h=no
ac_cv_file__sw_lib=no
ac_cv_file__usr_include_cfitsio_fitsio_h=no
ac_cv_file__usr_include_cpgplot_h=no
ac_cv_file__usr_include_fitsio_h=no
ac_cv_file__usr_include_pgplot_cpgplot_h=no
ac_cv_file__usr_local_cfitsio_include_cfitsio_fitsio_h=no
ac_cv_file__usr_local_cfitsio_include_fitsio_h=no
ac_cv_file__usr_local_cfitsio_lib=no
ac_cv_file__usr_local_include_cfitsio_fitsio_h=no
ac_cv_file__usr_local_include_cpgplot_h=no
ac_cv_file__usr_local_include_fitsio_h=no
ac_cv_file__usr_local_include_pgplot_cpgplot_h=no
ac_cv_file__usr_local_lib=yes
ac_cv_file__usr_local_pgplot_include_cpgplot_h=no
ac_cv_file__usr_local_pgplot_include_pgplot_cpgplot_h=no
ac_cv_file__usr_local_pgplot_lib=no
ac_cv_fortran_dummy_main=none
ac_cv_func__doprnt=no
ac_cv_func_floor=yes
ac_cv_func_lstat_dereferences_slashed_symlink=yes
ac_cv_func_malloc_0_nonnull=yes
ac_cv_func_memset=yes
ac_cv_func_pow=yes
ac_cv_func_realloc_0_nonnull=yes
ac_cv_func_setvbuf_reversed=no
ac_cv_func_sincos=yes
ac_cv_func_sqrt=yes
ac_cv_func_stat_empty_string_bug=no
ac_cv_func_strchr=yes
ac_cv_func_strstr=yes
ac_cv_func_vprintf=yes
ac_cv_have_x='have_x=yes	ac_x_includes='\'''\''	ac_x_libraries='\'''\'''
ac_cv_header_ctype_h=yes
ac_cv_header_errno_h=yes
ac_cv_header_inttypes_h=yes
ac_cv_header_limits_h=yes
ac_cv_header_math_h=yes
ac_cv_header_memory_h=yes
ac_cv_header_setjmp_h=yes
ac_cv_header_stdarg_h=yes
ac_cv_header_stdc=yes
ac_cv_header_stdint_h=yes
ac_cv_header_stdio_h=yes
ac_cv_header_stdlib_h=yes
ac_cv_header_string_h=yes
ac_cv_header_strings_h=yes
ac_cv_header_sys_stat_h=yes
ac_cv_header_sys_types_h=yes
ac_cv_header_unistd_h=yes
ac_cv_lib_F77_f77_init=no
ac_cv_lib_M77_iand_=no
ac_cv_lib_SystemStubs_printf=no
ac_cv_lib_cfitsio_ffopen=no
ac_cv_lib_cpgplot_cpgbeg=no
ac_cv_lib_frtbegin_main=no
ac_cv_lib_g2c_gerror_=no
ac_cv_lib_m_floor=yes
ac_cv_lib_pgplot_pgbeg_=no
ac_cv_lib_png_png_error=yes
ac_cv_lib_socket_recv=no
ac_cv_lib_sunmath_cosd=no
ac_cv_lib_z_deflate=yes
ac_cv_objext=o
ac_cv_path_EGREP='/bin/grep -E'
ac_cv_path_GREP=/bin/grep
ac_cv_path_install='/usr/bin/install -c'
ac_cv_prog_CPP='gcc -E'
ac_cv_prog_FLEX=flex
ac_cv_prog_ac_ct_CC=gcc
ac_cv_prog_ac_ct_F77=gfortran
ac_cv_prog_ac_ct_RANLIB=ranlib
ac_cv_prog_cc_c89=
ac_cv_prog_cc_c99=-std=gnu99
ac_cv_prog_cc_g=yes
ac_cv_prog_cc_stdc=-std=gnu99
ac_cv_prog_f77_g=yes
ac_cv_prog_f77_v=-v
ac_cv_sizeof_int=4
ac_cv_sizeof_long_int=8
ac_cv_sizeof_long_long_int=8
ac_cv_sys_file_offset_bits=no
ac_cv_sys_largefile_CC=no
ac_cv_sys_largefile_source=no
ac_cv_type_off_t=yes
ac_cv_type_size_t=yes

## ----------------- ##
## Output variables. ##
## ----------------- ##

ARCH='x86_64-linux-gnu'
CC='gcc -std=gnu99'
CFITSIOINC=''
CFITSIOLIB=''
CFLAGS='-g -O2'
CPP='gcc -E'
CPPFLAGS=''
DEFS='-DHAVE_CONFIG_H'
ECHO_C=''
ECHO_N='-n'
ECHO_T=''
EGREP='/bin/grep -E'
EXEEXT=''
F77='gfortran'
FFLAGS='-g -O2 -I.'
FLEX='flex'
FLIBS=' -L/usr/lib/gcc/x86_64-redhat-linux/4.4.7 -L/usr/lib/gcc/x86_64-redhat-linux/4.4.7/../../../../lib64 -L/lib/../lib64 -L/usr/lib/../lib64 -L/usr/lib/gcc/x86_64-redhat-linux/4.4.7/../../.. -lgfortranbegin -lgfortran -lm'
GETWCSTAB=''
GREP='/bin/grep'
INSTALL_DATA='${INSTALL} -m 644'
INSTALL_PROGRAM='${INSTALL}'
INSTALL_SCRIPT='${INSTALL}'
INSTDIR='Fortran utils'
LDFLAGS=' -L/usr/local/lib'
LIBOBJS=''
LIBS='-lm '
LIBVER='4.13.3'
LN_S='ln -s'
LTLIBOBJS=''
OBJEXT='o'
PACKAGE_BUGREPORT='mcalabre@atnf.csiro.au'
PACKAGE_NAME='WCSLIB'
PACKAGE_STRING='WCSLIB 4.13.3'
PACKAGE_TARNAME='wcslib-4.13.3'
PACKAGE_VERSION='4.13.3'
PATH_SEPARATOR=':'
PGPLOTINC=''
PGPLOTLIB=''
RANLIB='ranlib'
SHELL='/bin/sh'
SHRFLAGS='-fPIC'
SHRLD='$(CC) $(SHRFLAGS) -shared -Wl,-h$(SONAME)'
SHRLIB='libwcs.so.4.13.3'
SHRLN='libwcs.so'
SHRSFX=''
SONAME='libwcs.so.4'
SUBDIRS='C Fortran utils'
TSTDIRS='C Fortran'
XMKMF=''
ac_ct_CC='gcc'
ac_ct_F77='gfortran'
bindir='${exec_prefix}/bin'
build='x86_64-unknown-linux-gnu'
build_alias=''
build_cpu='x86_64'
build_os='linux-gnu'
build_vendor='unknown'
datadir='${datarootdir}'
datarootdir='${prefix}/share'
docdir='${datarootdir}/doc/${PACKAGE_TARNAME}'
dvidir='${docdir}'
exec_prefix='${prefix}'
host_alias=''
htmldir='${docdir}'
includedir='${prefix}/include'
infodir='${datarootdir}/info'
libdir='${exec_prefix}/lib'
libexecdir='${exec_prefix}/libexec'
localedir='${datarootdir}/locale'
localstatedir='${prefix}/var'
mandir='${datarootdir}/man'
oldincludedir='/usr/include'
pdfdir='${docdir}'
prefix='/opt/apogee'
program_transform_name='s,x,x,'
psdir='${docdir}'
sbindir='${exec_prefix}/sbin'
sharedstatedir='${prefix}/com'
sysconfdir='${prefix}/etc'
target_alias=''

## ----------- ##
## confdefs.h. ##
## ----------- ##

#define PACKAGE_NAME "WCSLIB"
#define PACKAGE_TARNAME "wcslib-4.13.3"
#define PACKAGE_VERSION "4.13.3"
#define PACKAGE_STRING "WCSLIB 4.13.3"
#define PACKAGE_BUGREPORT "mcalabre@atnf.csiro.au"
#define WCSLIB_VERSION 4.13.3
#define STDC_HEADERS 1
#define HAVE_SYS_TYPES_H 1
#define HAVE_SYS_STAT_H 1
#define HAVE_STDLIB_H 1
#define HAVE_STRING_H 1
#define HAVE_MEMORY_H 1
#define HAVE_STRINGS_H 1
#define HAVE_INTTYPES_H 1
#define HAVE_STDINT_H 1
#define HAVE_UNISTD_H 1
#define STDC_HEADERS 1
#define HAVE_CTYPE_H 1
#define HAVE_ERRNO_H 1
#define HAVE_LIMITS_H 1
#define HAVE_MATH_H 1
#define HAVE_SETJMP_H 1
#define HAVE_STDARG_H 1
#define HAVE_STDIO_H 1
#define HAVE_STDLIB_H 1
#define HAVE_STRING_H 1
#define HAVE_LIBM 1
#define HAVE_FSEEKO 1
#define HAVE_STDLIB_H 1
#define HAVE_MALLOC 1
#define HAVE_STDLIB_H 1
#define HAVE_REALLOC 1
#define LSTAT_FOLLOWS_SLASHED_SYMLINK 1
#define HAVE_VPRINTF 1
#define HAVE_FLOOR 1
#define HAVE_MEMSET 1
#define HAVE_POW 1
#define HAVE_SQRT 1
#define HAVE_STRCHR 1
#define HAVE_STRSTR 1
#define HAVE_SINCOS 1
#define SIZEOF_INT 4
#define SIZEOF_LONG_INT 8
#define SIZEOF_LONG_LONG_INT 8
#define WCSLIB_INT64 long long int
#define MODZ "z"
#define F77_FUNC(name,NAME) name ## _
#define F77_FUNC_(name,NAME) name ## _
#define HAVE_UNISTD_H 1
#define HAVE_FSEEKO 1

configure: exit 0

## ---------------------- ##
## Running config.status. ##
## ---------------------- ##

This file was extended by WCSLIB config.status 4.13.3, which was
generated by GNU Autoconf 2.63.  Invocation command line was

  CONFIG_FILES    = 
  CONFIG_HEADERS  = 
  CONFIG_LINKS    = 
  CONFIG_COMMANDS = 
  $ ./config.status 

on centos67vm

config.status:795: creating makedefs
config.status:795: creating wcslib.pc
config.status:795: creating wcsconfig.h
config.status:795: creating wcsconfig_f77.h
config.status:1011: wcsconfig_f77.h is unchanged
config.status:795: creating wcsconfig_tests.h
config.status:795: creating wcsconfig_utils.h
config.status:1011: wcsconfig_utils.h is unchanged

## ---------------------- ##
## Running config.status. ##
## ---------------------- ##

This file was extended by WCSLIB config.status 4.13.3, which was
generated by GNU Autoconf 2.63.  Invocation command line was

  CONFIG_FILES    = 
  CONFIG_HEADERS  = 
  CONFIG_LINKS    = 
  CONFIG_COMMANDS = 
  $ ./config.status 

on centos67vm

config.status:795: creating makedefs
config.status:795: creating wcslib.pc
config.status:795: creating wcsconfig.h
config.status:795: creating wcsconfig_f77.h
config.status:795: creating wcsconfig_tests.h
config.status:1011: wcsconfig_tests.h is unchanged
config.status:795: creating wcsconfig_utils.h
config.status:1011: wcsconfig_utils.h is unchanged

## ---------------------- ##
## Running config.status. ##
## ---------------------- ##

This file was extended by WCSLIB config.status 4.13.3, which was
generated by GNU Autoconf 2.63.  Invocation command line was

  CONFIG_FILES    = 
  CONFIG_HEADERS  = 
  CONFIG_LINKS    = 
  CONFIG_COMMANDS = 
  $ ./config.status 

on centos67vm

config.status:795: creating makedefs
config.status:795: creating wcslib.pc
config.status:795: creating wcsconfig.h
config.status:795: creating wcsconfig_f77.h
config.status:1011: wcsconfig_f77.h is unchanged
config.status:795: creating wcsconfig_tests.h
config.status:1011: wcsconfig_tests.h is unchanged
config.status:795: creating wcsconfig_utils.h
