This is TeX, Version 3.14159 (Web2C 7.4.5) (format=latex 2007.11.29)  1 DEC 2008 21:56
**man
(./man.tex
LaTeX2e <2001/06/01>
Babel <v3.7h> and hyphenation patterns for american, french, german, ngerman, n
ohyphenation, loaded.
(/usr/share/texmf/tex/latex/base/report.cls
Document Class: report 2001/04/21 v1.4e Standard LaTeX document class
(/usr/share/texmf/tex/latex/base/size10.clo
File: size10.clo 2001/04/21 v1.4e Standard LaTeX file (size option)
)
\c@part=\count79
\c@chapter=\count80
\c@section=\count81
\c@subsection=\count82
\c@subsubsection=\count83
\c@paragraph=\count84
\c@subparagraph=\count85
\c@figure=\count86
\c@table=\count87
\abovecaptionskip=\skip41
\belowcaptionskip=\skip42
\bibindent=\dimen102
)
(/usr/share/texmf/tex/latex/base/makeidx.sty
Package: makeidx 2000/03/29 v1.0m Standard LaTeX package
)
(/usr/share/texmf/tex/generic/misc/epsf.tex
This is `epsf.tex' v2.7k <10 July 1997>
\epsffilein=\read1
\epsfframemargin=\dimen103
\epsfframethickness=\dimen104
\epsfrsize=\dimen105
\epsftmp=\dimen106
\epsftsize=\dimen107
\epsfxsize=\dimen108
\epsfysize=\dimen109
\pspoints=\dimen110
\epsfnoopenhelp=\toks14
) (/usr/share/texmf/tex/latex/html/html.sty
Package: html 1999/07/19 v1.38 hypertext commands for latex2html (nd, hws, rrm)

\c@lpart=\count88
\c@lchapter=\count89
\c@lsection=\count90
\c@lsubsection=\count91
\c@lsubsubsection=\count92
\c@lparagraph=\count93
\c@lsubparagraph=\count94
\c@lsubsubparagraph=\count95
\ptrfile=\write3
)
\@indexfile=\write4
\openout4 = `man.idx'.


Writing index file man.idx
(./man.aux (./refs.aux))
\openout1 = `man.aux'.

LaTeX Font Info:    Checking defaults for OML/cmm/m/it on input line 91.
LaTeX Font Info:    ... okay on input line 91.
LaTeX Font Info:    Checking defaults for T1/cmr/m/n on input line 91.
LaTeX Font Info:    ... okay on input line 91.
LaTeX Font Info:    Checking defaults for OT1/cmr/m/n on input line 91.
LaTeX Font Info:    ... okay on input line 91.
LaTeX Font Info:    Checking defaults for OMS/cmsy/m/n on input line 91.
LaTeX Font Info:    ... okay on input line 91.
LaTeX Font Info:    Checking defaults for OMX/cmex/m/n on input line 91.
LaTeX Font Info:    ... okay on input line 91.
LaTeX Font Info:    Checking defaults for U/cmr/m/n on input line 91.
LaTeX Font Info:    ... okay on input line 91.
LaTeX Font Info:    External font `cmex10' loaded for size
(Font)              <12> on input line 96.
LaTeX Font Info:    External font `cmex10' loaded for size
(Font)              <8> on input line 96.
LaTeX Font Info:    External font `cmex10' loaded for size
(Font)              <6> on input line 96.
 [1

] (./man.toc
LaTeX Font Info:    External font `cmex10' loaded for size
(Font)              <7> on input line 2.
LaTeX Font Info:    External font `cmex10' loaded for size
(Font)              <5> on input line 2.
 [1

])
\tf@toc=\write5
\openout5 = `man.toc'.

 [2]
Chapter 1.
[1


]
LaTeX Font Info:    Try loading font information for OMS+cmr on input line 190.

 (/usr/share/texmf/tex/latex/base/omscmr.fd
File: omscmr.fd 1999/05/25 v2.5h Standard LaTeX font definitions
)
LaTeX Font Info:    Font shape `OMS/cmr/m/n' in size <10> not available
(Font)              Font shape `OMS/cmsy/m/n' tried instead on input line 190.
 [2]
Overfull \hbox (0.8895pt too wide) in paragraph at lines 221--224
\OT1/cmr/m/n/10 pro-gram which is au-to-mat-i-cally started when the tele-scope
 con-trol suite (tcomm)
 []

[3]
Chapter 2.

Overfull \hbox (1.28781pt too wide) in paragraph at lines 285--290
\OT1/cmr/m/it/10 mand1m.apo.nmsu.edu:5901 tcomm@command1m.apo.nmsu.edu \OT1/cmr
/m/n/10 to open a chan-
 []

[4

] [5] [6]
Underfull \hbox (badness 10000) in paragraph at lines 406--418

 []

[7] [8] [9] [10]
Chapter 3.

Overfull \hbox (12.00064pt too wide) in paragraph at lines 565--573
\OT1/cmr/m/n/10 The up-per sec-tion of the sta-tus win-dow gives in-for-ma-tion
 about the tele-scope/dome
 []


Overfull \hbox (21.94513pt too wide) in paragraph at lines 574--576
[]\OT1/cmr/m/n/10 Other en-tries give the dome po-si-tion and sta-tus (ini-tial
-ized/unitialized, slaved/not
 []

[11

] [12] [13] [14] [15] [16]
Overfull \hbox (32.75066pt too wide) in paragraph at lines 932--946
 [][] 
 []


Overfull \hbox (2.61661pt too wide) in paragraph at lines 956--958
[]\OT1/cmr/m/n/10 Hold down the RIGHT Mouse but-
 []

[17] [18] [19] [20] [21]
Chapter 4.
[22

]
Appendix A.
(./commands.tex [23

] [24] [25]) [26]
Appendix B.
[27

]
Appendix C.
[28

]
Appendix D.
(./robotic.tex [29

] [30]) [31]
Appendix E.
[32

]
\openout2 = `refs.aux'.


No file refs.tex.
No file man.ind.
(./man.aux (./refs.aux)) ) 
Here is how much of TeX's memory you used:
 640 strings out of 95847
 7343 string characters out of 1195947
 54186 words of memory out of 1000001
 3614 multiletter control sequences out of 10000+50000
 9453 words of font info for 33 fonts, out of 500000 for 1000
 14 hyphenation exceptions out of 1000
 24i,7n,19p,191b,271s stack positions out of 1500i,500n,5000p,200000b,5000s

Output written on man.dvi (35 pages, 86712 bytes).
